Flow report for Nios_proc
Tue May 15 19:11:36 2018
Quartus II Version 11.0 Build 208 07/03/2011 Service Pack 1 SJ Web Edition


---------------------
; Table of Contents ;
---------------------
  1. Legal Notice
  2. Flow Summary
  3. Flow Settings
  4. Flow Non-Default Global Settings
  5. Flow Elapsed Time
  6. Flow OS Summary
  7. Flow Log



----------------
; Legal Notice ;
----------------
Copyright (C) 1991-2011 Altera Corporation
Your use of Altera Corporation's design tools, logic functions 
and other software and tools, and its AMPP partner logic 
functions, and any output files from any of the foregoing 
(including device programming or simulation files), and any 
associated documentation or information are expressly subject 
to the terms and conditions of the Altera Program License 
Subscription Agreement, Altera MegaCore Function License 
Agreement, or other applicable license agreement, including, 
without limitation, that your use is for the sole purpose of 
programming logic devices manufactured by Altera and sold by 
Altera or its authorized distributors.  Please refer to the 
applicable agreement for further details.



+------------------------------------------------------------------------------------+
; Flow Summary                                                                       ;
+------------------------------------+-----------------------------------------------+
; Flow Status                        ; Successful - Tue May 15 19:11:30 2018         ;
; Quartus II Version                 ; 11.0 Build 208 07/03/2011 SP 1 SJ Web Edition ;
; Revision Name                      ; Nios_proc                                     ;
; Top-level Entity Name              ; Nios_proc                                     ;
; Family                             ; Cyclone II                                    ;
; Device                             ; EP2C20F484C7                                  ;
; Timing Models                      ; Final                                         ;
; Total logic elements               ; 1,489 / 18,752 ( 8 % )                        ;
;     Total combinational functions  ; 1,425 / 18,752 ( 8 % )                        ;
;     Dedicated logic registers      ; 770 / 18,752 ( 4 % )                          ;
; Total registers                    ; 770                                           ;
; Total pins                         ; 4 / 315 ( 1 % )                               ;
; Total virtual pins                 ; 0                                             ;
; Total memory bits                  ; 141,312 / 239,616 ( 59 % )                    ;
; Embedded Multiplier 9-bit elements ; 0 / 52 ( 0 % )                                ;
; Total PLLs                         ; 0 / 4 ( 0 % )                                 ;
+------------------------------------+-----------------------------------------------+


+-----------------------------------------+
; Flow Settings                           ;
+-------------------+---------------------+
; Option            ; Setting             ;
+-------------------+---------------------+
; Start date & time ; 05/15/2018 19:10:17 ;
; Main task         ; Compilation         ;
; Revision Name     ; Nios_proc           ;
+-------------------+---------------------+


+------------------------------------------------------------------------------------------------------------------------+
; Flow Non-Default Global Settings                                                                                       ;
+-------------------------------------+---------------------------------------+---------------+-------------+------------+
; Assignment Name                     ; Value                                 ; Default Value ; Entity Name ; Section Id ;
+-------------------------------------+---------------------------------------+---------------+-------------+------------+
; COMPILER_SIGNATURE_ID               ; 127846691497816.152639701601312       ; --            ; --          ; --         ;
; MAX_CORE_JUNCTION_TEMP              ; 85                                    ; --            ; --          ; --         ;
; MIN_CORE_JUNCTION_TEMP              ; 0                                     ; --            ; --          ; --         ;
; PARTITION_COLOR                     ; 16764057                              ; --            ; --          ; Top        ;
; PARTITION_FITTER_PRESERVATION_LEVEL ; PLACEMENT_AND_ROUTING                 ; --            ; --          ; Top        ;
; PARTITION_NETLIST_TYPE              ; SOURCE                                ; --            ; --          ; Top        ;
; POWER_BOARD_THERMAL_MODEL           ; None (CONSERVATIVE)                   ; --            ; --          ; --         ;
; POWER_PRESET_COOLING_SOLUTION       ; 23 MM HEAT SINK WITH 200 LFPM AIRFLOW ; --            ; --          ; --         ;
+-------------------------------------+---------------------------------------+---------------+-------------+------------+


+-------------------------------------------------------------------------------------------------------------------------------+
; Flow Elapsed Time                                                                                                             ;
+---------------------------+--------------+-------------------------+---------------------+------------------------------------+
; Module Name               ; Elapsed Time ; Average Processors Used ; Peak Virtual Memory ; Total CPU Time (on all processors) ;
+---------------------------+--------------+-------------------------+---------------------+------------------------------------+
; Analysis & Synthesis      ; 00:00:59     ; 1.0                     ; 341 MB              ; 00:00:31                           ;
; Fitter                    ; 00:00:09     ; 1.0                     ; 345 MB              ; 00:00:07                           ;
; Assembler                 ; 00:00:03     ; 1.0                     ; 276 MB              ; 00:00:02                           ;
; TimeQuest Timing Analyzer ; 00:00:08     ; 1.0                     ; 263 MB              ; 00:00:02                           ;
; Total                     ; 00:01:19     ; --                      ; --                  ; 00:00:42                           ;
+---------------------------+--------------+-------------------------+---------------------+------------------------------------+


+----------------------------------------------------------------------------------------+
; Flow OS Summary                                                                        ;
+---------------------------+------------------+-----------+------------+----------------+
; Module Name               ; Machine Hostname ; OS Name   ; OS Version ; Processor type ;
+---------------------------+------------------+-----------+------------+----------------+
; Analysis & Synthesis      ; RGRTU-01         ; Windows 7 ; 6.1        ; x86_64         ;
; Fitter                    ; RGRTU-01         ; Windows 7 ; 6.1        ; x86_64         ;
; Assembler                 ; RGRTU-01         ; Windows 7 ; 6.1        ; x86_64         ;
; TimeQuest Timing Analyzer ; RGRTU-01         ; Windows 7 ; 6.1        ; x86_64         ;
+---------------------------+------------------+-----------+------------+----------------+


------------
; Flow Log ;
------------
quartus_map --read_settings_files=on --write_settings_files=off Nios_proc -c Nios_proc
quartus_fit --read_settings_files=off --write_settings_files=off Nios_proc -c Nios_proc
quartus_asm --read_settings_files=off --write_settings_files=off Nios_proc -c Nios_proc
quartus_sta Nios_proc -c Nios_proc



