Classic Timing Analyzer report for VGA_Timer
Thu May 26 14:24:31 2016
Quartus II Version 9.0 Build 235 06/17/2009 Service Pack 2 SJ Web Edition


---------------------
; Table of Contents ;
---------------------
  1. Legal Notice
  2. Timing Analyzer Summary
  3. Timing Analyzer Settings
  4. Clock Settings Summary
  5. Parallel Compilation
  6. Clock Setup: 'clk'
  7. tco
  8. Timing Analyzer Messages



----------------
; Legal Notice ;
----------------
Copyright (C) 1991-2009 Altera Corporation
Your use of Altera Corporation's design tools, logic functions 
and other software and tools, and its AMPP partner logic 
functions, and any output files from any of the foregoing 
(including device programming or simulation files), and any 
associated documentation or information are expressly subject 
to the terms and conditions of the Altera Program License 
Subscription Agreement, Altera MegaCore Function License 
Agreement, or other applicable license agreement, including, 
without limitation, that your use is for the sole purpose of 
programming logic devices manufactured by Altera and sold by 
Altera or its authorized distributors.  Please refer to the 
applicable agreement for further details.



+-------------------------------------------------------------------------------------------------------------------------------------------------------------+
; Timing Analyzer Summary                                                                                                                                     ;
+------------------------------+-------+---------------+----------------------------------+----------------+-----------+------------+----------+--------------+
; Type                         ; Slack ; Required Time ; Actual Time                      ; From           ; To        ; From Clock ; To Clock ; Failed Paths ;
+------------------------------+-------+---------------+----------------------------------+----------------+-----------+------------+----------+--------------+
; Worst-case tco               ; N/A   ; None          ; 9.321 ns                         ; column[0]~reg0 ; column[0] ; clk        ; --       ; 0            ;
; Clock Setup: 'clk'           ; N/A   ; None          ; 156.45 MHz ( period = 6.392 ns ) ; hcount[5]      ; vcount[3] ; clk        ; clk      ; 0            ;
; Total number of failed paths ;       ;               ;                                  ;                ;           ;            ;          ; 0            ;
+------------------------------+-------+---------------+----------------------------------+----------------+-----------+------------+----------+--------------+


+--------------------------------------------------------------------------------------------------------------------+
; Timing Analyzer Settings                                                                                           ;
+---------------------------------------------------------------------+--------------------+------+----+-------------+
; Option                                                              ; Setting            ; From ; To ; Entity Name ;
+---------------------------------------------------------------------+--------------------+------+----+-------------+
; Device Name                                                         ; EP2C20F484C7       ;      ;    ;             ;
; Timing Models                                                       ; Final              ;      ;    ;             ;
; Default hold multicycle                                             ; Same as Multicycle ;      ;    ;             ;
; Cut paths between unrelated clock domains                           ; On                 ;      ;    ;             ;
; Cut off read during write signal paths                              ; On                 ;      ;    ;             ;
; Cut off feedback from I/O pins                                      ; On                 ;      ;    ;             ;
; Report Combined Fast/Slow Timing                                    ; Off                ;      ;    ;             ;
; Ignore Clock Settings                                               ; Off                ;      ;    ;             ;
; Analyze latches as synchronous elements                             ; On                 ;      ;    ;             ;
; Enable Recovery/Removal analysis                                    ; Off                ;      ;    ;             ;
; Enable Clock Latency                                                ; Off                ;      ;    ;             ;
; Use TimeQuest Timing Analyzer                                       ; Off                ;      ;    ;             ;
; Minimum Core Junction Temperature                                   ; 0                  ;      ;    ;             ;
; Maximum Core Junction Temperature                                   ; 85                 ;      ;    ;             ;
; Number of source nodes to report per destination node               ; 10                 ;      ;    ;             ;
; Number of destination nodes to report                               ; 10                 ;      ;    ;             ;
; Number of paths to report                                           ; 200                ;      ;    ;             ;
; Report Minimum Timing Checks                                        ; Off                ;      ;    ;             ;
; Use Fast Timing Models                                              ; Off                ;      ;    ;             ;
; Report IO Paths Separately                                          ; Off                ;      ;    ;             ;
; Perform Multicorner Analysis                                        ; On                 ;      ;    ;             ;
; Reports the worst-case path for each clock domain and analysis      ; Off                ;      ;    ;             ;
; Removes common clock path pessimism (CCPP) during slack computation ; Off                ;      ;    ;             ;
; Output I/O Timing Endpoint                                          ; Near End           ;      ;    ;             ;
+---------------------------------------------------------------------+--------------------+------+----+-------------+


+------------------------------------------------------------------------------------------------------------------------------------------------------------------------------------+
; Clock Settings Summary                                                                                                                                                             ;
+-----------------+--------------------+----------+------------------+---------------+--------------+----------+-----------------------+---------------------+--------+--------------+
; Clock Node Name ; Clock Setting Name ; Type     ; Fmax Requirement ; Early Latency ; Late Latency ; Based on ; Multiply Base Fmax by ; Divide Base Fmax by ; Offset ; Phase offset ;
+-----------------+--------------------+----------+------------------+---------------+--------------+----------+-----------------------+---------------------+--------+--------------+
; clk             ;                    ; User Pin ; None             ; 0.000 ns      ; 0.000 ns     ; --       ; N/A                   ; N/A                 ; N/A    ;              ;
+-----------------+--------------------+----------+------------------+---------------+--------------+----------+-----------------------+---------------------+--------+--------------+


Parallel compilation was disabled, but you have multiple processors available. Enable parallel compilation to reduce compilation time.
+-------------------------------------+
; Parallel Compilation                ;
+----------------------------+--------+
; Processors                 ; Number ;
+----------------------------+--------+
; Number detected on machine ; 4      ;
; Maximum allowed            ; 1      ;
+----------------------------+--------+


+-----------------------------------------------------------------------------------------------------------------------------------------------------------------------------------------------------------------------------------------+
; Clock Setup: 'clk'                                                                                                                                                                                                                      ;
+-----------------------------------------+-----------------------------------------------------+------------+----------------+------------+----------+-----------------------------+---------------------------+-------------------------+
; Slack                                   ; Actual fmax (period)                                ; From       ; To             ; From Clock ; To Clock ; Required Setup Relationship ; Required Longest P2P Time ; Actual Longest P2P Time ;
+-----------------------------------------+-----------------------------------------------------+------------+----------------+------------+----------+-----------------------------+---------------------------+-------------------------+
; N/A                                     ; 156.45 MHz ( period = 6.392 ns )                    ; hcount[5]  ; vcount[2]      ; clk        ; clk      ; None                        ; None                      ; 6.155 ns                ;
; N/A                                     ; 156.45 MHz ( period = 6.392 ns )                    ; hcount[5]  ; vcount[3]      ; clk        ; clk      ; None                        ; None                      ; 6.155 ns                ;
; N/A                                     ; 156.72 MHz ( period = 6.381 ns )                    ; hcount[5]  ; vcount[0]      ; clk        ; clk      ; None                        ; None                      ; 6.143 ns                ;
; N/A                                     ; 156.72 MHz ( period = 6.381 ns )                    ; hcount[5]  ; vcount[1]      ; clk        ; clk      ; None                        ; None                      ; 6.143 ns                ;
; N/A                                     ; 156.72 MHz ( period = 6.381 ns )                    ; hcount[5]  ; vcount[10]     ; clk        ; clk      ; None                        ; None                      ; 6.143 ns                ;
; N/A                                     ; 156.72 MHz ( period = 6.381 ns )                    ; hcount[5]  ; vcount[5]      ; clk        ; clk      ; None                        ; None                      ; 6.143 ns                ;
; N/A                                     ; 156.72 MHz ( period = 6.381 ns )                    ; hcount[5]  ; vcount[4]      ; clk        ; clk      ; None                        ; None                      ; 6.143 ns                ;
; N/A                                     ; 156.72 MHz ( period = 6.381 ns )                    ; hcount[5]  ; vcount[8]      ; clk        ; clk      ; None                        ; None                      ; 6.143 ns                ;
; N/A                                     ; 156.72 MHz ( period = 6.381 ns )                    ; hcount[5]  ; vcount[7]      ; clk        ; clk      ; None                        ; None                      ; 6.143 ns                ;
; N/A                                     ; 156.72 MHz ( period = 6.381 ns )                    ; hcount[5]  ; vcount[6]      ; clk        ; clk      ; None                        ; None                      ; 6.143 ns                ;
; N/A                                     ; 156.72 MHz ( period = 6.381 ns )                    ; hcount[5]  ; vcount[9]      ; clk        ; clk      ; None                        ; None                      ; 6.143 ns                ;
; N/A                                     ; 159.67 MHz ( period = 6.263 ns )                    ; hcount[0]  ; vcount[2]      ; clk        ; clk      ; None                        ; None                      ; 6.027 ns                ;
; N/A                                     ; 159.67 MHz ( period = 6.263 ns )                    ; hcount[0]  ; vcount[3]      ; clk        ; clk      ; None                        ; None                      ; 6.027 ns                ;
; N/A                                     ; 159.95 MHz ( period = 6.252 ns )                    ; hcount[0]  ; vcount[0]      ; clk        ; clk      ; None                        ; None                      ; 6.015 ns                ;
; N/A                                     ; 159.95 MHz ( period = 6.252 ns )                    ; hcount[0]  ; vcount[1]      ; clk        ; clk      ; None                        ; None                      ; 6.015 ns                ;
; N/A                                     ; 159.95 MHz ( period = 6.252 ns )                    ; hcount[0]  ; vcount[10]     ; clk        ; clk      ; None                        ; None                      ; 6.015 ns                ;
; N/A                                     ; 159.95 MHz ( period = 6.252 ns )                    ; hcount[0]  ; vcount[5]      ; clk        ; clk      ; None                        ; None                      ; 6.015 ns                ;
; N/A                                     ; 159.95 MHz ( period = 6.252 ns )                    ; hcount[0]  ; vcount[4]      ; clk        ; clk      ; None                        ; None                      ; 6.015 ns                ;
; N/A                                     ; 159.95 MHz ( period = 6.252 ns )                    ; hcount[0]  ; vcount[8]      ; clk        ; clk      ; None                        ; None                      ; 6.015 ns                ;
; N/A                                     ; 159.95 MHz ( period = 6.252 ns )                    ; hcount[0]  ; vcount[7]      ; clk        ; clk      ; None                        ; None                      ; 6.015 ns                ;
; N/A                                     ; 159.95 MHz ( period = 6.252 ns )                    ; hcount[0]  ; vcount[6]      ; clk        ; clk      ; None                        ; None                      ; 6.015 ns                ;
; N/A                                     ; 159.95 MHz ( period = 6.252 ns )                    ; hcount[0]  ; vcount[9]      ; clk        ; clk      ; None                        ; None                      ; 6.015 ns                ;
; N/A                                     ; 160.62 MHz ( period = 6.226 ns )                    ; hcount[8]  ; vcount[2]      ; clk        ; clk      ; None                        ; None                      ; 5.990 ns                ;
; N/A                                     ; 160.62 MHz ( period = 6.226 ns )                    ; hcount[8]  ; vcount[3]      ; clk        ; clk      ; None                        ; None                      ; 5.990 ns                ;
; N/A                                     ; 160.67 MHz ( period = 6.224 ns )                    ; hcount[6]  ; vcount[2]      ; clk        ; clk      ; None                        ; None                      ; 5.987 ns                ;
; N/A                                     ; 160.67 MHz ( period = 6.224 ns )                    ; hcount[6]  ; vcount[3]      ; clk        ; clk      ; None                        ; None                      ; 5.987 ns                ;
; N/A                                     ; 160.90 MHz ( period = 6.215 ns )                    ; hcount[8]  ; vcount[0]      ; clk        ; clk      ; None                        ; None                      ; 5.978 ns                ;
; N/A                                     ; 160.90 MHz ( period = 6.215 ns )                    ; hcount[8]  ; vcount[1]      ; clk        ; clk      ; None                        ; None                      ; 5.978 ns                ;
; N/A                                     ; 160.90 MHz ( period = 6.215 ns )                    ; hcount[8]  ; vcount[10]     ; clk        ; clk      ; None                        ; None                      ; 5.978 ns                ;
; N/A                                     ; 160.90 MHz ( period = 6.215 ns )                    ; hcount[8]  ; vcount[5]      ; clk        ; clk      ; None                        ; None                      ; 5.978 ns                ;
; N/A                                     ; 160.90 MHz ( period = 6.215 ns )                    ; hcount[8]  ; vcount[4]      ; clk        ; clk      ; None                        ; None                      ; 5.978 ns                ;
; N/A                                     ; 160.90 MHz ( period = 6.215 ns )                    ; hcount[8]  ; vcount[8]      ; clk        ; clk      ; None                        ; None                      ; 5.978 ns                ;
; N/A                                     ; 160.90 MHz ( period = 6.215 ns )                    ; hcount[8]  ; vcount[7]      ; clk        ; clk      ; None                        ; None                      ; 5.978 ns                ;
; N/A                                     ; 160.90 MHz ( period = 6.215 ns )                    ; hcount[8]  ; vcount[6]      ; clk        ; clk      ; None                        ; None                      ; 5.978 ns                ;
; N/A                                     ; 160.90 MHz ( period = 6.215 ns )                    ; hcount[8]  ; vcount[9]      ; clk        ; clk      ; None                        ; None                      ; 5.978 ns                ;
; N/A                                     ; 160.95 MHz ( period = 6.213 ns )                    ; hcount[6]  ; vcount[0]      ; clk        ; clk      ; None                        ; None                      ; 5.975 ns                ;
; N/A                                     ; 160.95 MHz ( period = 6.213 ns )                    ; hcount[6]  ; vcount[1]      ; clk        ; clk      ; None                        ; None                      ; 5.975 ns                ;
; N/A                                     ; 160.95 MHz ( period = 6.213 ns )                    ; hcount[6]  ; vcount[10]     ; clk        ; clk      ; None                        ; None                      ; 5.975 ns                ;
; N/A                                     ; 160.95 MHz ( period = 6.213 ns )                    ; hcount[6]  ; vcount[5]      ; clk        ; clk      ; None                        ; None                      ; 5.975 ns                ;
; N/A                                     ; 160.95 MHz ( period = 6.213 ns )                    ; hcount[6]  ; vcount[4]      ; clk        ; clk      ; None                        ; None                      ; 5.975 ns                ;
; N/A                                     ; 160.95 MHz ( period = 6.213 ns )                    ; hcount[6]  ; vcount[8]      ; clk        ; clk      ; None                        ; None                      ; 5.975 ns                ;
; N/A                                     ; 160.95 MHz ( period = 6.213 ns )                    ; hcount[6]  ; vcount[7]      ; clk        ; clk      ; None                        ; None                      ; 5.975 ns                ;
; N/A                                     ; 160.95 MHz ( period = 6.213 ns )                    ; hcount[6]  ; vcount[6]      ; clk        ; clk      ; None                        ; None                      ; 5.975 ns                ;
; N/A                                     ; 160.95 MHz ( period = 6.213 ns )                    ; hcount[6]  ; vcount[9]      ; clk        ; clk      ; None                        ; None                      ; 5.975 ns                ;
; N/A                                     ; 161.26 MHz ( period = 6.201 ns )                    ; hcount[1]  ; vcount[2]      ; clk        ; clk      ; None                        ; None                      ; 5.965 ns                ;
; N/A                                     ; 161.26 MHz ( period = 6.201 ns )                    ; hcount[1]  ; vcount[3]      ; clk        ; clk      ; None                        ; None                      ; 5.965 ns                ;
; N/A                                     ; 161.55 MHz ( period = 6.190 ns )                    ; hcount[1]  ; vcount[0]      ; clk        ; clk      ; None                        ; None                      ; 5.953 ns                ;
; N/A                                     ; 161.55 MHz ( period = 6.190 ns )                    ; hcount[1]  ; vcount[1]      ; clk        ; clk      ; None                        ; None                      ; 5.953 ns                ;
; N/A                                     ; 161.55 MHz ( period = 6.190 ns )                    ; hcount[1]  ; vcount[10]     ; clk        ; clk      ; None                        ; None                      ; 5.953 ns                ;
; N/A                                     ; 161.55 MHz ( period = 6.190 ns )                    ; hcount[1]  ; vcount[5]      ; clk        ; clk      ; None                        ; None                      ; 5.953 ns                ;
; N/A                                     ; 161.55 MHz ( period = 6.190 ns )                    ; hcount[1]  ; vcount[4]      ; clk        ; clk      ; None                        ; None                      ; 5.953 ns                ;
; N/A                                     ; 161.55 MHz ( period = 6.190 ns )                    ; hcount[1]  ; vcount[8]      ; clk        ; clk      ; None                        ; None                      ; 5.953 ns                ;
; N/A                                     ; 161.55 MHz ( period = 6.190 ns )                    ; hcount[1]  ; vcount[7]      ; clk        ; clk      ; None                        ; None                      ; 5.953 ns                ;
; N/A                                     ; 161.55 MHz ( period = 6.190 ns )                    ; hcount[1]  ; vcount[6]      ; clk        ; clk      ; None                        ; None                      ; 5.953 ns                ;
; N/A                                     ; 161.55 MHz ( period = 6.190 ns )                    ; hcount[1]  ; vcount[9]      ; clk        ; clk      ; None                        ; None                      ; 5.953 ns                ;
; N/A                                     ; 163.75 MHz ( period = 6.107 ns )                    ; hcount[2]  ; vcount[2]      ; clk        ; clk      ; None                        ; None                      ; 5.871 ns                ;
; N/A                                     ; 163.75 MHz ( period = 6.107 ns )                    ; hcount[2]  ; vcount[3]      ; clk        ; clk      ; None                        ; None                      ; 5.871 ns                ;
; N/A                                     ; 164.04 MHz ( period = 6.096 ns )                    ; hcount[2]  ; vcount[0]      ; clk        ; clk      ; None                        ; None                      ; 5.859 ns                ;
; N/A                                     ; 164.04 MHz ( period = 6.096 ns )                    ; hcount[2]  ; vcount[1]      ; clk        ; clk      ; None                        ; None                      ; 5.859 ns                ;
; N/A                                     ; 164.04 MHz ( period = 6.096 ns )                    ; hcount[2]  ; vcount[10]     ; clk        ; clk      ; None                        ; None                      ; 5.859 ns                ;
; N/A                                     ; 164.04 MHz ( period = 6.096 ns )                    ; hcount[2]  ; vcount[5]      ; clk        ; clk      ; None                        ; None                      ; 5.859 ns                ;
; N/A                                     ; 164.04 MHz ( period = 6.096 ns )                    ; hcount[2]  ; vcount[4]      ; clk        ; clk      ; None                        ; None                      ; 5.859 ns                ;
; N/A                                     ; 164.04 MHz ( period = 6.096 ns )                    ; hcount[2]  ; vcount[8]      ; clk        ; clk      ; None                        ; None                      ; 5.859 ns                ;
; N/A                                     ; 164.04 MHz ( period = 6.096 ns )                    ; hcount[2]  ; vcount[7]      ; clk        ; clk      ; None                        ; None                      ; 5.859 ns                ;
; N/A                                     ; 164.04 MHz ( period = 6.096 ns )                    ; hcount[2]  ; vcount[6]      ; clk        ; clk      ; None                        ; None                      ; 5.859 ns                ;
; N/A                                     ; 164.04 MHz ( period = 6.096 ns )                    ; hcount[2]  ; vcount[9]      ; clk        ; clk      ; None                        ; None                      ; 5.859 ns                ;
; N/A                                     ; 164.31 MHz ( period = 6.086 ns )                    ; hcount[3]  ; vcount[2]      ; clk        ; clk      ; None                        ; None                      ; 5.850 ns                ;
; N/A                                     ; 164.31 MHz ( period = 6.086 ns )                    ; hcount[3]  ; vcount[3]      ; clk        ; clk      ; None                        ; None                      ; 5.850 ns                ;
; N/A                                     ; 164.61 MHz ( period = 6.075 ns )                    ; hcount[3]  ; vcount[0]      ; clk        ; clk      ; None                        ; None                      ; 5.838 ns                ;
; N/A                                     ; 164.61 MHz ( period = 6.075 ns )                    ; hcount[3]  ; vcount[1]      ; clk        ; clk      ; None                        ; None                      ; 5.838 ns                ;
; N/A                                     ; 164.61 MHz ( period = 6.075 ns )                    ; hcount[3]  ; vcount[10]     ; clk        ; clk      ; None                        ; None                      ; 5.838 ns                ;
; N/A                                     ; 164.61 MHz ( period = 6.075 ns )                    ; hcount[3]  ; vcount[5]      ; clk        ; clk      ; None                        ; None                      ; 5.838 ns                ;
; N/A                                     ; 164.61 MHz ( period = 6.075 ns )                    ; hcount[3]  ; vcount[4]      ; clk        ; clk      ; None                        ; None                      ; 5.838 ns                ;
; N/A                                     ; 164.61 MHz ( period = 6.075 ns )                    ; hcount[3]  ; vcount[8]      ; clk        ; clk      ; None                        ; None                      ; 5.838 ns                ;
; N/A                                     ; 164.61 MHz ( period = 6.075 ns )                    ; hcount[3]  ; vcount[7]      ; clk        ; clk      ; None                        ; None                      ; 5.838 ns                ;
; N/A                                     ; 164.61 MHz ( period = 6.075 ns )                    ; hcount[3]  ; vcount[6]      ; clk        ; clk      ; None                        ; None                      ; 5.838 ns                ;
; N/A                                     ; 164.61 MHz ( period = 6.075 ns )                    ; hcount[3]  ; vcount[9]      ; clk        ; clk      ; None                        ; None                      ; 5.838 ns                ;
; N/A                                     ; 166.20 MHz ( period = 6.017 ns )                    ; hcount[7]  ; vcount[2]      ; clk        ; clk      ; None                        ; None                      ; 5.781 ns                ;
; N/A                                     ; 166.20 MHz ( period = 6.017 ns )                    ; hcount[7]  ; vcount[3]      ; clk        ; clk      ; None                        ; None                      ; 5.781 ns                ;
; N/A                                     ; 166.50 MHz ( period = 6.006 ns )                    ; hcount[7]  ; vcount[0]      ; clk        ; clk      ; None                        ; None                      ; 5.769 ns                ;
; N/A                                     ; 166.50 MHz ( period = 6.006 ns )                    ; hcount[7]  ; vcount[1]      ; clk        ; clk      ; None                        ; None                      ; 5.769 ns                ;
; N/A                                     ; 166.50 MHz ( period = 6.006 ns )                    ; hcount[7]  ; vcount[10]     ; clk        ; clk      ; None                        ; None                      ; 5.769 ns                ;
; N/A                                     ; 166.50 MHz ( period = 6.006 ns )                    ; hcount[7]  ; vcount[5]      ; clk        ; clk      ; None                        ; None                      ; 5.769 ns                ;
; N/A                                     ; 166.50 MHz ( period = 6.006 ns )                    ; hcount[7]  ; vcount[4]      ; clk        ; clk      ; None                        ; None                      ; 5.769 ns                ;
; N/A                                     ; 166.50 MHz ( period = 6.006 ns )                    ; hcount[7]  ; vcount[8]      ; clk        ; clk      ; None                        ; None                      ; 5.769 ns                ;
; N/A                                     ; 166.50 MHz ( period = 6.006 ns )                    ; hcount[7]  ; vcount[7]      ; clk        ; clk      ; None                        ; None                      ; 5.769 ns                ;
; N/A                                     ; 166.50 MHz ( period = 6.006 ns )                    ; hcount[7]  ; vcount[6]      ; clk        ; clk      ; None                        ; None                      ; 5.769 ns                ;
; N/A                                     ; 166.50 MHz ( period = 6.006 ns )                    ; hcount[7]  ; vcount[9]      ; clk        ; clk      ; None                        ; None                      ; 5.769 ns                ;
; N/A                                     ; 166.92 MHz ( period = 5.991 ns )                    ; hcount[4]  ; vcount[2]      ; clk        ; clk      ; None                        ; None                      ; 5.755 ns                ;
; N/A                                     ; 166.92 MHz ( period = 5.991 ns )                    ; hcount[4]  ; vcount[3]      ; clk        ; clk      ; None                        ; None                      ; 5.755 ns                ;
; N/A                                     ; 167.22 MHz ( period = 5.980 ns )                    ; hcount[4]  ; vcount[0]      ; clk        ; clk      ; None                        ; None                      ; 5.743 ns                ;
; N/A                                     ; 167.22 MHz ( period = 5.980 ns )                    ; hcount[4]  ; vcount[1]      ; clk        ; clk      ; None                        ; None                      ; 5.743 ns                ;
; N/A                                     ; 167.22 MHz ( period = 5.980 ns )                    ; hcount[4]  ; vcount[10]     ; clk        ; clk      ; None                        ; None                      ; 5.743 ns                ;
; N/A                                     ; 167.22 MHz ( period = 5.980 ns )                    ; hcount[4]  ; vcount[5]      ; clk        ; clk      ; None                        ; None                      ; 5.743 ns                ;
; N/A                                     ; 167.22 MHz ( period = 5.980 ns )                    ; hcount[4]  ; vcount[4]      ; clk        ; clk      ; None                        ; None                      ; 5.743 ns                ;
; N/A                                     ; 167.22 MHz ( period = 5.980 ns )                    ; hcount[4]  ; vcount[8]      ; clk        ; clk      ; None                        ; None                      ; 5.743 ns                ;
; N/A                                     ; 167.22 MHz ( period = 5.980 ns )                    ; hcount[4]  ; vcount[7]      ; clk        ; clk      ; None                        ; None                      ; 5.743 ns                ;
; N/A                                     ; 167.22 MHz ( period = 5.980 ns )                    ; hcount[4]  ; vcount[6]      ; clk        ; clk      ; None                        ; None                      ; 5.743 ns                ;
; N/A                                     ; 167.22 MHz ( period = 5.980 ns )                    ; hcount[4]  ; vcount[9]      ; clk        ; clk      ; None                        ; None                      ; 5.743 ns                ;
; N/A                                     ; 168.75 MHz ( period = 5.926 ns )                    ; hcount[9]  ; vcount[2]      ; clk        ; clk      ; None                        ; None                      ; 5.690 ns                ;
; N/A                                     ; 168.75 MHz ( period = 5.926 ns )                    ; hcount[9]  ; vcount[3]      ; clk        ; clk      ; None                        ; None                      ; 5.690 ns                ;
; N/A                                     ; 169.06 MHz ( period = 5.915 ns )                    ; hcount[9]  ; vcount[0]      ; clk        ; clk      ; None                        ; None                      ; 5.678 ns                ;
; N/A                                     ; 169.06 MHz ( period = 5.915 ns )                    ; hcount[9]  ; vcount[1]      ; clk        ; clk      ; None                        ; None                      ; 5.678 ns                ;
; N/A                                     ; 169.06 MHz ( period = 5.915 ns )                    ; hcount[9]  ; vcount[10]     ; clk        ; clk      ; None                        ; None                      ; 5.678 ns                ;
; N/A                                     ; 169.06 MHz ( period = 5.915 ns )                    ; hcount[9]  ; vcount[5]      ; clk        ; clk      ; None                        ; None                      ; 5.678 ns                ;
; N/A                                     ; 169.06 MHz ( period = 5.915 ns )                    ; hcount[9]  ; vcount[4]      ; clk        ; clk      ; None                        ; None                      ; 5.678 ns                ;
; N/A                                     ; 169.06 MHz ( period = 5.915 ns )                    ; hcount[9]  ; vcount[8]      ; clk        ; clk      ; None                        ; None                      ; 5.678 ns                ;
; N/A                                     ; 169.06 MHz ( period = 5.915 ns )                    ; hcount[9]  ; vcount[7]      ; clk        ; clk      ; None                        ; None                      ; 5.678 ns                ;
; N/A                                     ; 169.06 MHz ( period = 5.915 ns )                    ; hcount[9]  ; vcount[6]      ; clk        ; clk      ; None                        ; None                      ; 5.678 ns                ;
; N/A                                     ; 169.06 MHz ( period = 5.915 ns )                    ; hcount[9]  ; vcount[9]      ; clk        ; clk      ; None                        ; None                      ; 5.678 ns                ;
; N/A                                     ; 169.41 MHz ( period = 5.903 ns )                    ; hcount[10] ; vcount[2]      ; clk        ; clk      ; None                        ; None                      ; 5.665 ns                ;
; N/A                                     ; 169.41 MHz ( period = 5.903 ns )                    ; hcount[10] ; vcount[3]      ; clk        ; clk      ; None                        ; None                      ; 5.665 ns                ;
; N/A                                     ; 169.72 MHz ( period = 5.892 ns )                    ; hcount[10] ; vcount[0]      ; clk        ; clk      ; None                        ; None                      ; 5.653 ns                ;
; N/A                                     ; 169.72 MHz ( period = 5.892 ns )                    ; hcount[10] ; vcount[1]      ; clk        ; clk      ; None                        ; None                      ; 5.653 ns                ;
; N/A                                     ; 169.72 MHz ( period = 5.892 ns )                    ; hcount[10] ; vcount[10]     ; clk        ; clk      ; None                        ; None                      ; 5.653 ns                ;
; N/A                                     ; 169.72 MHz ( period = 5.892 ns )                    ; hcount[10] ; vcount[5]      ; clk        ; clk      ; None                        ; None                      ; 5.653 ns                ;
; N/A                                     ; 169.72 MHz ( period = 5.892 ns )                    ; hcount[10] ; vcount[4]      ; clk        ; clk      ; None                        ; None                      ; 5.653 ns                ;
; N/A                                     ; 169.72 MHz ( period = 5.892 ns )                    ; hcount[10] ; vcount[8]      ; clk        ; clk      ; None                        ; None                      ; 5.653 ns                ;
; N/A                                     ; 169.72 MHz ( period = 5.892 ns )                    ; hcount[10] ; vcount[7]      ; clk        ; clk      ; None                        ; None                      ; 5.653 ns                ;
; N/A                                     ; 169.72 MHz ( period = 5.892 ns )                    ; hcount[10] ; vcount[6]      ; clk        ; clk      ; None                        ; None                      ; 5.653 ns                ;
; N/A                                     ; 169.72 MHz ( period = 5.892 ns )                    ; hcount[10] ; vcount[9]      ; clk        ; clk      ; None                        ; None                      ; 5.653 ns                ;
; N/A                                     ; 178.03 MHz ( period = 5.617 ns )                    ; hcount[5]  ; hcount[4]      ; clk        ; clk      ; None                        ; None                      ; 5.377 ns                ;
; N/A                                     ; 178.06 MHz ( period = 5.616 ns )                    ; hcount[5]  ; hcount[1]      ; clk        ; clk      ; None                        ; None                      ; 5.376 ns                ;
; N/A                                     ; 182.22 MHz ( period = 5.488 ns )                    ; hcount[0]  ; hcount[4]      ; clk        ; clk      ; None                        ; None                      ; 5.249 ns                ;
; N/A                                     ; 182.25 MHz ( period = 5.487 ns )                    ; hcount[0]  ; hcount[1]      ; clk        ; clk      ; None                        ; None                      ; 5.248 ns                ;
; N/A                                     ; 183.45 MHz ( period = 5.451 ns )                    ; hcount[8]  ; hcount[4]      ; clk        ; clk      ; None                        ; None                      ; 5.212 ns                ;
; N/A                                     ; 183.49 MHz ( period = 5.450 ns )                    ; hcount[8]  ; hcount[1]      ; clk        ; clk      ; None                        ; None                      ; 5.211 ns                ;
; N/A                                     ; 183.52 MHz ( period = 5.449 ns )                    ; hcount[6]  ; hcount[4]      ; clk        ; clk      ; None                        ; None                      ; 5.209 ns                ;
; N/A                                     ; 183.55 MHz ( period = 5.448 ns )                    ; hcount[6]  ; hcount[1]      ; clk        ; clk      ; None                        ; None                      ; 5.208 ns                ;
; N/A                                     ; 184.30 MHz ( period = 5.426 ns )                    ; hcount[1]  ; hcount[4]      ; clk        ; clk      ; None                        ; None                      ; 5.187 ns                ;
; N/A                                     ; 184.33 MHz ( period = 5.425 ns )                    ; hcount[1]  ; hcount[1]      ; clk        ; clk      ; None                        ; None                      ; 5.186 ns                ;
; N/A                                     ; 187.55 MHz ( period = 5.332 ns )                    ; hcount[2]  ; hcount[4]      ; clk        ; clk      ; None                        ; None                      ; 5.093 ns                ;
; N/A                                     ; 187.58 MHz ( period = 5.331 ns )                    ; hcount[2]  ; hcount[1]      ; clk        ; clk      ; None                        ; None                      ; 5.092 ns                ;
; N/A                                     ; 188.29 MHz ( period = 5.311 ns )                    ; hcount[3]  ; hcount[4]      ; clk        ; clk      ; None                        ; None                      ; 5.072 ns                ;
; N/A                                     ; 188.32 MHz ( period = 5.310 ns )                    ; hcount[3]  ; hcount[1]      ; clk        ; clk      ; None                        ; None                      ; 5.071 ns                ;
; N/A                                     ; 190.77 MHz ( period = 5.242 ns )                    ; hcount[7]  ; hcount[4]      ; clk        ; clk      ; None                        ; None                      ; 5.003 ns                ;
; N/A                                     ; 190.80 MHz ( period = 5.241 ns )                    ; hcount[7]  ; hcount[1]      ; clk        ; clk      ; None                        ; None                      ; 5.002 ns                ;
; N/A                                     ; 191.72 MHz ( period = 5.216 ns )                    ; hcount[4]  ; hcount[4]      ; clk        ; clk      ; None                        ; None                      ; 4.977 ns                ;
; N/A                                     ; 191.75 MHz ( period = 5.215 ns )                    ; hcount[4]  ; hcount[1]      ; clk        ; clk      ; None                        ; None                      ; 4.976 ns                ;
; N/A                                     ; 194.14 MHz ( period = 5.151 ns )                    ; hcount[9]  ; hcount[4]      ; clk        ; clk      ; None                        ; None                      ; 4.912 ns                ;
; N/A                                     ; 194.17 MHz ( period = 5.150 ns )                    ; hcount[9]  ; hcount[1]      ; clk        ; clk      ; None                        ; None                      ; 4.911 ns                ;
; N/A                                     ; 195.01 MHz ( period = 5.128 ns )                    ; hcount[10] ; hcount[4]      ; clk        ; clk      ; None                        ; None                      ; 4.887 ns                ;
; N/A                                     ; 195.05 MHz ( period = 5.127 ns )                    ; hcount[10] ; hcount[1]      ; clk        ; clk      ; None                        ; None                      ; 4.886 ns                ;
; N/A                                     ; 205.68 MHz ( period = 4.862 ns )                    ; hcount[0]  ; hcount[2]      ; clk        ; clk      ; None                        ; None                      ; 4.623 ns                ;
; N/A                                     ; 208.33 MHz ( period = 4.800 ns )                    ; hcount[1]  ; hcount[2]      ; clk        ; clk      ; None                        ; None                      ; 4.561 ns                ;
; N/A                                     ; 219.97 MHz ( period = 4.546 ns )                    ; hcount[5]  ; hcount[2]      ; clk        ; clk      ; None                        ; None                      ; 4.306 ns                ;
; N/A                                     ; 227.48 MHz ( period = 4.396 ns )                    ; hcount[5]  ; hcount[0]      ; clk        ; clk      ; None                        ; None                      ; 4.156 ns                ;
; N/A                                     ; 228.31 MHz ( period = 4.380 ns )                    ; hcount[8]  ; hcount[2]      ; clk        ; clk      ; None                        ; None                      ; 4.141 ns                ;
; N/A                                     ; 228.41 MHz ( period = 4.378 ns )                    ; hcount[6]  ; hcount[2]      ; clk        ; clk      ; None                        ; None                      ; 4.138 ns                ;
; N/A                                     ; 229.67 MHz ( period = 4.354 ns )                    ; hcount[2]  ; hcount[2]      ; clk        ; clk      ; None                        ; None                      ; 4.115 ns                ;
; N/A                                     ; 235.85 MHz ( period = 4.240 ns )                    ; hcount[3]  ; hcount[2]      ; clk        ; clk      ; None                        ; None                      ; 4.001 ns                ;
; N/A                                     ; 235.96 MHz ( period = 4.238 ns )                    ; hcount[0]  ; hcount[0]      ; clk        ; clk      ; None                        ; None                      ; 3.999 ns                ;
; N/A                                     ; 236.41 MHz ( period = 4.230 ns )                    ; hcount[8]  ; hcount[0]      ; clk        ; clk      ; None                        ; None                      ; 3.991 ns                ;
; N/A                                     ; 236.52 MHz ( period = 4.228 ns )                    ; hcount[6]  ; hcount[0]      ; clk        ; clk      ; None                        ; None                      ; 3.988 ns                ;
; N/A                                     ; 238.72 MHz ( period = 4.189 ns )                    ; hcount[0]  ; hcount[9]      ; clk        ; clk      ; None                        ; None                      ; 3.950 ns                ;
; N/A                                     ; 239.75 MHz ( period = 4.171 ns )                    ; hcount[7]  ; hcount[2]      ; clk        ; clk      ; None                        ; None                      ; 3.932 ns                ;
; N/A                                     ; 240.96 MHz ( period = 4.150 ns )                    ; hcount[0]  ; hcount[8]      ; clk        ; clk      ; None                        ; None                      ; 3.911 ns                ;
; N/A                                     ; 241.25 MHz ( period = 4.145 ns )                    ; hcount[4]  ; hcount[2]      ; clk        ; clk      ; None                        ; None                      ; 3.906 ns                ;
; N/A                                     ; 241.25 MHz ( period = 4.145 ns )                    ; vcount[8]  ; vcount[2]      ; clk        ; clk      ; None                        ; None                      ; 3.907 ns                ;
; N/A                                     ; 241.31 MHz ( period = 4.144 ns )                    ; vcount[8]  ; vcount[3]      ; clk        ; clk      ; None                        ; None                      ; 3.906 ns                ;
; N/A                                     ; 242.31 MHz ( period = 4.127 ns )                    ; hcount[1]  ; hcount[9]      ; clk        ; clk      ; None                        ; None                      ; 3.888 ns                ;
; N/A                                     ; 243.07 MHz ( period = 4.114 ns )                    ; vcount[7]  ; vcount[2]      ; clk        ; clk      ; None                        ; None                      ; 3.876 ns                ;
; N/A                                     ; 243.13 MHz ( period = 4.113 ns )                    ; vcount[7]  ; vcount[3]      ; clk        ; clk      ; None                        ; None                      ; 3.875 ns                ;
; N/A                                     ; 244.50 MHz ( period = 4.090 ns )                    ; hcount[3]  ; hcount[0]      ; clk        ; clk      ; None                        ; None                      ; 3.851 ns                ;
; N/A                                     ; 244.62 MHz ( period = 4.088 ns )                    ; hcount[1]  ; hcount[8]      ; clk        ; clk      ; None                        ; None                      ; 3.849 ns                ;
; N/A                                     ; 245.10 MHz ( period = 4.080 ns )                    ; hcount[9]  ; hcount[2]      ; clk        ; clk      ; None                        ; None                      ; 3.841 ns                ;
; N/A                                     ; 246.49 MHz ( period = 4.057 ns )                    ; hcount[10] ; hcount[2]      ; clk        ; clk      ; None                        ; None                      ; 3.816 ns                ;
; N/A                                     ; 247.95 MHz ( period = 4.033 ns )                    ; hcount[2]  ; hcount[9]      ; clk        ; clk      ; None                        ; None                      ; 3.794 ns                ;
; N/A                                     ; 248.69 MHz ( period = 4.021 ns )                    ; hcount[7]  ; hcount[0]      ; clk        ; clk      ; None                        ; None                      ; 3.782 ns                ;
; N/A                                     ; 250.13 MHz ( period = 3.998 ns )                    ; vcount[6]  ; vcount[2]      ; clk        ; clk      ; None                        ; None                      ; 3.760 ns                ;
; N/A                                     ; 250.19 MHz ( period = 3.997 ns )                    ; vcount[6]  ; vcount[3]      ; clk        ; clk      ; None                        ; None                      ; 3.759 ns                ;
; N/A                                     ; 250.31 MHz ( period = 3.995 ns )                    ; hcount[4]  ; hcount[0]      ; clk        ; clk      ; None                        ; None                      ; 3.756 ns                ;
; N/A                                     ; 250.38 MHz ( period = 3.994 ns )                    ; hcount[2]  ; hcount[8]      ; clk        ; clk      ; None                        ; None                      ; 3.755 ns                ;
; N/A                                     ; 251.70 MHz ( period = 3.973 ns )                    ; hcount[3]  ; hcount[9]      ; clk        ; clk      ; None                        ; None                      ; 3.734 ns                ;
; N/A                                     ; 253.61 MHz ( period = 3.943 ns )                    ; hcount[1]  ; hcount[0]      ; clk        ; clk      ; None                        ; None                      ; 3.704 ns                ;
; N/A                                     ; 254.19 MHz ( period = 3.934 ns )                    ; hcount[3]  ; hcount[8]      ; clk        ; clk      ; None                        ; None                      ; 3.695 ns                ;
; N/A                                     ; 254.45 MHz ( period = 3.930 ns )                    ; hcount[9]  ; hcount[0]      ; clk        ; clk      ; None                        ; None                      ; 3.691 ns                ;
; N/A                                     ; 254.58 MHz ( period = 3.928 ns )                    ; hcount[5]  ; hcount[9]      ; clk        ; clk      ; None                        ; None                      ; 3.688 ns                ;
; N/A                                     ; 255.95 MHz ( period = 3.907 ns )                    ; hcount[10] ; hcount[0]      ; clk        ; clk      ; None                        ; None                      ; 3.666 ns                ;
; N/A                                     ; 257.27 MHz ( period = 3.887 ns )                    ; hcount[4]  ; hcount[9]      ; clk        ; clk      ; None                        ; None                      ; 3.648 ns                ;
; N/A                                     ; 257.73 MHz ( period = 3.880 ns )                    ; hcount[0]  ; hcount[10]     ; clk        ; clk      ; None                        ; None                      ; 3.643 ns                ;
; N/A                                     ; 259.88 MHz ( period = 3.848 ns )                    ; hcount[4]  ; hcount[8]      ; clk        ; clk      ; None                        ; None                      ; 3.609 ns                ;
; N/A                                     ; 261.03 MHz ( period = 3.831 ns )                    ; vcount[9]  ; vcount[2]      ; clk        ; clk      ; None                        ; None                      ; 3.593 ns                ;
; N/A                                     ; 261.10 MHz ( period = 3.830 ns )                    ; vcount[9]  ; vcount[3]      ; clk        ; clk      ; None                        ; None                      ; 3.592 ns                ;
; N/A                                     ; 261.92 MHz ( period = 3.818 ns )                    ; hcount[1]  ; hcount[10]     ; clk        ; clk      ; None                        ; None                      ; 3.581 ns                ;
; N/A                                     ; 265.82 MHz ( period = 3.762 ns )                    ; hcount[8]  ; hcount[9]      ; clk        ; clk      ; None                        ; None                      ; 3.523 ns                ;
; N/A                                     ; 265.96 MHz ( period = 3.760 ns )                    ; hcount[6]  ; hcount[9]      ; clk        ; clk      ; None                        ; None                      ; 3.520 ns                ;
; N/A                                     ; 268.53 MHz ( period = 3.724 ns )                    ; hcount[2]  ; hcount[10]     ; clk        ; clk      ; None                        ; None                      ; 3.487 ns                ;
; N/A                                     ; 269.03 MHz ( period = 3.717 ns )                    ; hcount[5]  ; hcount[8]      ; clk        ; clk      ; None                        ; None                      ; 3.477 ns                ;
; N/A                                     ; 269.25 MHz ( period = 3.714 ns )                    ; hcount[0]  ; hcount[3]      ; clk        ; clk      ; None                        ; None                      ; 3.475 ns                ;
; N/A                                     ; 272.93 MHz ( period = 3.664 ns )                    ; hcount[3]  ; hcount[10]     ; clk        ; clk      ; None                        ; None                      ; 3.427 ns                ;
; N/A                                     ; 273.82 MHz ( period = 3.652 ns )                    ; hcount[1]  ; hcount[3]      ; clk        ; clk      ; None                        ; None                      ; 3.413 ns                ;
; N/A                                     ; 275.79 MHz ( period = 3.626 ns )                    ; hcount[6]  ; hcount[8]      ; clk        ; clk      ; None                        ; None                      ; 3.386 ns                ;
; N/A                                     ; 276.09 MHz ( period = 3.622 ns )                    ; vcount[5]  ; vcount[2]      ; clk        ; clk      ; None                        ; None                      ; 3.384 ns                ;
; N/A                                     ; 276.17 MHz ( period = 3.621 ns )                    ; vcount[5]  ; vcount[3]      ; clk        ; clk      ; None                        ; None                      ; 3.383 ns                ;
; N/A                                     ; 277.70 MHz ( period = 3.601 ns )                    ; hcount[5]  ; hsync~reg0     ; clk        ; clk      ; None                        ; None                      ; 3.363 ns                ;
; N/A                                     ; 277.70 MHz ( period = 3.601 ns )                    ; hcount[5]  ; column[0]~reg0 ; clk        ; clk      ; None                        ; None                      ; 3.363 ns                ;
; N/A                                     ; 277.70 MHz ( period = 3.601 ns )                    ; hcount[5]  ; column[1]~reg0 ; clk        ; clk      ; None                        ; None                      ; 3.363 ns                ;
; N/A                                     ; 277.70 MHz ( period = 3.601 ns )                    ; hcount[5]  ; column[2]~reg0 ; clk        ; clk      ; None                        ; None                      ; 3.363 ns                ;
; N/A                                     ; 277.70 MHz ( period = 3.601 ns )                    ; hcount[5]  ; column[3]~reg0 ; clk        ; clk      ; None                        ; None                      ; 3.363 ns                ;
; Timing analysis restricted to 200 rows. ; To change the limit use Settings (Assignments menu) ;            ;                ;            ;          ;                             ;                           ;                         ;
+-----------------------------------------+-----------------------------------------------------+------------+----------------+------------+----------+-----------------------------+---------------------------+-------------------------+


+-----------------------------------------------------------------------------+
; tco                                                                         ;
+-------+--------------+------------+----------------+-----------+------------+
; Slack ; Required tco ; Actual tco ; From           ; To        ; From Clock ;
+-------+--------------+------------+----------------+-----------+------------+
; N/A   ; None         ; 9.321 ns   ; column[0]~reg0 ; column[0] ; clk        ;
; N/A   ; None         ; 8.220 ns   ; videoh         ; video_on  ; clk        ;
; N/A   ; None         ; 8.099 ns   ; row[1]~reg0    ; row[1]    ; clk        ;
; N/A   ; None         ; 7.676 ns   ; column[1]~reg0 ; column[1] ; clk        ;
; N/A   ; None         ; 7.406 ns   ; videov         ; video_on  ; clk        ;
; N/A   ; None         ; 7.389 ns   ; vsync~reg0     ; vsync     ; clk        ;
; N/A   ; None         ; 7.366 ns   ; column[3]~reg0 ; column[3] ; clk        ;
; N/A   ; None         ; 7.359 ns   ; row[2]~reg0    ; row[2]    ; clk        ;
; N/A   ; None         ; 7.325 ns   ; column[2]~reg0 ; column[2] ; clk        ;
; N/A   ; None         ; 6.973 ns   ; row[0]~reg0    ; row[0]    ; clk        ;
; N/A   ; None         ; 6.962 ns   ; hsync~reg0     ; hsync     ; clk        ;
+-------+--------------+------------+----------------+-----------+------------+


+--------------------------+
; Timing Analyzer Messages ;
+--------------------------+
Info: *******************************************************************
Info: Running Quartus II Classic Timing Analyzer
    Info: Version 9.0 Build 235 06/17/2009 Service Pack 2 SJ Web Edition
    Info: Processing started: Thu May 26 14:24:31 2016
Info: Command: quartus_tan --read_settings_files=off --write_settings_files=off VGA_Timer -c VGA_Timer --timing_analysis_only
Warning: Found pins functioning as undefined clocks and/or memory enables
    Info: Assuming node "clk" is an undefined clock
Info: Clock "clk" has Internal fmax of 156.45 MHz between source register "hcount[5]" and destination register "vcount[2]" (period= 6.392 ns)
    Info: + Longest register to register delay is 6.155 ns
        Info: 1: + IC(0.000 ns) + CELL(0.000 ns) = 0.000 ns; Loc. = LCFF_X9_Y23_N1; Fanout = 5; REG Node = 'hcount[5]'
        Info: 2: + IC(0.885 ns) + CELL(0.322 ns) = 1.207 ns; Loc. = LCCOMB_X8_Y23_N16; Fanout = 1; COMB Node = 'hcount~57'
        Info: 3: + IC(0.309 ns) + CELL(0.322 ns) = 1.838 ns; Loc. = LCCOMB_X8_Y23_N10; Fanout = 18; COMB Node = 'hcount~58'
        Info: 4: + IC(0.580 ns) + CELL(0.545 ns) = 2.963 ns; Loc. = LCCOMB_X9_Y23_N26; Fanout = 2; COMB Node = 'hcount~61'
        Info: 5: + IC(0.296 ns) + CELL(0.416 ns) = 3.675 ns; Loc. = LCCOMB_X9_Y23_N2; Fanout = 1; COMB Node = 'Equal0~1'
        Info: 6: + IC(0.287 ns) + CELL(0.178 ns) = 4.140 ns; Loc. = LCCOMB_X9_Y23_N28; Fanout = 1; COMB Node = 'Equal0~2'
        Info: 7: + IC(0.289 ns) + CELL(0.178 ns) = 4.607 ns; Loc. = LCCOMB_X9_Y23_N30; Fanout = 13; COMB Node = 'Equal0~3'
        Info: 8: + IC(0.790 ns) + CELL(0.758 ns) = 6.155 ns; Loc. = LCFF_X12_Y23_N29; Fanout = 8; REG Node = 'vcount[2]'
        Info: Total cell delay = 2.719 ns ( 44.18 % )
        Info: Total interconnect delay = 3.436 ns ( 55.82 % )
    Info: - Smallest clock skew is 0.002 ns
        Info: + Shortest clock path from clock "clk" to destination register is 2.864 ns
            Info: 1: + IC(0.000 ns) + CELL(1.026 ns) = 1.026 ns; Loc. = PIN_M1; Fanout = 1; CLK Node = 'clk'
            Info: 2: + IC(0.238 ns) + CELL(0.000 ns) = 1.264 ns; Loc. = CLKCTRL_G3; Fanout = 33; COMB Node = 'clk~clkctrl'
            Info: 3: + IC(0.998 ns) + CELL(0.602 ns) = 2.864 ns; Loc. = LCFF_X12_Y23_N29; Fanout = 8; REG Node = 'vcount[2]'
            Info: Total cell delay = 1.628 ns ( 56.84 % )
            Info: Total interconnect delay = 1.236 ns ( 43.16 % )
        Info: - Longest clock path from clock "clk" to source register is 2.862 ns
            Info: 1: + IC(0.000 ns) + CELL(1.026 ns) = 1.026 ns; Loc. = PIN_M1; Fanout = 1; CLK Node = 'clk'
            Info: 2: + IC(0.238 ns) + CELL(0.000 ns) = 1.264 ns; Loc. = CLKCTRL_G3; Fanout = 33; COMB Node = 'clk~clkctrl'
            Info: 3: + IC(0.996 ns) + CELL(0.602 ns) = 2.862 ns; Loc. = LCFF_X9_Y23_N1; Fanout = 5; REG Node = 'hcount[5]'
            Info: Total cell delay = 1.628 ns ( 56.88 % )
            Info: Total interconnect delay = 1.234 ns ( 43.12 % )
    Info: + Micro clock to output delay of source is 0.277 ns
    Info: + Micro setup delay of destination is -0.038 ns
Info: tco from clock "clk" to destination pin "column[0]" through register "column[0]~reg0" is 9.321 ns
    Info: + Longest clock path from clock "clk" to source register is 2.863 ns
        Info: 1: + IC(0.000 ns) + CELL(1.026 ns) = 1.026 ns; Loc. = PIN_M1; Fanout = 1; CLK Node = 'clk'
        Info: 2: + IC(0.238 ns) + CELL(0.000 ns) = 1.264 ns; Loc. = CLKCTRL_G3; Fanout = 33; COMB Node = 'clk~clkctrl'
        Info: 3: + IC(0.997 ns) + CELL(0.602 ns) = 2.863 ns; Loc. = LCFF_X10_Y23_N11; Fanout = 1; REG Node = 'column[0]~reg0'
        Info: Total cell delay = 1.628 ns ( 56.86 % )
        Info: Total interconnect delay = 1.235 ns ( 43.14 % )
    Info: + Micro clock to output delay of source is 0.277 ns
    Info: + Longest register to pin delay is 6.181 ns
        Info: 1: + IC(0.000 ns) + CELL(0.000 ns) = 0.000 ns; Loc. = LCFF_X10_Y23_N11; Fanout = 1; REG Node = 'column[0]~reg0'
        Info: 2: + IC(3.341 ns) + CELL(2.840 ns) = 6.181 ns; Loc. = PIN_E20; Fanout = 0; PIN Node = 'column[0]'
        Info: Total cell delay = 2.840 ns ( 45.95 % )
        Info: Total interconnect delay = 3.341 ns ( 54.05 % )
Info: Quartus II Classic Timing Analyzer was successful. 0 errors, 1 warning
    Info: Peak virtual memory: 172 megabytes
    Info: Processing ended: Thu May 26 14:24:31 2016
    Info: Elapsed time: 00:00:00
    Info: Total CPU time (on all processors): 00:00:00


