Analysis & Synthesis report for VGA_Video_Generator
Wed May 11 10:51:18 2016
Quartus II Version 9.0 Build 235 06/17/2009 Service Pack 2 SJ Web Edition


---------------------
; Table of Contents ;
---------------------
  1. Legal Notice
  2. Analysis & Synthesis Summary
  3. Analysis & Synthesis Settings
  4. Analysis & Synthesis Source Files Read
  5. Analysis & Synthesis Resource Usage Summary
  6. Analysis & Synthesis Resource Utilization by Entity
  7. Registers Removed During Synthesis
  8. General Register Statistics
  9. Multiplexer Restructuring Statistics (Restructuring Performed)
 10. Parameter Settings for Inferred Entity Instance: lpm_divide:Div0
 11. Parameter Settings for Inferred Entity Instance: lpm_divide:Div2
 12. Parameter Settings for Inferred Entity Instance: lpm_divide:Mod1
 13. Parameter Settings for Inferred Entity Instance: lpm_divide:Mod0
 14. Parameter Settings for Inferred Entity Instance: lpm_divide:Div1
 15. Analysis & Synthesis Messages



----------------
; Legal Notice ;
----------------
Copyright (C) 1991-2009 Altera Corporation
Your use of Altera Corporation's design tools, logic functions 
and other software and tools, and its AMPP partner logic 
functions, and any output files from any of the foregoing 
(including device programming or simulation files), and any 
associated documentation or information are expressly subject 
to the terms and conditions of the Altera Program License 
Subscription Agreement, Altera MegaCore Function License 
Agreement, or other applicable license agreement, including, 
without limitation, that your use is for the sole purpose of 
programming logic devices manufactured by Altera and sold by 
Altera or its authorized distributors.  Please refer to the 
applicable agreement for further details.



+-----------------------------------------------------------------------------------+
; Analysis & Synthesis Summary                                                      ;
+------------------------------------+----------------------------------------------+
; Analysis & Synthesis Status        ; Successful - Wed May 11 10:51:18 2016        ;
; Quartus II Version                 ; 9.0 Build 235 06/17/2009 SP 2 SJ Web Edition ;
; Revision Name                      ; VGA_Video_Generator                          ;
; Top-level Entity Name              ; VGA_Video_Generator                          ;
; Family                             ; Cyclone II                                   ;
; Total logic elements               ; 594                                          ;
;     Total combinational functions  ; 594                                          ;
;     Dedicated logic registers      ; 9                                            ;
; Total registers                    ; 9                                            ;
; Total pins                         ; 39                                           ;
; Total virtual pins                 ; 0                                            ;
; Total memory bits                  ; 0                                            ;
; Embedded Multiplier 9-bit elements ; 0                                            ;
; Total PLLs                         ; 0                                            ;
+------------------------------------+----------------------------------------------+


+----------------------------------------------------------------------------------------------------------+
; Analysis & Synthesis Settings                                                                            ;
+--------------------------------------------------------------+---------------------+---------------------+
; Option                                                       ; Setting             ; Default Value       ;
+--------------------------------------------------------------+---------------------+---------------------+
; Device                                                       ; EP2C20F484C7        ;                     ;
; Top-level entity name                                        ; VGA_Video_Generator ; VGA_Video_Generator ;
; Family name                                                  ; Cyclone II          ; Stratix II          ;
; Use Generated Physical Constraints File                      ; Off                 ;                     ;
; Use smart compilation                                        ; Off                 ; Off                 ;
; Restructure Multiplexers                                     ; Auto                ; Auto                ;
; Create Debugging Nodes for IP Cores                          ; Off                 ; Off                 ;
; Preserve fewer node names                                    ; On                  ; On                  ;
; Disable OpenCore Plus hardware evaluation                    ; Off                 ; Off                 ;
; Verilog Version                                              ; Verilog_2001        ; Verilog_2001        ;
; VHDL Version                                                 ; VHDL93              ; VHDL93              ;
; State Machine Processing                                     ; Auto                ; Auto                ;
; Safe State Machine                                           ; Off                 ; Off                 ;
; Extract Verilog State Machines                               ; On                  ; On                  ;
; Extract VHDL State Machines                                  ; On                  ; On                  ;
; Ignore Verilog initial constructs                            ; Off                 ; Off                 ;
; Iteration limit for constant Verilog loops                   ; 5000                ; 5000                ;
; Iteration limit for non-constant Verilog loops               ; 250                 ; 250                 ;
; Add Pass-Through Logic to Inferred RAMs                      ; On                  ; On                  ;
; Parallel Synthesis                                           ; Off                 ; Off                 ;
; DSP Block Balancing                                          ; Auto                ; Auto                ;
; NOT Gate Push-Back                                           ; On                  ; On                  ;
; Power-Up Don't Care                                          ; On                  ; On                  ;
; Remove Redundant Logic Cells                                 ; Off                 ; Off                 ;
; Remove Duplicate Registers                                   ; On                  ; On                  ;
; Ignore CARRY Buffers                                         ; Off                 ; Off                 ;
; Ignore CASCADE Buffers                                       ; Off                 ; Off                 ;
; Ignore GLOBAL Buffers                                        ; Off                 ; Off                 ;
; Ignore ROW GLOBAL Buffers                                    ; Off                 ; Off                 ;
; Ignore LCELL Buffers                                         ; Off                 ; Off                 ;
; Ignore SOFT Buffers                                          ; On                  ; On                  ;
; Limit AHDL Integers to 32 Bits                               ; Off                 ; Off                 ;
; Optimization Technique                                       ; Balanced            ; Balanced            ;
; Carry Chain Length                                           ; 70                  ; 70                  ;
; Auto Carry Chains                                            ; On                  ; On                  ;
; Auto Open-Drain Pins                                         ; On                  ; On                  ;
; Perform WYSIWYG Primitive Resynthesis                        ; Off                 ; Off                 ;
; Auto ROM Replacement                                         ; On                  ; On                  ;
; Auto RAM Replacement                                         ; On                  ; On                  ;
; Auto Shift Register Replacement                              ; Auto                ; Auto                ;
; Auto Clock Enable Replacement                                ; On                  ; On                  ;
; Strict RAM Replacement                                       ; Off                 ; Off                 ;
; Allow Synchronous Control Signals                            ; On                  ; On                  ;
; Force Use of Synchronous Clear Signals                       ; Off                 ; Off                 ;
; Auto RAM to Logic Cell Conversion                            ; Off                 ; Off                 ;
; Auto Resource Sharing                                        ; Off                 ; Off                 ;
; Allow Any RAM Size For Recognition                           ; Off                 ; Off                 ;
; Allow Any ROM Size For Recognition                           ; Off                 ; Off                 ;
; Allow Any Shift Register Size For Recognition                ; Off                 ; Off                 ;
; Use LogicLock Constraints during Resource Balancing          ; On                  ; On                  ;
; Ignore translate_off and synthesis_off directives            ; Off                 ; Off                 ;
; Timing-Driven Synthesis                                      ; Off                 ; Off                 ;
; Show Parameter Settings Tables in Synthesis Report           ; On                  ; On                  ;
; Ignore Maximum Fan-Out Assignments                           ; Off                 ; Off                 ;
; Synchronization Register Chain Length                        ; 2                   ; 2                   ;
; PowerPlay Power Optimization                                 ; Normal compilation  ; Normal compilation  ;
; HDL message level                                            ; Level2              ; Level2              ;
; Suppress Register Optimization Related Messages              ; Off                 ; Off                 ;
; Number of Removed Registers Reported in Synthesis Report     ; 100                 ; 100                 ;
; Number of Inverted Registers Reported in Synthesis Report    ; 100                 ; 100                 ;
; Clock MUX Protection                                         ; On                  ; On                  ;
; Auto Gated Clock Conversion                                  ; Off                 ; Off                 ;
; Block Design Naming                                          ; Auto                ; Auto                ;
; SDC constraint protection                                    ; Off                 ; Off                 ;
; Synthesis Effort                                             ; Auto                ; Auto                ;
; Shift Register Replacement - Allow Asynchronous Clear Signal ; On                  ; On                  ;
; Analysis & Synthesis Message Level                           ; Medium              ; Medium              ;
+--------------------------------------------------------------+---------------------+---------------------+


+---------------------------------------------------------------------------------------------------------------------------------------------------------+
; Analysis & Synthesis Source Files Read                                                                                                                  ;
+----------------------------------+-----------------+------------------------------+---------------------------------------------------------------------+
; File Name with User-Entered Path ; Used in Netlist ; File Type                    ; File Name with Absolute Path                                        ;
+----------------------------------+-----------------+------------------------------+---------------------------------------------------------------------+
; VGA_Video_Generator.vhd          ; yes             ; User VHDL File               ; C:/Users/CTT/Desktop/ – œÀ»—/VGA_Video_Generator.vhd                ;
; lpm_divide.tdf                   ; yes             ; Megafunction                 ; c:/altera/90sp2/quartus/libraries/megafunctions/lpm_divide.tdf      ;
; abs_divider.inc                  ; yes             ; Megafunction                 ; c:/altera/90sp2/quartus/libraries/megafunctions/abs_divider.inc     ;
; sign_div_unsign.inc              ; yes             ; Megafunction                 ; c:/altera/90sp2/quartus/libraries/megafunctions/sign_div_unsign.inc ;
; aglobal90.inc                    ; yes             ; Megafunction                 ; c:/altera/90sp2/quartus/libraries/megafunctions/aglobal90.inc       ;
; db/lpm_divide_eem.tdf            ; yes             ; Auto-Generated Megafunction  ; C:/Users/CTT/Desktop/ – œÀ»—/db/lpm_divide_eem.tdf                  ;
; db/sign_div_unsign_olh.tdf       ; yes             ; Auto-Generated Megafunction  ; C:/Users/CTT/Desktop/ – œÀ»—/db/sign_div_unsign_olh.tdf             ;
; db/alt_u_div_i2f.tdf             ; yes             ; Auto-Generated Megafunction  ; C:/Users/CTT/Desktop/ – œÀ»—/db/alt_u_div_i2f.tdf                   ;
; db/add_sub_lkc.tdf               ; yes             ; Auto-Generated Megafunction  ; C:/Users/CTT/Desktop/ – œÀ»—/db/add_sub_lkc.tdf                     ;
; db/add_sub_mkc.tdf               ; yes             ; Auto-Generated Megafunction  ; C:/Users/CTT/Desktop/ – œÀ»—/db/add_sub_mkc.tdf                     ;
; db/lpm_divide_dem.tdf            ; yes             ; Auto-Generated Megafunction  ; C:/Users/CTT/Desktop/ – œÀ»—/db/lpm_divide_dem.tdf                  ;
; db/sign_div_unsign_nlh.tdf       ; yes             ; Auto-Generated Megafunction  ; C:/Users/CTT/Desktop/ – œÀ»—/db/sign_div_unsign_nlh.tdf             ;
; db/alt_u_div_g2f.tdf             ; yes             ; Auto-Generated Megafunction  ; C:/Users/CTT/Desktop/ – œÀ»—/db/alt_u_div_g2f.tdf                   ;
; db/lpm_divide_s7m.tdf            ; yes             ; Auto-Generated Megafunction  ; C:/Users/CTT/Desktop/ – œÀ»—/db/lpm_divide_s7m.tdf                  ;
; db/sign_div_unsign_3nh.tdf       ; yes             ; Auto-Generated Megafunction  ; C:/Users/CTT/Desktop/ – œÀ»—/db/sign_div_unsign_3nh.tdf             ;
; db/alt_u_div_85f.tdf             ; yes             ; Auto-Generated Megafunction  ; C:/Users/CTT/Desktop/ – œÀ»—/db/alt_u_div_85f.tdf                   ;
+----------------------------------+-----------------+------------------------------+---------------------------------------------------------------------+


+--------------------------------------------------------------------------------------------------------------------------------------------------------------------------+
; Analysis & Synthesis Resource Usage Summary                                                                                                                              ;
+---------------------------------------------+----------------------------------------------------------------------------------------------------------------------------+
; Resource                                    ; Usage                                                                                                                      ;
+---------------------------------------------+----------------------------------------------------------------------------------------------------------------------------+
; Estimated Total logic elements              ; 594                                                                                                                        ;
;                                             ;                                                                                                                            ;
; Total combinational functions               ; 594                                                                                                                        ;
; Logic element usage by number of LUT inputs ;                                                                                                                            ;
;     -- 4 input functions                    ; 160                                                                                                                        ;
;     -- 3 input functions                    ; 149                                                                                                                        ;
;     -- <=2 input functions                  ; 285                                                                                                                        ;
;                                             ;                                                                                                                            ;
; Logic elements by mode                      ;                                                                                                                            ;
;     -- normal mode                          ; 416                                                                                                                        ;
;     -- arithmetic mode                      ; 178                                                                                                                        ;
;                                             ;                                                                                                                            ;
; Total registers                             ; 9                                                                                                                          ;
;     -- Dedicated logic registers            ; 9                                                                                                                          ;
;     -- I/O registers                        ; 0                                                                                                                          ;
;                                             ;                                                                                                                            ;
; I/O pins                                    ; 39                                                                                                                         ;
; Maximum fan-out node                        ; lpm_divide:Div0|lpm_divide_eem:auto_generated|sign_div_unsign_olh:divider|alt_u_div_i2f:divider|add_sub_7_result_int[8]~12 ;
; Maximum fan-out                             ; 30                                                                                                                         ;
; Total fan-out                               ; 1651                                                                                                                       ;
; Average fan-out                             ; 2.57                                                                                                                       ;
+---------------------------------------------+----------------------------------------------------------------------------------------------------------------------------+


+------------------------------------------------------------------------------------------------------------------------------------------------------------------------------------------------------------------------------------------------------------------------------------------+
; Analysis & Synthesis Resource Utilization by Entity                                                                                                                                                                                                                                      ;
+----------------------------------------+-------------------+--------------+-------------+--------------+---------+-----------+------+--------------+----------------------------------------------------------------------------------------------------------------------+--------------+
; Compilation Hierarchy Node             ; LC Combinationals ; LC Registers ; Memory Bits ; DSP Elements ; DSP 9x9 ; DSP 18x18 ; Pins ; Virtual Pins ; Full Hierarchy Name                                                                                                  ; Library Name ;
+----------------------------------------+-------------------+--------------+-------------+--------------+---------+-----------+------+--------------+----------------------------------------------------------------------------------------------------------------------+--------------+
; |VGA_Video_Generator                   ; 594 (90)          ; 9 (9)        ; 0           ; 0            ; 0       ; 0         ; 39   ; 0            ; |VGA_Video_Generator                                                                                                 ; work         ;
;    |lpm_divide:Div0|                   ; 91 (0)            ; 0 (0)        ; 0           ; 0            ; 0       ; 0         ; 0    ; 0            ; |VGA_Video_Generator|lpm_divide:Div0                                                                                 ; work         ;
;       |lpm_divide_eem:auto_generated|  ; 91 (0)            ; 0 (0)        ; 0           ; 0            ; 0       ; 0         ; 0    ; 0            ; |VGA_Video_Generator|lpm_divide:Div0|lpm_divide_eem:auto_generated                                                   ; work         ;
;          |sign_div_unsign_olh:divider| ; 91 (0)            ; 0 (0)        ; 0           ; 0            ; 0       ; 0         ; 0    ; 0            ; |VGA_Video_Generator|lpm_divide:Div0|lpm_divide_eem:auto_generated|sign_div_unsign_olh:divider                       ; work         ;
;             |alt_u_div_i2f:divider|    ; 91 (91)           ; 0 (0)        ; 0           ; 0            ; 0       ; 0         ; 0    ; 0            ; |VGA_Video_Generator|lpm_divide:Div0|lpm_divide_eem:auto_generated|sign_div_unsign_olh:divider|alt_u_div_i2f:divider ; work         ;
;    |lpm_divide:Div1|                   ; 91 (0)            ; 0 (0)        ; 0           ; 0            ; 0       ; 0         ; 0    ; 0            ; |VGA_Video_Generator|lpm_divide:Div1                                                                                 ; work         ;
;       |lpm_divide_eem:auto_generated|  ; 91 (0)            ; 0 (0)        ; 0           ; 0            ; 0       ; 0         ; 0    ; 0            ; |VGA_Video_Generator|lpm_divide:Div1|lpm_divide_eem:auto_generated                                                   ; work         ;
;          |sign_div_unsign_olh:divider| ; 91 (0)            ; 0 (0)        ; 0           ; 0            ; 0       ; 0         ; 0    ; 0            ; |VGA_Video_Generator|lpm_divide:Div1|lpm_divide_eem:auto_generated|sign_div_unsign_olh:divider                       ; work         ;
;             |alt_u_div_i2f:divider|    ; 91 (91)           ; 0 (0)        ; 0           ; 0            ; 0       ; 0         ; 0    ; 0            ; |VGA_Video_Generator|lpm_divide:Div1|lpm_divide_eem:auto_generated|sign_div_unsign_olh:divider|alt_u_div_i2f:divider ; work         ;
;    |lpm_divide:Div2|                   ; 101 (0)           ; 0 (0)        ; 0           ; 0            ; 0       ; 0         ; 0    ; 0            ; |VGA_Video_Generator|lpm_divide:Div2                                                                                 ; work         ;
;       |lpm_divide_dem:auto_generated|  ; 101 (0)           ; 0 (0)        ; 0           ; 0            ; 0       ; 0         ; 0    ; 0            ; |VGA_Video_Generator|lpm_divide:Div2|lpm_divide_dem:auto_generated                                                   ; work         ;
;          |sign_div_unsign_nlh:divider| ; 101 (0)           ; 0 (0)        ; 0           ; 0            ; 0       ; 0         ; 0    ; 0            ; |VGA_Video_Generator|lpm_divide:Div2|lpm_divide_dem:auto_generated|sign_div_unsign_nlh:divider                       ; work         ;
;             |alt_u_div_g2f:divider|    ; 101 (101)         ; 0 (0)        ; 0           ; 0            ; 0       ; 0         ; 0    ; 0            ; |VGA_Video_Generator|lpm_divide:Div2|lpm_divide_dem:auto_generated|sign_div_unsign_nlh:divider|alt_u_div_g2f:divider ; work         ;
;    |lpm_divide:Mod0|                   ; 103 (0)           ; 0 (0)        ; 0           ; 0            ; 0       ; 0         ; 0    ; 0            ; |VGA_Video_Generator|lpm_divide:Mod0                                                                                 ; work         ;
;       |lpm_divide_s7m:auto_generated|  ; 103 (0)           ; 0 (0)        ; 0           ; 0            ; 0       ; 0         ; 0    ; 0            ; |VGA_Video_Generator|lpm_divide:Mod0|lpm_divide_s7m:auto_generated                                                   ; work         ;
;          |sign_div_unsign_3nh:divider| ; 103 (0)           ; 0 (0)        ; 0           ; 0            ; 0       ; 0         ; 0    ; 0            ; |VGA_Video_Generator|lpm_divide:Mod0|lpm_divide_s7m:auto_generated|sign_div_unsign_3nh:divider                       ; work         ;
;             |alt_u_div_85f:divider|    ; 103 (103)         ; 0 (0)        ; 0           ; 0            ; 0       ; 0         ; 0    ; 0            ; |VGA_Video_Generator|lpm_divide:Mod0|lpm_divide_s7m:auto_generated|sign_div_unsign_3nh:divider|alt_u_div_85f:divider ; work         ;
;    |lpm_divide:Mod1|                   ; 118 (0)           ; 0 (0)        ; 0           ; 0            ; 0       ; 0         ; 0    ; 0            ; |VGA_Video_Generator|lpm_divide:Mod1                                                                                 ; work         ;
;       |lpm_divide_s7m:auto_generated|  ; 118 (0)           ; 0 (0)        ; 0           ; 0            ; 0       ; 0         ; 0    ; 0            ; |VGA_Video_Generator|lpm_divide:Mod1|lpm_divide_s7m:auto_generated                                                   ; work         ;
;          |sign_div_unsign_3nh:divider| ; 118 (0)           ; 0 (0)        ; 0           ; 0            ; 0       ; 0         ; 0    ; 0            ; |VGA_Video_Generator|lpm_divide:Mod1|lpm_divide_s7m:auto_generated|sign_div_unsign_3nh:divider                       ; work         ;
;             |alt_u_div_85f:divider|    ; 118 (118)         ; 0 (0)        ; 0           ; 0            ; 0       ; 0         ; 0    ; 0            ; |VGA_Video_Generator|lpm_divide:Mod1|lpm_divide_s7m:auto_generated|sign_div_unsign_3nh:divider|alt_u_div_85f:divider ; work         ;
+----------------------------------------+-------------------+--------------+-------------+--------------+---------+-----------+------+--------------+----------------------------------------------------------------------------------------------------------------------+--------------+
Note: For table entries with two numbers listed, the numbers in parentheses indicate the number of resources of the given type used by the specific entity alone. The numbers listed outside of parentheses indicate the total resources of the given type used by the specific entity and all of its sub-entities in the hierarchy.


+---------------------------------------------------------------+
; Registers Removed During Synthesis                            ;
+---------------------------------------+-----------------------+
; Register name                         ; Reason for Removal    ;
+---------------------------------------+-----------------------+
; G[0]~reg0                             ; Merged with B[0]~reg0 ;
; R[0]~reg0                             ; Merged with B[0]~reg0 ;
; B[1]~reg0                             ; Merged with G[1]~reg0 ;
; Total Number of Removed Registers = 3 ;                       ;
+---------------------------------------+-----------------------+


+------------------------------------------------------+
; General Register Statistics                          ;
+----------------------------------------------+-------+
; Statistic                                    ; Value ;
+----------------------------------------------+-------+
; Total registers                              ; 9     ;
; Number of registers using Synchronous Clear  ; 0     ;
; Number of registers using Synchronous Load   ; 0     ;
; Number of registers using Asynchronous Clear ; 9     ;
; Number of registers using Asynchronous Load  ; 0     ;
; Number of registers using Clock Enable       ; 9     ;
; Number of registers using Preset             ; 0     ;
+----------------------------------------------+-------+


+----------------------------------------------------------------------------------------------------------------------------------------------+
; Multiplexer Restructuring Statistics (Restructuring Performed)                                                                               ;
+--------------------+-----------+---------------+----------------------+------------------------+------------+--------------------------------+
; Multiplexer Inputs ; Bus Width ; Baseline Area ; Area if Restructured ; Saving if Restructured ; Registered ; Example Multiplexer Output     ;
+--------------------+-----------+---------------+----------------------+------------------------+------------+--------------------------------+
; 9:1                ; 9 bits    ; 54 LEs        ; 18 LEs               ; 36 LEs                 ; Yes        ; |VGA_Video_Generator|B[0]~reg0 ;
+--------------------+-----------+---------------+----------------------+------------------------+------------+--------------------------------+


+------------------------------------------------------------------+
; Parameter Settings for Inferred Entity Instance: lpm_divide:Div0 ;
+------------------------+----------------+------------------------+
; Parameter Name         ; Value          ; Type                   ;
+------------------------+----------------+------------------------+
; LPM_WIDTHN             ; 11             ; Untyped                ;
; LPM_WIDTHD             ; 7              ; Untyped                ;
; LPM_NREPRESENTATION    ; UNSIGNED       ; Untyped                ;
; LPM_DREPRESENTATION    ; UNSIGNED       ; Untyped                ;
; LPM_PIPELINE           ; 0              ; Untyped                ;
; LPM_REMAINDERPOSITIVE  ; TRUE           ; Untyped                ;
; MAXIMIZE_SPEED         ; 5              ; Untyped                ;
; CBXI_PARAMETER         ; lpm_divide_eem ; Untyped                ;
; CARRY_CHAIN            ; MANUAL         ; Untyped                ;
; OPTIMIZE_FOR_SPEED     ; 5              ; Untyped                ;
; AUTO_CARRY_CHAINS      ; ON             ; AUTO_CARRY             ;
; IGNORE_CARRY_BUFFERS   ; OFF            ; IGNORE_CARRY           ;
; AUTO_CASCADE_CHAINS    ; ON             ; AUTO_CASCADE           ;
; IGNORE_CASCADE_BUFFERS ; OFF            ; IGNORE_CASCADE         ;
+------------------------+----------------+------------------------+
Note: In order to hide this table in the UI and the text report file, please set the "Show Parameter Settings Tables in Synthesis Report" option in "Analysis and Synthesis Settings -> More Settings" to "Off".


+------------------------------------------------------------------+
; Parameter Settings for Inferred Entity Instance: lpm_divide:Div2 ;
+------------------------+----------------+------------------------+
; Parameter Name         ; Value          ; Type                   ;
+------------------------+----------------+------------------------+
; LPM_WIDTHN             ; 11             ; Untyped                ;
; LPM_WIDTHD             ; 6              ; Untyped                ;
; LPM_NREPRESENTATION    ; UNSIGNED       ; Untyped                ;
; LPM_DREPRESENTATION    ; UNSIGNED       ; Untyped                ;
; LPM_PIPELINE           ; 0              ; Untyped                ;
; LPM_REMAINDERPOSITIVE  ; TRUE           ; Untyped                ;
; MAXIMIZE_SPEED         ; 5              ; Untyped                ;
; CBXI_PARAMETER         ; lpm_divide_dem ; Untyped                ;
; CARRY_CHAIN            ; MANUAL         ; Untyped                ;
; OPTIMIZE_FOR_SPEED     ; 5              ; Untyped                ;
; AUTO_CARRY_CHAINS      ; ON             ; AUTO_CARRY             ;
; IGNORE_CARRY_BUFFERS   ; OFF            ; IGNORE_CARRY           ;
; AUTO_CASCADE_CHAINS    ; ON             ; AUTO_CASCADE           ;
; IGNORE_CASCADE_BUFFERS ; OFF            ; IGNORE_CASCADE         ;
+------------------------+----------------+------------------------+
Note: In order to hide this table in the UI and the text report file, please set the "Show Parameter Settings Tables in Synthesis Report" option in "Analysis and Synthesis Settings -> More Settings" to "Off".


+------------------------------------------------------------------+
; Parameter Settings for Inferred Entity Instance: lpm_divide:Mod1 ;
+------------------------+----------------+------------------------+
; Parameter Name         ; Value          ; Type                   ;
+------------------------+----------------+------------------------+
; LPM_WIDTHN             ; 11             ; Untyped                ;
; LPM_WIDTHD             ; 11             ; Untyped                ;
; LPM_NREPRESENTATION    ; UNSIGNED       ; Untyped                ;
; LPM_DREPRESENTATION    ; UNSIGNED       ; Untyped                ;
; LPM_PIPELINE           ; 0              ; Untyped                ;
; LPM_REMAINDERPOSITIVE  ; TRUE           ; Untyped                ;
; MAXIMIZE_SPEED         ; 5              ; Untyped                ;
; CBXI_PARAMETER         ; lpm_divide_s7m ; Untyped                ;
; CARRY_CHAIN            ; MANUAL         ; Untyped                ;
; OPTIMIZE_FOR_SPEED     ; 5              ; Untyped                ;
; AUTO_CARRY_CHAINS      ; ON             ; AUTO_CARRY             ;
; IGNORE_CARRY_BUFFERS   ; OFF            ; IGNORE_CARRY           ;
; AUTO_CASCADE_CHAINS    ; ON             ; AUTO_CASCADE           ;
; IGNORE_CASCADE_BUFFERS ; OFF            ; IGNORE_CASCADE         ;
+------------------------+----------------+------------------------+
Note: In order to hide this table in the UI and the text report file, please set the "Show Parameter Settings Tables in Synthesis Report" option in "Analysis and Synthesis Settings -> More Settings" to "Off".


+------------------------------------------------------------------+
; Parameter Settings for Inferred Entity Instance: lpm_divide:Mod0 ;
+------------------------+----------------+------------------------+
; Parameter Name         ; Value          ; Type                   ;
+------------------------+----------------+------------------------+
; LPM_WIDTHN             ; 11             ; Untyped                ;
; LPM_WIDTHD             ; 11             ; Untyped                ;
; LPM_NREPRESENTATION    ; UNSIGNED       ; Untyped                ;
; LPM_DREPRESENTATION    ; UNSIGNED       ; Untyped                ;
; LPM_PIPELINE           ; 0              ; Untyped                ;
; LPM_REMAINDERPOSITIVE  ; TRUE           ; Untyped                ;
; MAXIMIZE_SPEED         ; 5              ; Untyped                ;
; CBXI_PARAMETER         ; lpm_divide_s7m ; Untyped                ;
; CARRY_CHAIN            ; MANUAL         ; Untyped                ;
; OPTIMIZE_FOR_SPEED     ; 5              ; Untyped                ;
; AUTO_CARRY_CHAINS      ; ON             ; AUTO_CARRY             ;
; IGNORE_CARRY_BUFFERS   ; OFF            ; IGNORE_CARRY           ;
; AUTO_CASCADE_CHAINS    ; ON             ; AUTO_CASCADE           ;
; IGNORE_CASCADE_BUFFERS ; OFF            ; IGNORE_CASCADE         ;
+------------------------+----------------+------------------------+
Note: In order to hide this table in the UI and the text report file, please set the "Show Parameter Settings Tables in Synthesis Report" option in "Analysis and Synthesis Settings -> More Settings" to "Off".


+------------------------------------------------------------------+
; Parameter Settings for Inferred Entity Instance: lpm_divide:Div1 ;
+------------------------+----------------+------------------------+
; Parameter Name         ; Value          ; Type                   ;
+------------------------+----------------+------------------------+
; LPM_WIDTHN             ; 11             ; Untyped                ;
; LPM_WIDTHD             ; 7              ; Untyped                ;
; LPM_NREPRESENTATION    ; UNSIGNED       ; Untyped                ;
; LPM_DREPRESENTATION    ; UNSIGNED       ; Untyped                ;
; LPM_PIPELINE           ; 0              ; Untyped                ;
; LPM_REMAINDERPOSITIVE  ; TRUE           ; Untyped                ;
; MAXIMIZE_SPEED         ; 5              ; Untyped                ;
; CBXI_PARAMETER         ; lpm_divide_eem ; Untyped                ;
; CARRY_CHAIN            ; MANUAL         ; Untyped                ;
; OPTIMIZE_FOR_SPEED     ; 5              ; Untyped                ;
; AUTO_CARRY_CHAINS      ; ON             ; AUTO_CARRY             ;
; IGNORE_CARRY_BUFFERS   ; OFF            ; IGNORE_CARRY           ;
; AUTO_CASCADE_CHAINS    ; ON             ; AUTO_CASCADE           ;
; IGNORE_CASCADE_BUFFERS ; OFF            ; IGNORE_CASCADE         ;
+------------------------+----------------+------------------------+
Note: In order to hide this table in the UI and the text report file, please set the "Show Parameter Settings Tables in Synthesis Report" option in "Analysis and Synthesis Settings -> More Settings" to "Off".


+-------------------------------+
; Analysis & Synthesis Messages ;
+-------------------------------+
Info: *******************************************************************
Info: Running Quartus II Analysis & Synthesis
    Info: Version 9.0 Build 235 06/17/2009 Service Pack 2 SJ Web Edition
    Info: Processing started: Wed May 11 10:51:15 2016
Info: Command: quartus_map --read_settings_files=on --write_settings_files=off VGA_Video_Generator -c VGA_Video_Generator
Info: Found 2 design units, including 1 entities, in source file VGA_Video_Generator.vhd
    Info: Found design unit 1: VGA_Video_Generator-behavior
    Info: Found entity 1: VGA_Video_Generator
Info: Elaborating entity "VGA_Video_Generator" for the top level hierarchy
Info: Inferred 5 megafunctions from design logic
    Info: Inferred divider/modulo megafunction ("lpm_divide") from the following logic: "Div0"
    Info: Inferred divider/modulo megafunction ("lpm_divide") from the following logic: "Div2"
    Info: Inferred divider/modulo megafunction ("lpm_divide") from the following logic: "Mod1"
    Info: Inferred divider/modulo megafunction ("lpm_divide") from the following logic: "Mod0"
    Info: Inferred divider/modulo megafunction ("lpm_divide") from the following logic: "Div1"
Info: Elaborated megafunction instantiation "lpm_divide:Div0"
Info: Instantiated megafunction "lpm_divide:Div0" with the following parameter:
    Info: Parameter "LPM_WIDTHN" = "11"
    Info: Parameter "LPM_WIDTHD" = "7"
    Info: Parameter "LPM_NREPRESENTATION" = "UNSIGNED"
    Info: Parameter "LPM_DREPRESENTATION" = "UNSIGNED"
Info: Found 1 design units, including 1 entities, in source file db/lpm_divide_eem.tdf
    Info: Found entity 1: lpm_divide_eem
Info: Found 1 design units, including 1 entities, in source file db/sign_div_unsign_olh.tdf
    Info: Found entity 1: sign_div_unsign_olh
Info: Found 1 design units, including 1 entities, in source file db/alt_u_div_i2f.tdf
    Info: Found entity 1: alt_u_div_i2f
Info: Found 1 design units, including 1 entities, in source file db/add_sub_lkc.tdf
    Info: Found entity 1: add_sub_lkc
Info: Found 1 design units, including 1 entities, in source file db/add_sub_mkc.tdf
    Info: Found entity 1: add_sub_mkc
Info: Elaborated megafunction instantiation "lpm_divide:Div2"
Info: Instantiated megafunction "lpm_divide:Div2" with the following parameter:
    Info: Parameter "LPM_WIDTHN" = "11"
    Info: Parameter "LPM_WIDTHD" = "6"
    Info: Parameter "LPM_NREPRESENTATION" = "UNSIGNED"
    Info: Parameter "LPM_DREPRESENTATION" = "UNSIGNED"
Info: Found 1 design units, including 1 entities, in source file db/lpm_divide_dem.tdf
    Info: Found entity 1: lpm_divide_dem
Info: Found 1 design units, including 1 entities, in source file db/sign_div_unsign_nlh.tdf
    Info: Found entity 1: sign_div_unsign_nlh
Info: Found 1 design units, including 1 entities, in source file db/alt_u_div_g2f.tdf
    Info: Found entity 1: alt_u_div_g2f
Info: Elaborated megafunction instantiation "lpm_divide:Mod1"
Info: Instantiated megafunction "lpm_divide:Mod1" with the following parameter:
    Info: Parameter "LPM_WIDTHN" = "11"
    Info: Parameter "LPM_WIDTHD" = "11"
    Info: Parameter "LPM_NREPRESENTATION" = "UNSIGNED"
    Info: Parameter "LPM_DREPRESENTATION" = "UNSIGNED"
Info: Found 1 design units, including 1 entities, in source file db/lpm_divide_s7m.tdf
    Info: Found entity 1: lpm_divide_s7m
Info: Found 1 design units, including 1 entities, in source file db/sign_div_unsign_3nh.tdf
    Info: Found entity 1: sign_div_unsign_3nh
Info: Found 1 design units, including 1 entities, in source file db/alt_u_div_85f.tdf
    Info: Found entity 1: alt_u_div_85f
Info: Elaborated megafunction instantiation "lpm_divide:Mod0"
Info: Instantiated megafunction "lpm_divide:Mod0" with the following parameter:
    Info: Parameter "LPM_WIDTHN" = "11"
    Info: Parameter "LPM_WIDTHD" = "11"
    Info: Parameter "LPM_NREPRESENTATION" = "UNSIGNED"
    Info: Parameter "LPM_DREPRESENTATION" = "UNSIGNED"
Info: Elaborated megafunction instantiation "lpm_divide:Div1"
Info: Instantiated megafunction "lpm_divide:Div1" with the following parameter:
    Info: Parameter "LPM_WIDTHN" = "11"
    Info: Parameter "LPM_WIDTHD" = "7"
    Info: Parameter "LPM_NREPRESENTATION" = "UNSIGNED"
    Info: Parameter "LPM_DREPRESENTATION" = "UNSIGNED"
Info: Implemented 633 device resources after synthesis - the final resource count might be different
    Info: Implemented 27 input pins
    Info: Implemented 12 output pins
    Info: Implemented 594 logic cells
Info: Quartus II Analysis & Synthesis was successful. 0 errors, 0 warnings
    Info: Peak virtual memory: 235 megabytes
    Info: Processing ended: Wed May 11 10:51:18 2016
    Info: Elapsed time: 00:00:03
    Info: Total CPU time (on all processors): 00:00:03


