Classic Timing Analyzer report for VGA_Video_Generator
Wed May 11 10:51:27 2016
Quartus II Version 9.0 Build 235 06/17/2009 Service Pack 2 SJ Web Edition


---------------------
; Table of Contents ;
---------------------
  1. Legal Notice
  2. Timing Analyzer Summary
  3. Timing Analyzer Settings
  4. Clock Settings Summary
  5. Parallel Compilation
  6. Clock Setup: 'clk'
  7. tsu
  8. tco
  9. th
 10. Timing Analyzer Messages



----------------
; Legal Notice ;
----------------
Copyright (C) 1991-2009 Altera Corporation
Your use of Altera Corporation's design tools, logic functions 
and other software and tools, and its AMPP partner logic 
functions, and any output files from any of the foregoing 
(including device programming or simulation files), and any 
associated documentation or information are expressly subject 
to the terms and conditions of the Altera Program License 
Subscription Agreement, Altera MegaCore Function License 
Agreement, or other applicable license agreement, including, 
without limitation, that your use is for the sole purpose of 
programming logic devices manufactured by Altera and sold by 
Altera or its authorized distributors.  Please refer to the 
applicable agreement for further details.



+----------------------------------------------------------------------------------------------------------------------------------------------------------------------+
; Timing Analyzer Summary                                                                                                                                              ;
+------------------------------+-------+---------------+------------------------------------------------+-----------+-----------+------------+----------+--------------+
; Type                         ; Slack ; Required Time ; Actual Time                                    ; From      ; To        ; From Clock ; To Clock ; Failed Paths ;
+------------------------------+-------+---------------+------------------------------------------------+-----------+-----------+------------+----------+--------------+
; Worst-case tsu               ; N/A   ; None          ; 33.208 ns                                      ; column[8] ; R[3]~reg0 ; --         ; clk      ; 0            ;
; Worst-case tco               ; N/A   ; None          ; 9.363 ns                                       ; G[2]~reg0 ; G[2]      ; clk        ; --       ; 0            ;
; Worst-case th                ; N/A   ; None          ; -4.291 ns                                      ; mode[2]   ; G[3]~reg0 ; --         ; clk      ; 0            ;
; Clock Setup: 'clk'           ; N/A   ; None          ; Restricted to 380.08 MHz ( period = 2.631 ns ) ; R[2]~reg0 ; R[2]~reg0 ; clk        ; clk      ; 0            ;
; Total number of failed paths ;       ;               ;                                                ;           ;           ;            ;          ; 0            ;
+------------------------------+-------+---------------+------------------------------------------------+-----------+-----------+------------+----------+--------------+


+--------------------------------------------------------------------------------------------------------------------+
; Timing Analyzer Settings                                                                                           ;
+---------------------------------------------------------------------+--------------------+------+----+-------------+
; Option                                                              ; Setting            ; From ; To ; Entity Name ;
+---------------------------------------------------------------------+--------------------+------+----+-------------+
; Device Name                                                         ; EP2C20F484C7       ;      ;    ;             ;
; Timing Models                                                       ; Final              ;      ;    ;             ;
; Default hold multicycle                                             ; Same as Multicycle ;      ;    ;             ;
; Cut paths between unrelated clock domains                           ; On                 ;      ;    ;             ;
; Cut off read during write signal paths                              ; On                 ;      ;    ;             ;
; Cut off feedback from I/O pins                                      ; On                 ;      ;    ;             ;
; Report Combined Fast/Slow Timing                                    ; Off                ;      ;    ;             ;
; Ignore Clock Settings                                               ; Off                ;      ;    ;             ;
; Analyze latches as synchronous elements                             ; On                 ;      ;    ;             ;
; Enable Recovery/Removal analysis                                    ; Off                ;      ;    ;             ;
; Enable Clock Latency                                                ; Off                ;      ;    ;             ;
; Use TimeQuest Timing Analyzer                                       ; Off                ;      ;    ;             ;
; Minimum Core Junction Temperature                                   ; 0                  ;      ;    ;             ;
; Maximum Core Junction Temperature                                   ; 85                 ;      ;    ;             ;
; Number of source nodes to report per destination node               ; 10                 ;      ;    ;             ;
; Number of destination nodes to report                               ; 10                 ;      ;    ;             ;
; Number of paths to report                                           ; 200                ;      ;    ;             ;
; Report Minimum Timing Checks                                        ; Off                ;      ;    ;             ;
; Use Fast Timing Models                                              ; Off                ;      ;    ;             ;
; Report IO Paths Separately                                          ; Off                ;      ;    ;             ;
; Perform Multicorner Analysis                                        ; On                 ;      ;    ;             ;
; Reports the worst-case path for each clock domain and analysis      ; Off                ;      ;    ;             ;
; Removes common clock path pessimism (CCPP) during slack computation ; Off                ;      ;    ;             ;
; Output I/O Timing Endpoint                                          ; Near End           ;      ;    ;             ;
+---------------------------------------------------------------------+--------------------+------+----+-------------+


+------------------------------------------------------------------------------------------------------------------------------------------------------------------------------------+
; Clock Settings Summary                                                                                                                                                             ;
+-----------------+--------------------+----------+------------------+---------------+--------------+----------+-----------------------+---------------------+--------+--------------+
; Clock Node Name ; Clock Setting Name ; Type     ; Fmax Requirement ; Early Latency ; Late Latency ; Based on ; Multiply Base Fmax by ; Divide Base Fmax by ; Offset ; Phase offset ;
+-----------------+--------------------+----------+------------------+---------------+--------------+----------+-----------------------+---------------------+--------+--------------+
; clk             ;                    ; User Pin ; None             ; 0.000 ns      ; 0.000 ns     ; --       ; N/A                   ; N/A                 ; N/A    ;              ;
+-----------------+--------------------+----------+------------------+---------------+--------------+----------+-----------------------+---------------------+--------+--------------+


Parallel compilation was disabled, but you have multiple processors available. Enable parallel compilation to reduce compilation time.
+-------------------------------------+
; Parallel Compilation                ;
+----------------------------+--------+
; Processors                 ; Number ;
+----------------------------+--------+
; Number detected on machine ; 4      ;
; Maximum allowed            ; 1      ;
+----------------------------+--------+


+--------------------------------------------------------------------------------------------------------------------------------------------------------------------------------------------+
; Clock Setup: 'clk'                                                                                                                                                                         ;
+-------+------------------------------------------------+-----------+-----------+------------+----------+-----------------------------+---------------------------+-------------------------+
; Slack ; Actual fmax (period)                           ; From      ; To        ; From Clock ; To Clock ; Required Setup Relationship ; Required Longest P2P Time ; Actual Longest P2P Time ;
+-------+------------------------------------------------+-----------+-----------+------------+----------+-----------------------------+---------------------------+-------------------------+
; N/A   ; Restricted to 380.08 MHz ( period = 2.631 ns ) ; R[2]~reg0 ; R[2]~reg0 ; clk        ; clk      ; None                        ; None                      ; 1.899 ns                ;
; N/A   ; Restricted to 380.08 MHz ( period = 2.631 ns ) ; B[2]~reg0 ; B[2]~reg0 ; clk        ; clk      ; None                        ; None                      ; 1.753 ns                ;
; N/A   ; Restricted to 380.08 MHz ( period = 2.631 ns ) ; G[1]~reg0 ; G[1]~reg0 ; clk        ; clk      ; None                        ; None                      ; 1.751 ns                ;
; N/A   ; Restricted to 380.08 MHz ( period = 2.631 ns ) ; G[2]~reg0 ; G[2]~reg0 ; clk        ; clk      ; None                        ; None                      ; 1.744 ns                ;
; N/A   ; Restricted to 380.08 MHz ( period = 2.631 ns ) ; G[3]~reg0 ; G[3]~reg0 ; clk        ; clk      ; None                        ; None                      ; 1.737 ns                ;
; N/A   ; Restricted to 380.08 MHz ( period = 2.631 ns ) ; B[0]~reg0 ; B[0]~reg0 ; clk        ; clk      ; None                        ; None                      ; 1.733 ns                ;
; N/A   ; Restricted to 380.08 MHz ( period = 2.631 ns ) ; R[3]~reg0 ; R[3]~reg0 ; clk        ; clk      ; None                        ; None                      ; 1.603 ns                ;
; N/A   ; Restricted to 380.08 MHz ( period = 2.631 ns ) ; B[3]~reg0 ; B[3]~reg0 ; clk        ; clk      ; None                        ; None                      ; 1.601 ns                ;
; N/A   ; Restricted to 380.08 MHz ( period = 2.631 ns ) ; R[1]~reg0 ; R[1]~reg0 ; clk        ; clk      ; None                        ; None                      ; 1.598 ns                ;
+-------+------------------------------------------------+-----------+-----------+------------+----------+-----------------------------+---------------------------+-------------------------+


+------------------------------------------------------------------------------------------------------------------------------------------------+
; tsu                                                                                                                                            ;
+-----------------------------------------+-----------------------------------------------------+------------+------------+-----------+----------+
; Slack                                   ; Required tsu                                        ; Actual tsu ; From       ; To        ; To Clock ;
+-----------------------------------------+-----------------------------------------------------+------------+------------+-----------+----------+
; N/A                                     ; None                                                ; 33.208 ns  ; column[8]  ; B[0]~reg0 ; clk      ;
; N/A                                     ; None                                                ; 33.208 ns  ; column[8]  ; R[1]~reg0 ; clk      ;
; N/A                                     ; None                                                ; 33.208 ns  ; column[8]  ; R[2]~reg0 ; clk      ;
; N/A                                     ; None                                                ; 33.208 ns  ; column[8]  ; R[3]~reg0 ; clk      ;
; N/A                                     ; None                                                ; 33.147 ns  ; column[7]  ; B[0]~reg0 ; clk      ;
; N/A                                     ; None                                                ; 33.147 ns  ; column[7]  ; R[1]~reg0 ; clk      ;
; N/A                                     ; None                                                ; 33.147 ns  ; column[7]  ; R[2]~reg0 ; clk      ;
; N/A                                     ; None                                                ; 33.147 ns  ; column[7]  ; R[3]~reg0 ; clk      ;
; N/A                                     ; None                                                ; 32.831 ns  ; column[8]  ; G[1]~reg0 ; clk      ;
; N/A                                     ; None                                                ; 32.831 ns  ; column[8]  ; G[2]~reg0 ; clk      ;
; N/A                                     ; None                                                ; 32.831 ns  ; column[8]  ; B[2]~reg0 ; clk      ;
; N/A                                     ; None                                                ; 32.831 ns  ; column[8]  ; B[3]~reg0 ; clk      ;
; N/A                                     ; None                                                ; 32.770 ns  ; column[7]  ; G[1]~reg0 ; clk      ;
; N/A                                     ; None                                                ; 32.770 ns  ; column[7]  ; G[2]~reg0 ; clk      ;
; N/A                                     ; None                                                ; 32.770 ns  ; column[7]  ; B[2]~reg0 ; clk      ;
; N/A                                     ; None                                                ; 32.770 ns  ; column[7]  ; B[3]~reg0 ; clk      ;
; N/A                                     ; None                                                ; 32.552 ns  ; column[10] ; B[0]~reg0 ; clk      ;
; N/A                                     ; None                                                ; 32.552 ns  ; column[10] ; R[1]~reg0 ; clk      ;
; N/A                                     ; None                                                ; 32.552 ns  ; column[10] ; R[2]~reg0 ; clk      ;
; N/A                                     ; None                                                ; 32.552 ns  ; column[10] ; R[3]~reg0 ; clk      ;
; N/A                                     ; None                                                ; 32.527 ns  ; column[6]  ; B[0]~reg0 ; clk      ;
; N/A                                     ; None                                                ; 32.527 ns  ; column[6]  ; R[1]~reg0 ; clk      ;
; N/A                                     ; None                                                ; 32.527 ns  ; column[6]  ; R[2]~reg0 ; clk      ;
; N/A                                     ; None                                                ; 32.527 ns  ; column[6]  ; R[3]~reg0 ; clk      ;
; N/A                                     ; None                                                ; 32.250 ns  ; column[8]  ; G[3]~reg0 ; clk      ;
; N/A                                     ; None                                                ; 32.205 ns  ; column[9]  ; B[0]~reg0 ; clk      ;
; N/A                                     ; None                                                ; 32.205 ns  ; column[9]  ; R[1]~reg0 ; clk      ;
; N/A                                     ; None                                                ; 32.205 ns  ; column[9]  ; R[2]~reg0 ; clk      ;
; N/A                                     ; None                                                ; 32.205 ns  ; column[9]  ; R[3]~reg0 ; clk      ;
; N/A                                     ; None                                                ; 32.189 ns  ; column[7]  ; G[3]~reg0 ; clk      ;
; N/A                                     ; None                                                ; 32.175 ns  ; column[10] ; G[1]~reg0 ; clk      ;
; N/A                                     ; None                                                ; 32.175 ns  ; column[10] ; G[2]~reg0 ; clk      ;
; N/A                                     ; None                                                ; 32.175 ns  ; column[10] ; B[2]~reg0 ; clk      ;
; N/A                                     ; None                                                ; 32.175 ns  ; column[10] ; B[3]~reg0 ; clk      ;
; N/A                                     ; None                                                ; 32.150 ns  ; column[6]  ; G[1]~reg0 ; clk      ;
; N/A                                     ; None                                                ; 32.150 ns  ; column[6]  ; G[2]~reg0 ; clk      ;
; N/A                                     ; None                                                ; 32.150 ns  ; column[6]  ; B[2]~reg0 ; clk      ;
; N/A                                     ; None                                                ; 32.150 ns  ; column[6]  ; B[3]~reg0 ; clk      ;
; N/A                                     ; None                                                ; 31.828 ns  ; column[9]  ; G[1]~reg0 ; clk      ;
; N/A                                     ; None                                                ; 31.828 ns  ; column[9]  ; G[2]~reg0 ; clk      ;
; N/A                                     ; None                                                ; 31.828 ns  ; column[9]  ; B[2]~reg0 ; clk      ;
; N/A                                     ; None                                                ; 31.828 ns  ; column[9]  ; B[3]~reg0 ; clk      ;
; N/A                                     ; None                                                ; 31.594 ns  ; column[10] ; G[3]~reg0 ; clk      ;
; N/A                                     ; None                                                ; 31.569 ns  ; column[6]  ; G[3]~reg0 ; clk      ;
; N/A                                     ; None                                                ; 31.247 ns  ; column[9]  ; G[3]~reg0 ; clk      ;
; N/A                                     ; None                                                ; 31.018 ns  ; column[5]  ; B[0]~reg0 ; clk      ;
; N/A                                     ; None                                                ; 31.018 ns  ; column[5]  ; R[1]~reg0 ; clk      ;
; N/A                                     ; None                                                ; 31.018 ns  ; column[5]  ; R[2]~reg0 ; clk      ;
; N/A                                     ; None                                                ; 31.018 ns  ; column[5]  ; R[3]~reg0 ; clk      ;
; N/A                                     ; None                                                ; 30.641 ns  ; column[5]  ; G[1]~reg0 ; clk      ;
; N/A                                     ; None                                                ; 30.641 ns  ; column[5]  ; G[2]~reg0 ; clk      ;
; N/A                                     ; None                                                ; 30.641 ns  ; column[5]  ; B[2]~reg0 ; clk      ;
; N/A                                     ; None                                                ; 30.641 ns  ; column[5]  ; B[3]~reg0 ; clk      ;
; N/A                                     ; None                                                ; 30.060 ns  ; column[5]  ; G[3]~reg0 ; clk      ;
; N/A                                     ; None                                                ; 29.372 ns  ; row[7]     ; B[0]~reg0 ; clk      ;
; N/A                                     ; None                                                ; 29.372 ns  ; row[7]     ; R[1]~reg0 ; clk      ;
; N/A                                     ; None                                                ; 29.372 ns  ; row[7]     ; R[2]~reg0 ; clk      ;
; N/A                                     ; None                                                ; 29.372 ns  ; row[7]     ; R[3]~reg0 ; clk      ;
; N/A                                     ; None                                                ; 29.329 ns  ; row[5]     ; B[0]~reg0 ; clk      ;
; N/A                                     ; None                                                ; 29.329 ns  ; row[5]     ; R[1]~reg0 ; clk      ;
; N/A                                     ; None                                                ; 29.329 ns  ; row[5]     ; R[2]~reg0 ; clk      ;
; N/A                                     ; None                                                ; 29.329 ns  ; row[5]     ; R[3]~reg0 ; clk      ;
; N/A                                     ; None                                                ; 28.995 ns  ; row[7]     ; G[1]~reg0 ; clk      ;
; N/A                                     ; None                                                ; 28.995 ns  ; row[7]     ; G[2]~reg0 ; clk      ;
; N/A                                     ; None                                                ; 28.995 ns  ; row[7]     ; B[2]~reg0 ; clk      ;
; N/A                                     ; None                                                ; 28.995 ns  ; row[7]     ; B[3]~reg0 ; clk      ;
; N/A                                     ; None                                                ; 28.980 ns  ; row[4]     ; B[0]~reg0 ; clk      ;
; N/A                                     ; None                                                ; 28.980 ns  ; row[4]     ; R[1]~reg0 ; clk      ;
; N/A                                     ; None                                                ; 28.980 ns  ; row[4]     ; R[2]~reg0 ; clk      ;
; N/A                                     ; None                                                ; 28.980 ns  ; row[4]     ; R[3]~reg0 ; clk      ;
; N/A                                     ; None                                                ; 28.952 ns  ; row[5]     ; G[1]~reg0 ; clk      ;
; N/A                                     ; None                                                ; 28.952 ns  ; row[5]     ; G[2]~reg0 ; clk      ;
; N/A                                     ; None                                                ; 28.952 ns  ; row[5]     ; B[2]~reg0 ; clk      ;
; N/A                                     ; None                                                ; 28.952 ns  ; row[5]     ; B[3]~reg0 ; clk      ;
; N/A                                     ; None                                                ; 28.645 ns  ; row[8]     ; B[0]~reg0 ; clk      ;
; N/A                                     ; None                                                ; 28.645 ns  ; row[8]     ; R[1]~reg0 ; clk      ;
; N/A                                     ; None                                                ; 28.645 ns  ; row[8]     ; R[2]~reg0 ; clk      ;
; N/A                                     ; None                                                ; 28.645 ns  ; row[8]     ; R[3]~reg0 ; clk      ;
; N/A                                     ; None                                                ; 28.604 ns  ; row[9]     ; B[0]~reg0 ; clk      ;
; N/A                                     ; None                                                ; 28.604 ns  ; row[9]     ; R[1]~reg0 ; clk      ;
; N/A                                     ; None                                                ; 28.604 ns  ; row[9]     ; R[2]~reg0 ; clk      ;
; N/A                                     ; None                                                ; 28.604 ns  ; row[9]     ; R[3]~reg0 ; clk      ;
; N/A                                     ; None                                                ; 28.603 ns  ; row[4]     ; G[1]~reg0 ; clk      ;
; N/A                                     ; None                                                ; 28.603 ns  ; row[4]     ; G[2]~reg0 ; clk      ;
; N/A                                     ; None                                                ; 28.603 ns  ; row[4]     ; B[2]~reg0 ; clk      ;
; N/A                                     ; None                                                ; 28.603 ns  ; row[4]     ; B[3]~reg0 ; clk      ;
; N/A                                     ; None                                                ; 28.502 ns  ; row[6]     ; B[0]~reg0 ; clk      ;
; N/A                                     ; None                                                ; 28.502 ns  ; row[6]     ; R[1]~reg0 ; clk      ;
; N/A                                     ; None                                                ; 28.502 ns  ; row[6]     ; R[2]~reg0 ; clk      ;
; N/A                                     ; None                                                ; 28.502 ns  ; row[6]     ; R[3]~reg0 ; clk      ;
; N/A                                     ; None                                                ; 28.434 ns  ; row[10]    ; B[0]~reg0 ; clk      ;
; N/A                                     ; None                                                ; 28.434 ns  ; row[10]    ; R[1]~reg0 ; clk      ;
; N/A                                     ; None                                                ; 28.434 ns  ; row[10]    ; R[2]~reg0 ; clk      ;
; N/A                                     ; None                                                ; 28.434 ns  ; row[10]    ; R[3]~reg0 ; clk      ;
; N/A                                     ; None                                                ; 28.414 ns  ; row[7]     ; G[3]~reg0 ; clk      ;
; N/A                                     ; None                                                ; 28.371 ns  ; row[5]     ; G[3]~reg0 ; clk      ;
; N/A                                     ; None                                                ; 28.268 ns  ; row[8]     ; G[1]~reg0 ; clk      ;
; N/A                                     ; None                                                ; 28.268 ns  ; row[8]     ; G[2]~reg0 ; clk      ;
; N/A                                     ; None                                                ; 28.268 ns  ; row[8]     ; B[2]~reg0 ; clk      ;
; N/A                                     ; None                                                ; 28.268 ns  ; row[8]     ; B[3]~reg0 ; clk      ;
; N/A                                     ; None                                                ; 28.227 ns  ; row[9]     ; G[1]~reg0 ; clk      ;
; N/A                                     ; None                                                ; 28.227 ns  ; row[9]     ; G[2]~reg0 ; clk      ;
; N/A                                     ; None                                                ; 28.227 ns  ; row[9]     ; B[2]~reg0 ; clk      ;
; N/A                                     ; None                                                ; 28.227 ns  ; row[9]     ; B[3]~reg0 ; clk      ;
; N/A                                     ; None                                                ; 28.182 ns  ; row[6]     ; G[2]~reg0 ; clk      ;
; N/A                                     ; None                                                ; 28.125 ns  ; row[6]     ; G[1]~reg0 ; clk      ;
; N/A                                     ; None                                                ; 28.125 ns  ; row[6]     ; B[2]~reg0 ; clk      ;
; N/A                                     ; None                                                ; 28.125 ns  ; row[6]     ; B[3]~reg0 ; clk      ;
; N/A                                     ; None                                                ; 28.057 ns  ; row[10]    ; G[1]~reg0 ; clk      ;
; N/A                                     ; None                                                ; 28.057 ns  ; row[10]    ; G[2]~reg0 ; clk      ;
; N/A                                     ; None                                                ; 28.057 ns  ; row[10]    ; B[2]~reg0 ; clk      ;
; N/A                                     ; None                                                ; 28.057 ns  ; row[10]    ; B[3]~reg0 ; clk      ;
; N/A                                     ; None                                                ; 28.022 ns  ; row[4]     ; G[3]~reg0 ; clk      ;
; N/A                                     ; None                                                ; 27.687 ns  ; row[8]     ; G[3]~reg0 ; clk      ;
; N/A                                     ; None                                                ; 27.646 ns  ; row[9]     ; G[3]~reg0 ; clk      ;
; N/A                                     ; None                                                ; 27.544 ns  ; row[6]     ; G[3]~reg0 ; clk      ;
; N/A                                     ; None                                                ; 27.476 ns  ; row[10]    ; G[3]~reg0 ; clk      ;
; N/A                                     ; None                                                ; 25.588 ns  ; row[3]     ; B[0]~reg0 ; clk      ;
; N/A                                     ; None                                                ; 25.588 ns  ; row[3]     ; R[1]~reg0 ; clk      ;
; N/A                                     ; None                                                ; 25.588 ns  ; row[3]     ; R[2]~reg0 ; clk      ;
; N/A                                     ; None                                                ; 25.588 ns  ; row[3]     ; R[3]~reg0 ; clk      ;
; N/A                                     ; None                                                ; 25.211 ns  ; row[3]     ; G[1]~reg0 ; clk      ;
; N/A                                     ; None                                                ; 25.211 ns  ; row[3]     ; G[2]~reg0 ; clk      ;
; N/A                                     ; None                                                ; 25.211 ns  ; row[3]     ; B[2]~reg0 ; clk      ;
; N/A                                     ; None                                                ; 25.211 ns  ; row[3]     ; B[3]~reg0 ; clk      ;
; N/A                                     ; None                                                ; 24.630 ns  ; row[3]     ; G[3]~reg0 ; clk      ;
; N/A                                     ; None                                                ; 24.393 ns  ; column[4]  ; B[0]~reg0 ; clk      ;
; N/A                                     ; None                                                ; 24.393 ns  ; column[4]  ; R[1]~reg0 ; clk      ;
; N/A                                     ; None                                                ; 24.393 ns  ; column[4]  ; R[2]~reg0 ; clk      ;
; N/A                                     ; None                                                ; 24.393 ns  ; column[4]  ; R[3]~reg0 ; clk      ;
; N/A                                     ; None                                                ; 24.016 ns  ; column[4]  ; G[1]~reg0 ; clk      ;
; N/A                                     ; None                                                ; 24.016 ns  ; column[4]  ; G[2]~reg0 ; clk      ;
; N/A                                     ; None                                                ; 24.016 ns  ; column[4]  ; B[2]~reg0 ; clk      ;
; N/A                                     ; None                                                ; 24.016 ns  ; column[4]  ; B[3]~reg0 ; clk      ;
; N/A                                     ; None                                                ; 23.435 ns  ; column[4]  ; G[3]~reg0 ; clk      ;
; N/A                                     ; None                                                ; 21.992 ns  ; row[2]     ; B[0]~reg0 ; clk      ;
; N/A                                     ; None                                                ; 21.992 ns  ; row[2]     ; R[1]~reg0 ; clk      ;
; N/A                                     ; None                                                ; 21.992 ns  ; row[2]     ; R[2]~reg0 ; clk      ;
; N/A                                     ; None                                                ; 21.992 ns  ; row[2]     ; R[3]~reg0 ; clk      ;
; N/A                                     ; None                                                ; 21.615 ns  ; row[2]     ; G[1]~reg0 ; clk      ;
; N/A                                     ; None                                                ; 21.615 ns  ; row[2]     ; G[2]~reg0 ; clk      ;
; N/A                                     ; None                                                ; 21.615 ns  ; row[2]     ; B[2]~reg0 ; clk      ;
; N/A                                     ; None                                                ; 21.615 ns  ; row[2]     ; B[3]~reg0 ; clk      ;
; N/A                                     ; None                                                ; 21.034 ns  ; row[2]     ; G[3]~reg0 ; clk      ;
; N/A                                     ; None                                                ; 20.328 ns  ; column[3]  ; B[0]~reg0 ; clk      ;
; N/A                                     ; None                                                ; 20.328 ns  ; column[3]  ; R[1]~reg0 ; clk      ;
; N/A                                     ; None                                                ; 20.328 ns  ; column[3]  ; R[2]~reg0 ; clk      ;
; N/A                                     ; None                                                ; 20.328 ns  ; column[3]  ; R[3]~reg0 ; clk      ;
; N/A                                     ; None                                                ; 19.951 ns  ; column[3]  ; G[1]~reg0 ; clk      ;
; N/A                                     ; None                                                ; 19.951 ns  ; column[3]  ; G[2]~reg0 ; clk      ;
; N/A                                     ; None                                                ; 19.951 ns  ; column[3]  ; B[2]~reg0 ; clk      ;
; N/A                                     ; None                                                ; 19.951 ns  ; column[3]  ; B[3]~reg0 ; clk      ;
; N/A                                     ; None                                                ; 19.370 ns  ; column[3]  ; G[3]~reg0 ; clk      ;
; N/A                                     ; None                                                ; 18.001 ns  ; row[1]     ; B[0]~reg0 ; clk      ;
; N/A                                     ; None                                                ; 18.001 ns  ; row[1]     ; R[1]~reg0 ; clk      ;
; N/A                                     ; None                                                ; 18.001 ns  ; row[1]     ; R[2]~reg0 ; clk      ;
; N/A                                     ; None                                                ; 18.001 ns  ; row[1]     ; R[3]~reg0 ; clk      ;
; N/A                                     ; None                                                ; 17.624 ns  ; row[1]     ; G[1]~reg0 ; clk      ;
; N/A                                     ; None                                                ; 17.624 ns  ; row[1]     ; G[2]~reg0 ; clk      ;
; N/A                                     ; None                                                ; 17.624 ns  ; row[1]     ; B[2]~reg0 ; clk      ;
; N/A                                     ; None                                                ; 17.624 ns  ; row[1]     ; B[3]~reg0 ; clk      ;
; N/A                                     ; None                                                ; 17.043 ns  ; row[1]     ; G[3]~reg0 ; clk      ;
; N/A                                     ; None                                                ; 16.922 ns  ; column[2]  ; B[0]~reg0 ; clk      ;
; N/A                                     ; None                                                ; 16.922 ns  ; column[2]  ; R[1]~reg0 ; clk      ;
; N/A                                     ; None                                                ; 16.922 ns  ; column[2]  ; R[2]~reg0 ; clk      ;
; N/A                                     ; None                                                ; 16.922 ns  ; column[2]  ; R[3]~reg0 ; clk      ;
; N/A                                     ; None                                                ; 16.545 ns  ; column[2]  ; G[1]~reg0 ; clk      ;
; N/A                                     ; None                                                ; 16.545 ns  ; column[2]  ; G[2]~reg0 ; clk      ;
; N/A                                     ; None                                                ; 16.545 ns  ; column[2]  ; B[2]~reg0 ; clk      ;
; N/A                                     ; None                                                ; 16.545 ns  ; column[2]  ; B[3]~reg0 ; clk      ;
; N/A                                     ; None                                                ; 15.964 ns  ; column[2]  ; G[3]~reg0 ; clk      ;
; N/A                                     ; None                                                ; 13.278 ns  ; row[0]     ; B[0]~reg0 ; clk      ;
; N/A                                     ; None                                                ; 13.278 ns  ; row[0]     ; R[1]~reg0 ; clk      ;
; N/A                                     ; None                                                ; 13.278 ns  ; row[0]     ; R[2]~reg0 ; clk      ;
; N/A                                     ; None                                                ; 13.278 ns  ; row[0]     ; R[3]~reg0 ; clk      ;
; N/A                                     ; None                                                ; 12.901 ns  ; row[0]     ; G[1]~reg0 ; clk      ;
; N/A                                     ; None                                                ; 12.901 ns  ; row[0]     ; G[2]~reg0 ; clk      ;
; N/A                                     ; None                                                ; 12.901 ns  ; row[0]     ; B[2]~reg0 ; clk      ;
; N/A                                     ; None                                                ; 12.901 ns  ; row[0]     ; B[3]~reg0 ; clk      ;
; N/A                                     ; None                                                ; 12.320 ns  ; row[0]     ; G[3]~reg0 ; clk      ;
; N/A                                     ; None                                                ; 11.747 ns  ; column[1]  ; B[3]~reg0 ; clk      ;
; N/A                                     ; None                                                ; 11.745 ns  ; column[1]  ; G[1]~reg0 ; clk      ;
; N/A                                     ; None                                                ; 11.744 ns  ; column[1]  ; B[2]~reg0 ; clk      ;
; N/A                                     ; None                                                ; 11.545 ns  ; column[1]  ; B[0]~reg0 ; clk      ;
; N/A                                     ; None                                                ; 11.545 ns  ; column[1]  ; R[1]~reg0 ; clk      ;
; N/A                                     ; None                                                ; 11.545 ns  ; column[1]  ; R[2]~reg0 ; clk      ;
; N/A                                     ; None                                                ; 11.545 ns  ; column[1]  ; R[3]~reg0 ; clk      ;
; N/A                                     ; None                                                ; 11.368 ns  ; column[1]  ; G[2]~reg0 ; clk      ;
; N/A                                     ; None                                                ; 11.118 ns  ; column[0]  ; B[3]~reg0 ; clk      ;
; N/A                                     ; None                                                ; 11.116 ns  ; column[0]  ; G[1]~reg0 ; clk      ;
; N/A                                     ; None                                                ; 11.115 ns  ; column[0]  ; B[2]~reg0 ; clk      ;
; N/A                                     ; None                                                ; 10.942 ns  ; column[0]  ; B[0]~reg0 ; clk      ;
; N/A                                     ; None                                                ; 10.942 ns  ; column[0]  ; R[1]~reg0 ; clk      ;
; N/A                                     ; None                                                ; 10.942 ns  ; column[0]  ; R[2]~reg0 ; clk      ;
; N/A                                     ; None                                                ; 10.942 ns  ; column[0]  ; R[3]~reg0 ; clk      ;
; N/A                                     ; None                                                ; 10.739 ns  ; column[0]  ; G[2]~reg0 ; clk      ;
; N/A                                     ; None                                                ; 10.647 ns  ; column[1]  ; G[3]~reg0 ; clk      ;
; N/A                                     ; None                                                ; 10.018 ns  ; column[0]  ; G[3]~reg0 ; clk      ;
; N/A                                     ; None                                                ; 9.893 ns   ; mode[0]    ; B[0]~reg0 ; clk      ;
; N/A                                     ; None                                                ; 9.893 ns   ; mode[0]    ; R[1]~reg0 ; clk      ;
; Timing analysis restricted to 200 rows. ; To change the limit use Settings (Assignments menu) ;            ;            ;           ;          ;
+-----------------------------------------+-----------------------------------------------------+------------+------------+-----------+----------+


+-------------------------------------------------------------------+
; tco                                                               ;
+-------+--------------+------------+-----------+------+------------+
; Slack ; Required tco ; Actual tco ; From      ; To   ; From Clock ;
+-------+--------------+------------+-----------+------+------------+
; N/A   ; None         ; 9.363 ns   ; G[2]~reg0 ; G[2] ; clk        ;
; N/A   ; None         ; 8.095 ns   ; B[3]~reg0 ; B[3] ; clk        ;
; N/A   ; None         ; 7.638 ns   ; G[3]~reg0 ; G[3] ; clk        ;
; N/A   ; None         ; 7.605 ns   ; G[1]~reg0 ; B[1] ; clk        ;
; N/A   ; None         ; 7.605 ns   ; G[1]~reg0 ; G[1] ; clk        ;
; N/A   ; None         ; 7.522 ns   ; B[0]~reg0 ; B[0] ; clk        ;
; N/A   ; None         ; 7.512 ns   ; B[0]~reg0 ; G[0] ; clk        ;
; N/A   ; None         ; 7.512 ns   ; B[0]~reg0 ; R[0] ; clk        ;
; N/A   ; None         ; 7.494 ns   ; R[3]~reg0 ; R[3] ; clk        ;
; N/A   ; None         ; 7.398 ns   ; B[2]~reg0 ; B[2] ; clk        ;
; N/A   ; None         ; 7.254 ns   ; R[2]~reg0 ; R[2] ; clk        ;
; N/A   ; None         ; 7.232 ns   ; R[1]~reg0 ; R[1] ; clk        ;
+-------+--------------+------------+-----------+------+------------+


+------------------------------------------------------------------------------------------------------------------------------------------------+
; th                                                                                                                                             ;
+-----------------------------------------+-----------------------------------------------------+------------+------------+-----------+----------+
; Minimum Slack                           ; Required th                                         ; Actual th  ; From       ; To        ; To Clock ;
+-----------------------------------------+-----------------------------------------------------+------------+------------+-----------+----------+
; N/A                                     ; None                                                ; -4.291 ns  ; mode[2]    ; G[3]~reg0 ; clk      ;
; N/A                                     ; None                                                ; -4.516 ns  ; mode[2]    ; R[1]~reg0 ; clk      ;
; N/A                                     ; None                                                ; -4.517 ns  ; mode[2]    ; B[0]~reg0 ; clk      ;
; N/A                                     ; None                                                ; -4.517 ns  ; mode[2]    ; R[3]~reg0 ; clk      ;
; N/A                                     ; None                                                ; -4.521 ns  ; mode[2]    ; R[2]~reg0 ; clk      ;
; N/A                                     ; None                                                ; -4.610 ns  ; mode[2]    ; B[3]~reg0 ; clk      ;
; N/A                                     ; None                                                ; -4.611 ns  ; mode[2]    ; G[1]~reg0 ; clk      ;
; N/A                                     ; None                                                ; -4.611 ns  ; mode[2]    ; B[2]~reg0 ; clk      ;
; N/A                                     ; None                                                ; -4.760 ns  ; mode[2]    ; G[2]~reg0 ; clk      ;
; N/A                                     ; None                                                ; -4.884 ns  ; mode[0]    ; G[1]~reg0 ; clk      ;
; N/A                                     ; None                                                ; -4.885 ns  ; mode[0]    ; B[3]~reg0 ; clk      ;
; N/A                                     ; None                                                ; -4.887 ns  ; mode[1]    ; G[3]~reg0 ; clk      ;
; N/A                                     ; None                                                ; -5.155 ns  ; mode[0]    ; B[0]~reg0 ; clk      ;
; N/A                                     ; None                                                ; -5.156 ns  ; mode[0]    ; R[1]~reg0 ; clk      ;
; N/A                                     ; None                                                ; -5.158 ns  ; mode[0]    ; R[3]~reg0 ; clk      ;
; N/A                                     ; None                                                ; -5.299 ns  ; mode[0]    ; B[2]~reg0 ; clk      ;
; N/A                                     ; None                                                ; -5.326 ns  ; mode[0]    ; G[2]~reg0 ; clk      ;
; N/A                                     ; None                                                ; -5.369 ns  ; mode[0]    ; R[2]~reg0 ; clk      ;
; N/A                                     ; None                                                ; -5.442 ns  ; mode[1]    ; R[2]~reg0 ; clk      ;
; N/A                                     ; None                                                ; -5.468 ns  ; mode[1]    ; G[1]~reg0 ; clk      ;
; N/A                                     ; None                                                ; -5.468 ns  ; mode[1]    ; G[2]~reg0 ; clk      ;
; N/A                                     ; None                                                ; -5.468 ns  ; mode[1]    ; B[2]~reg0 ; clk      ;
; N/A                                     ; None                                                ; -5.468 ns  ; mode[1]    ; B[3]~reg0 ; clk      ;
; N/A                                     ; None                                                ; -5.471 ns  ; mode[0]    ; G[3]~reg0 ; clk      ;
; N/A                                     ; None                                                ; -5.689 ns  ; mode[1]    ; R[1]~reg0 ; clk      ;
; N/A                                     ; None                                                ; -5.689 ns  ; mode[1]    ; R[3]~reg0 ; clk      ;
; N/A                                     ; None                                                ; -5.692 ns  ; mode[1]    ; B[0]~reg0 ; clk      ;
; N/A                                     ; None                                                ; -7.284 ns  ; column[9]  ; G[3]~reg0 ; clk      ;
; N/A                                     ; None                                                ; -7.470 ns  ; column[9]  ; B[2]~reg0 ; clk      ;
; N/A                                     ; None                                                ; -7.475 ns  ; column[6]  ; G[3]~reg0 ; clk      ;
; N/A                                     ; None                                                ; -7.502 ns  ; column[9]  ; G[2]~reg0 ; clk      ;
; N/A                                     ; None                                                ; -7.661 ns  ; column[6]  ; B[2]~reg0 ; clk      ;
; N/A                                     ; None                                                ; -7.664 ns  ; column[9]  ; G[1]~reg0 ; clk      ;
; N/A                                     ; None                                                ; -7.672 ns  ; column[9]  ; B[3]~reg0 ; clk      ;
; N/A                                     ; None                                                ; -7.686 ns  ; column[9]  ; R[2]~reg0 ; clk      ;
; N/A                                     ; None                                                ; -7.692 ns  ; column[4]  ; B[2]~reg0 ; clk      ;
; N/A                                     ; None                                                ; -7.693 ns  ; column[6]  ; G[2]~reg0 ; clk      ;
; N/A                                     ; None                                                ; -7.695 ns  ; column[9]  ; B[0]~reg0 ; clk      ;
; N/A                                     ; None                                                ; -7.699 ns  ; column[9]  ; R[1]~reg0 ; clk      ;
; N/A                                     ; None                                                ; -7.702 ns  ; column[9]  ; R[3]~reg0 ; clk      ;
; N/A                                     ; None                                                ; -7.838 ns  ; column[4]  ; G[2]~reg0 ; clk      ;
; N/A                                     ; None                                                ; -7.855 ns  ; column[6]  ; G[1]~reg0 ; clk      ;
; N/A                                     ; None                                                ; -7.863 ns  ; column[6]  ; B[3]~reg0 ; clk      ;
; N/A                                     ; None                                                ; -7.877 ns  ; column[6]  ; R[2]~reg0 ; clk      ;
; N/A                                     ; None                                                ; -7.921 ns  ; column[7]  ; G[3]~reg0 ; clk      ;
; N/A                                     ; None                                                ; -7.931 ns  ; row[6]     ; G[3]~reg0 ; clk      ;
; N/A                                     ; None                                                ; -7.966 ns  ; column[10] ; G[3]~reg0 ; clk      ;
; N/A                                     ; None                                                ; -7.968 ns  ; row[4]     ; G[3]~reg0 ; clk      ;
; N/A                                     ; None                                                ; -7.993 ns  ; column[6]  ; B[0]~reg0 ; clk      ;
; N/A                                     ; None                                                ; -7.997 ns  ; column[6]  ; R[1]~reg0 ; clk      ;
; N/A                                     ; None                                                ; -8.000 ns  ; column[6]  ; R[3]~reg0 ; clk      ;
; N/A                                     ; None                                                ; -8.064 ns  ; row[0]     ; G[3]~reg0 ; clk      ;
; N/A                                     ; None                                                ; -8.095 ns  ; column[8]  ; G[3]~reg0 ; clk      ;
; N/A                                     ; None                                                ; -8.099 ns  ; column[4]  ; G[3]~reg0 ; clk      ;
; N/A                                     ; None                                                ; -8.107 ns  ; column[7]  ; B[2]~reg0 ; clk      ;
; N/A                                     ; None                                                ; -8.139 ns  ; column[7]  ; G[2]~reg0 ; clk      ;
; N/A                                     ; None                                                ; -8.143 ns  ; column[1]  ; B[0]~reg0 ; clk      ;
; N/A                                     ; None                                                ; -8.152 ns  ; column[10] ; B[2]~reg0 ; clk      ;
; N/A                                     ; None                                                ; -8.159 ns  ; column[4]  ; R[2]~reg0 ; clk      ;
; N/A                                     ; None                                                ; -8.184 ns  ; column[10] ; G[2]~reg0 ; clk      ;
; N/A                                     ; None                                                ; -8.212 ns  ; column[8]  ; B[0]~reg0 ; clk      ;
; N/A                                     ; None                                                ; -8.216 ns  ; column[8]  ; R[1]~reg0 ; clk      ;
; N/A                                     ; None                                                ; -8.218 ns  ; row[1]     ; G[3]~reg0 ; clk      ;
; N/A                                     ; None                                                ; -8.219 ns  ; column[8]  ; R[3]~reg0 ; clk      ;
; N/A                                     ; None                                                ; -8.243 ns  ; column[4]  ; G[1]~reg0 ; clk      ;
; N/A                                     ; None                                                ; -8.247 ns  ; column[4]  ; R[1]~reg0 ; clk      ;
; N/A                                     ; None                                                ; -8.295 ns  ; column[5]  ; G[3]~reg0 ; clk      ;
; N/A                                     ; None                                                ; -8.301 ns  ; column[7]  ; G[1]~reg0 ; clk      ;
; N/A                                     ; None                                                ; -8.309 ns  ; column[7]  ; B[3]~reg0 ; clk      ;
; N/A                                     ; None                                                ; -8.323 ns  ; column[7]  ; R[2]~reg0 ; clk      ;
; N/A                                     ; None                                                ; -8.331 ns  ; column[7]  ; R[3]~reg0 ; clk      ;
; N/A                                     ; None                                                ; -8.333 ns  ; column[10] ; B[0]~reg0 ; clk      ;
; N/A                                     ; None                                                ; -8.335 ns  ; column[7]  ; B[0]~reg0 ; clk      ;
; N/A                                     ; None                                                ; -8.337 ns  ; column[10] ; R[1]~reg0 ; clk      ;
; N/A                                     ; None                                                ; -8.340 ns  ; column[10] ; R[3]~reg0 ; clk      ;
; N/A                                     ; None                                                ; -8.346 ns  ; column[10] ; G[1]~reg0 ; clk      ;
; N/A                                     ; None                                                ; -8.351 ns  ; column[3]  ; G[1]~reg0 ; clk      ;
; N/A                                     ; None                                                ; -8.354 ns  ; column[10] ; B[3]~reg0 ; clk      ;
; N/A                                     ; None                                                ; -8.355 ns  ; column[3]  ; R[1]~reg0 ; clk      ;
; N/A                                     ; None                                                ; -8.364 ns  ; column[8]  ; R[2]~reg0 ; clk      ;
; N/A                                     ; None                                                ; -8.368 ns  ; column[10] ; R[2]~reg0 ; clk      ;
; N/A                                     ; None                                                ; -8.368 ns  ; column[7]  ; R[1]~reg0 ; clk      ;
; N/A                                     ; None                                                ; -8.396 ns  ; column[8]  ; B[2]~reg0 ; clk      ;
; N/A                                     ; None                                                ; -8.470 ns  ; row[3]     ; G[3]~reg0 ; clk      ;
; N/A                                     ; None                                                ; -8.509 ns  ; column[8]  ; B[3]~reg0 ; clk      ;
; N/A                                     ; None                                                ; -8.513 ns  ; column[8]  ; G[1]~reg0 ; clk      ;
; N/A                                     ; None                                                ; -8.562 ns  ; column[2]  ; B[0]~reg0 ; clk      ;
; N/A                                     ; None                                                ; -8.575 ns  ; column[5]  ; R[2]~reg0 ; clk      ;
; N/A                                     ; None                                                ; -8.576 ns  ; column[8]  ; G[2]~reg0 ; clk      ;
; N/A                                     ; None                                                ; -8.580 ns  ; column[5]  ; R[3]~reg0 ; clk      ;
; N/A                                     ; None                                                ; -8.584 ns  ; column[5]  ; B[0]~reg0 ; clk      ;
; N/A                                     ; None                                                ; -8.596 ns  ; column[5]  ; B[2]~reg0 ; clk      ;
; N/A                                     ; None                                                ; -8.617 ns  ; column[5]  ; R[1]~reg0 ; clk      ;
; N/A                                     ; None                                                ; -8.645 ns  ; row[0]     ; G[1]~reg0 ; clk      ;
; N/A                                     ; None                                                ; -8.645 ns  ; row[0]     ; G[2]~reg0 ; clk      ;
; N/A                                     ; None                                                ; -8.645 ns  ; row[0]     ; B[2]~reg0 ; clk      ;
; N/A                                     ; None                                                ; -8.645 ns  ; row[0]     ; B[3]~reg0 ; clk      ;
; N/A                                     ; None                                                ; -8.652 ns  ; row[6]     ; G[2]~reg0 ; clk      ;
; N/A                                     ; None                                                ; -8.689 ns  ; row[4]     ; G[2]~reg0 ; clk      ;
; N/A                                     ; None                                                ; -8.700 ns  ; column[4]  ; B[0]~reg0 ; clk      ;
; N/A                                     ; None                                                ; -8.771 ns  ; row[6]     ; R[1]~reg0 ; clk      ;
; N/A                                     ; None                                                ; -8.771 ns  ; row[6]     ; R[3]~reg0 ; clk      ;
; N/A                                     ; None                                                ; -8.774 ns  ; row[6]     ; B[0]~reg0 ; clk      ;
; N/A                                     ; None                                                ; -8.776 ns  ; column[5]  ; G[2]~reg0 ; clk      ;
; N/A                                     ; None                                                ; -8.781 ns  ; row[6]     ; R[2]~reg0 ; clk      ;
; N/A                                     ; None                                                ; -8.790 ns  ; column[5]  ; G[1]~reg0 ; clk      ;
; N/A                                     ; None                                                ; -8.799 ns  ; row[1]     ; G[1]~reg0 ; clk      ;
; N/A                                     ; None                                                ; -8.799 ns  ; row[1]     ; G[2]~reg0 ; clk      ;
; N/A                                     ; None                                                ; -8.799 ns  ; row[1]     ; B[2]~reg0 ; clk      ;
; N/A                                     ; None                                                ; -8.799 ns  ; row[1]     ; B[3]~reg0 ; clk      ;
; N/A                                     ; None                                                ; -8.802 ns  ; row[5]     ; G[3]~reg0 ; clk      ;
; N/A                                     ; None                                                ; -8.802 ns  ; column[5]  ; B[3]~reg0 ; clk      ;
; N/A                                     ; None                                                ; -8.808 ns  ; row[4]     ; R[1]~reg0 ; clk      ;
; N/A                                     ; None                                                ; -8.808 ns  ; row[4]     ; R[3]~reg0 ; clk      ;
; N/A                                     ; None                                                ; -8.811 ns  ; row[4]     ; B[0]~reg0 ; clk      ;
; N/A                                     ; None                                                ; -8.811 ns  ; column[3]  ; B[0]~reg0 ; clk      ;
; N/A                                     ; None                                                ; -8.818 ns  ; row[4]     ; R[2]~reg0 ; clk      ;
; N/A                                     ; None                                                ; -8.826 ns  ; column[3]  ; B[2]~reg0 ; clk      ;
; N/A                                     ; None                                                ; -8.835 ns  ; column[3]  ; B[3]~reg0 ; clk      ;
; N/A                                     ; None                                                ; -8.912 ns  ; row[8]     ; G[3]~reg0 ; clk      ;
; N/A                                     ; None                                                ; -8.916 ns  ; column[2]  ; G[1]~reg0 ; clk      ;
; N/A                                     ; None                                                ; -8.920 ns  ; column[2]  ; R[1]~reg0 ; clk      ;
; N/A                                     ; None                                                ; -8.972 ns  ; column[3]  ; G[2]~reg0 ; clk      ;
; N/A                                     ; None                                                ; -9.022 ns  ; row[0]     ; B[0]~reg0 ; clk      ;
; N/A                                     ; None                                                ; -9.022 ns  ; row[0]     ; R[1]~reg0 ; clk      ;
; N/A                                     ; None                                                ; -9.022 ns  ; row[0]     ; R[2]~reg0 ; clk      ;
; N/A                                     ; None                                                ; -9.022 ns  ; row[0]     ; R[3]~reg0 ; clk      ;
; N/A                                     ; None                                                ; -9.028 ns  ; row[6]     ; B[2]~reg0 ; clk      ;
; N/A                                     ; None                                                ; -9.029 ns  ; row[6]     ; G[1]~reg0 ; clk      ;
; N/A                                     ; None                                                ; -9.031 ns  ; row[6]     ; B[3]~reg0 ; clk      ;
; N/A                                     ; None                                                ; -9.040 ns  ; column[3]  ; R[3]~reg0 ; clk      ;
; N/A                                     ; None                                                ; -9.065 ns  ; row[4]     ; B[2]~reg0 ; clk      ;
; N/A                                     ; None                                                ; -9.066 ns  ; row[4]     ; G[1]~reg0 ; clk      ;
; N/A                                     ; None                                                ; -9.068 ns  ; row[4]     ; B[3]~reg0 ; clk      ;
; N/A                                     ; None                                                ; -9.176 ns  ; row[1]     ; B[0]~reg0 ; clk      ;
; N/A                                     ; None                                                ; -9.176 ns  ; row[1]     ; R[1]~reg0 ; clk      ;
; N/A                                     ; None                                                ; -9.176 ns  ; row[1]     ; R[2]~reg0 ; clk      ;
; N/A                                     ; None                                                ; -9.176 ns  ; row[1]     ; R[3]~reg0 ; clk      ;
; N/A                                     ; None                                                ; -9.191 ns  ; row[3]     ; G[2]~reg0 ; clk      ;
; N/A                                     ; None                                                ; -9.293 ns  ; column[3]  ; R[2]~reg0 ; clk      ;
; N/A                                     ; None                                                ; -9.310 ns  ; row[3]     ; R[1]~reg0 ; clk      ;
; N/A                                     ; None                                                ; -9.310 ns  ; row[3]     ; R[3]~reg0 ; clk      ;
; N/A                                     ; None                                                ; -9.313 ns  ; row[3]     ; B[0]~reg0 ; clk      ;
; N/A                                     ; None                                                ; -9.320 ns  ; row[3]     ; R[2]~reg0 ; clk      ;
; N/A                                     ; None                                                ; -9.324 ns  ; column[4]  ; B[3]~reg0 ; clk      ;
; N/A                                     ; None                                                ; -9.332 ns  ; column[4]  ; R[3]~reg0 ; clk      ;
; N/A                                     ; None                                                ; -9.469 ns  ; row[2]     ; G[3]~reg0 ; clk      ;
; N/A                                     ; None                                                ; -9.486 ns  ; column[2]  ; B[3]~reg0 ; clk      ;
; N/A                                     ; None                                                ; -9.523 ns  ; row[5]     ; G[2]~reg0 ; clk      ;
; N/A                                     ; None                                                ; -9.567 ns  ; row[3]     ; B[2]~reg0 ; clk      ;
; N/A                                     ; None                                                ; -9.568 ns  ; row[3]     ; G[1]~reg0 ; clk      ;
; N/A                                     ; None                                                ; -9.570 ns  ; row[3]     ; B[3]~reg0 ; clk      ;
; N/A                                     ; None                                                ; -9.633 ns  ; row[8]     ; G[2]~reg0 ; clk      ;
; N/A                                     ; None                                                ; -9.642 ns  ; row[5]     ; R[1]~reg0 ; clk      ;
; N/A                                     ; None                                                ; -9.642 ns  ; row[5]     ; R[3]~reg0 ; clk      ;
; N/A                                     ; None                                                ; -9.645 ns  ; row[5]     ; B[0]~reg0 ; clk      ;
; N/A                                     ; None                                                ; -9.652 ns  ; row[5]     ; R[2]~reg0 ; clk      ;
; N/A                                     ; None                                                ; -9.736 ns  ; column[0]  ; G[3]~reg0 ; clk      ;
; N/A                                     ; None                                                ; -9.737 ns  ; column[2]  ; B[2]~reg0 ; clk      ;
; N/A                                     ; None                                                ; -9.740 ns  ; row[9]     ; G[3]~reg0 ; clk      ;
; N/A                                     ; None                                                ; -9.752 ns  ; row[8]     ; R[1]~reg0 ; clk      ;
; N/A                                     ; None                                                ; -9.752 ns  ; row[8]     ; R[3]~reg0 ; clk      ;
; N/A                                     ; None                                                ; -9.755 ns  ; row[8]     ; B[0]~reg0 ; clk      ;
; N/A                                     ; None                                                ; -9.762 ns  ; row[8]     ; R[2]~reg0 ; clk      ;
; N/A                                     ; None                                                ; -9.780 ns  ; column[3]  ; G[3]~reg0 ; clk      ;
; N/A                                     ; None                                                ; -9.897 ns  ; column[2]  ; G[2]~reg0 ; clk      ;
; N/A                                     ; None                                                ; -9.899 ns  ; row[5]     ; B[2]~reg0 ; clk      ;
; N/A                                     ; None                                                ; -9.900 ns  ; row[5]     ; G[1]~reg0 ; clk      ;
; N/A                                     ; None                                                ; -9.902 ns  ; row[5]     ; B[3]~reg0 ; clk      ;
; N/A                                     ; None                                                ; -10.009 ns ; row[8]     ; B[2]~reg0 ; clk      ;
; N/A                                     ; None                                                ; -10.010 ns ; row[8]     ; G[1]~reg0 ; clk      ;
; N/A                                     ; None                                                ; -10.012 ns ; row[8]     ; B[3]~reg0 ; clk      ;
; N/A                                     ; None                                                ; -10.040 ns ; column[2]  ; R[2]~reg0 ; clk      ;
; N/A                                     ; None                                                ; -10.151 ns ; column[2]  ; G[3]~reg0 ; clk      ;
; N/A                                     ; None                                                ; -10.173 ns ; row[7]     ; G[3]~reg0 ; clk      ;
; N/A                                     ; None                                                ; -10.190 ns ; row[2]     ; G[2]~reg0 ; clk      ;
; N/A                                     ; None                                                ; -10.309 ns ; row[2]     ; R[1]~reg0 ; clk      ;
; N/A                                     ; None                                                ; -10.309 ns ; row[2]     ; R[3]~reg0 ; clk      ;
; N/A                                     ; None                                                ; -10.312 ns ; row[2]     ; B[0]~reg0 ; clk      ;
; N/A                                     ; None                                                ; -10.317 ns ; column[0]  ; G[1]~reg0 ; clk      ;
; N/A                                     ; None                                                ; -10.317 ns ; column[0]  ; G[2]~reg0 ; clk      ;
; N/A                                     ; None                                                ; -10.317 ns ; column[0]  ; B[2]~reg0 ; clk      ;
; N/A                                     ; None                                                ; -10.317 ns ; column[0]  ; B[3]~reg0 ; clk      ;
; N/A                                     ; None                                                ; -10.319 ns ; row[2]     ; R[2]~reg0 ; clk      ;
; N/A                                     ; None                                                ; -10.339 ns ; column[1]  ; G[3]~reg0 ; clk      ;
; N/A                                     ; None                                                ; -10.461 ns ; row[10]    ; G[3]~reg0 ; clk      ;
; N/A                                     ; None                                                ; -10.461 ns ; row[9]     ; G[2]~reg0 ; clk      ;
; N/A                                     ; None                                                ; -10.566 ns ; row[2]     ; B[2]~reg0 ; clk      ;
; N/A                                     ; None                                                ; -10.567 ns ; row[2]     ; G[1]~reg0 ; clk      ;
; N/A                                     ; None                                                ; -10.569 ns ; row[2]     ; B[3]~reg0 ; clk      ;
; N/A                                     ; None                                                ; -10.580 ns ; row[9]     ; R[1]~reg0 ; clk      ;
; N/A                                     ; None                                                ; -10.580 ns ; row[9]     ; R[3]~reg0 ; clk      ;
; N/A                                     ; None                                                ; -10.583 ns ; row[9]     ; B[0]~reg0 ; clk      ;
; N/A                                     ; None                                                ; -10.590 ns ; row[9]     ; R[2]~reg0 ; clk      ;
; N/A                                     ; None                                                ; -10.610 ns ; column[0]  ; R[1]~reg0 ; clk      ;
; N/A                                     ; None                                                ; -10.610 ns ; column[0]  ; R[3]~reg0 ; clk      ;
; N/A                                     ; None                                                ; -10.613 ns ; column[0]  ; B[0]~reg0 ; clk      ;
; N/A                                     ; None                                                ; -10.620 ns ; column[0]  ; R[2]~reg0 ; clk      ;
; N/A                                     ; None                                                ; -10.837 ns ; row[9]     ; B[2]~reg0 ; clk      ;
; N/A                                     ; None                                                ; -10.838 ns ; row[9]     ; G[1]~reg0 ; clk      ;
; Timing analysis restricted to 200 rows. ; To change the limit use Settings (Assignments menu) ;            ;            ;           ;          ;
+-----------------------------------------+-----------------------------------------------------+------------+------------+-----------+----------+


+--------------------------+
; Timing Analyzer Messages ;
+--------------------------+
Info: *******************************************************************
Info: Running Quartus II Classic Timing Analyzer
    Info: Version 9.0 Build 235 06/17/2009 Service Pack 2 SJ Web Edition
    Info: Processing started: Wed May 11 10:51:27 2016
Info: Command: quartus_tan --read_settings_files=off --write_settings_files=off VGA_Video_Generator -c VGA_Video_Generator --timing_analysis_only
Warning: Found pins functioning as undefined clocks and/or memory enables
    Info: Assuming node "clk" is an undefined clock
Info: Clock "clk" Internal fmax is restricted to 380.08 MHz between source register "R[2]~reg0" and destination register "R[2]~reg0"
    Info: fmax restricted to clock pin edge rate 2.631 ns. Expand message to see actual delay path.
        Info: + Longest register to register delay is 1.899 ns
            Info: 1: + IC(0.000 ns) + CELL(0.000 ns) = 0.000 ns; Loc. = LCFF_X37_Y22_N5; Fanout = 3; REG Node = 'R[2]~reg0'
            Info: 2: + IC(0.384 ns) + CELL(0.322 ns) = 0.706 ns; Loc. = LCCOMB_X37_Y22_N16; Fanout = 1; COMB Node = 'Selector13~0'
            Info: 3: + IC(0.300 ns) + CELL(0.322 ns) = 1.328 ns; Loc. = LCCOMB_X37_Y22_N18; Fanout = 1; COMB Node = 'Mux1~0'
            Info: 4: + IC(0.297 ns) + CELL(0.178 ns) = 1.803 ns; Loc. = LCCOMB_X37_Y22_N4; Fanout = 1; COMB Node = 'Mux1~1'
            Info: 5: + IC(0.000 ns) + CELL(0.096 ns) = 1.899 ns; Loc. = LCFF_X37_Y22_N5; Fanout = 3; REG Node = 'R[2]~reg0'
            Info: Total cell delay = 0.918 ns ( 48.34 % )
            Info: Total interconnect delay = 0.981 ns ( 51.66 % )
        Info: - Smallest clock skew is 0.000 ns
            Info: + Shortest clock path from clock "clk" to destination register is 2.855 ns
                Info: 1: + IC(0.000 ns) + CELL(1.026 ns) = 1.026 ns; Loc. = PIN_M1; Fanout = 1; CLK Node = 'clk'
                Info: 2: + IC(0.238 ns) + CELL(0.000 ns) = 1.264 ns; Loc. = CLKCTRL_G3; Fanout = 9; COMB Node = 'clk~clkctrl'
                Info: 3: + IC(0.989 ns) + CELL(0.602 ns) = 2.855 ns; Loc. = LCFF_X37_Y22_N5; Fanout = 3; REG Node = 'R[2]~reg0'
                Info: Total cell delay = 1.628 ns ( 57.02 % )
                Info: Total interconnect delay = 1.227 ns ( 42.98 % )
            Info: - Longest clock path from clock "clk" to source register is 2.855 ns
                Info: 1: + IC(0.000 ns) + CELL(1.026 ns) = 1.026 ns; Loc. = PIN_M1; Fanout = 1; CLK Node = 'clk'
                Info: 2: + IC(0.238 ns) + CELL(0.000 ns) = 1.264 ns; Loc. = CLKCTRL_G3; Fanout = 9; COMB Node = 'clk~clkctrl'
                Info: 3: + IC(0.989 ns) + CELL(0.602 ns) = 2.855 ns; Loc. = LCFF_X37_Y22_N5; Fanout = 3; REG Node = 'R[2]~reg0'
                Info: Total cell delay = 1.628 ns ( 57.02 % )
                Info: Total interconnect delay = 1.227 ns ( 42.98 % )
        Info: + Micro clock to output delay of source is 0.277 ns
        Info: + Micro setup delay of destination is -0.038 ns
Info: tsu for register "B[0]~reg0" (data pin = "column[8]", clock pin = "clk") is 33.208 ns
    Info: + Longest pin to register delay is 36.101 ns
        Info: 1: + IC(0.000 ns) + CELL(0.834 ns) = 0.834 ns; Loc. = PIN_M6; Fanout = 13; PIN Node = 'column[8]'
        Info: 2: + IC(6.608 ns) + CELL(0.495 ns) = 7.937 ns; Loc. = LCCOMB_X37_Y14_N24; Fanout = 2; COMB Node = 'lpm_divide:Mod0|lpm_divide_s7m:auto_generated|sign_div_unsign_3nh:divider|alt_u_div_85f:divider|add_sub_6_result_int[4]~5'
        Info: 3: + IC(0.000 ns) + CELL(0.080 ns) = 8.017 ns; Loc. = LCCOMB_X37_Y14_N26; Fanout = 2; COMB Node = 'lpm_divide:Mod0|lpm_divide_s7m:auto_generated|sign_div_unsign_3nh:divider|alt_u_div_85f:divider|add_sub_6_result_int[5]~7'
        Info: 4: + IC(0.000 ns) + CELL(0.080 ns) = 8.097 ns; Loc. = LCCOMB_X37_Y14_N28; Fanout = 1; COMB Node = 'lpm_divide:Mod0|lpm_divide_s7m:auto_generated|sign_div_unsign_3nh:divider|alt_u_div_85f:divider|add_sub_6_result_int[6]~9'
        Info: 5: + IC(0.000 ns) + CELL(0.458 ns) = 8.555 ns; Loc. = LCCOMB_X37_Y14_N30; Fanout = 17; COMB Node = 'lpm_divide:Mod0|lpm_divide_s7m:auto_generated|sign_div_unsign_3nh:divider|alt_u_div_85f:divider|add_sub_6_result_int[7]~10'
        Info: 6: + IC(1.522 ns) + CELL(0.322 ns) = 10.399 ns; Loc. = LCCOMB_X44_Y12_N2; Fanout = 2; COMB Node = 'lpm_divide:Mod0|lpm_divide_s7m:auto_generated|sign_div_unsign_3nh:divider|alt_u_div_85f:divider|StageOut[67]~108'
        Info: 7: + IC(1.497 ns) + CELL(0.517 ns) = 12.413 ns; Loc. = LCCOMB_X37_Y14_N0; Fanout = 2; COMB Node = 'lpm_divide:Mod0|lpm_divide_s7m:auto_generated|sign_div_unsign_3nh:divider|alt_u_div_85f:divider|add_sub_7_result_int[2]~1'
        Info: 8: + IC(0.000 ns) + CELL(0.080 ns) = 12.493 ns; Loc. = LCCOMB_X37_Y14_N2; Fanout = 2; COMB Node = 'lpm_divide:Mod0|lpm_divide_s7m:auto_generated|sign_div_unsign_3nh:divider|alt_u_div_85f:divider|add_sub_7_result_int[3]~3'
        Info: 9: + IC(0.000 ns) + CELL(0.080 ns) = 12.573 ns; Loc. = LCCOMB_X37_Y14_N4; Fanout = 2; COMB Node = 'lpm_divide:Mod0|lpm_divide_s7m:auto_generated|sign_div_unsign_3nh:divider|alt_u_div_85f:divider|add_sub_7_result_int[4]~5'
        Info: 10: + IC(0.000 ns) + CELL(0.080 ns) = 12.653 ns; Loc. = LCCOMB_X37_Y14_N6; Fanout = 2; COMB Node = 'lpm_divide:Mod0|lpm_divide_s7m:auto_generated|sign_div_unsign_3nh:divider|alt_u_div_85f:divider|add_sub_7_result_int[5]~7'
        Info: 11: + IC(0.000 ns) + CELL(0.080 ns) = 12.733 ns; Loc. = LCCOMB_X37_Y14_N8; Fanout = 2; COMB Node = 'lpm_divide:Mod0|lpm_divide_s7m:auto_generated|sign_div_unsign_3nh:divider|alt_u_div_85f:divider|add_sub_7_result_int[6]~9'
        Info: 12: + IC(0.000 ns) + CELL(0.080 ns) = 12.813 ns; Loc. = LCCOMB_X37_Y14_N10; Fanout = 1; COMB Node = 'lpm_divide:Mod0|lpm_divide_s7m:auto_generated|sign_div_unsign_3nh:divider|alt_u_div_85f:divider|add_sub_7_result_int[7]~11'
        Info: 13: + IC(0.000 ns) + CELL(0.458 ns) = 13.271 ns; Loc. = LCCOMB_X37_Y14_N12; Fanout = 20; COMB Node = 'lpm_divide:Mod0|lpm_divide_s7m:auto_generated|sign_div_unsign_3nh:divider|alt_u_div_85f:divider|add_sub_7_result_int[8]~12'
        Info: 14: + IC(2.140 ns) + CELL(0.491 ns) = 15.902 ns; Loc. = LCCOMB_X44_Y12_N4; Fanout = 2; COMB Node = 'lpm_divide:Mod0|lpm_divide_s7m:auto_generated|sign_div_unsign_3nh:divider|alt_u_div_85f:divider|StageOut[78]~75'
        Info: 15: + IC(1.190 ns) + CELL(0.620 ns) = 17.712 ns; Loc. = LCCOMB_X40_Y13_N14; Fanout = 2; COMB Node = 'lpm_divide:Mod0|lpm_divide_s7m:auto_generated|sign_div_unsign_3nh:divider|alt_u_div_85f:divider|add_sub_8_result_int[2]~1'
        Info: 16: + IC(0.000 ns) + CELL(0.080 ns) = 17.792 ns; Loc. = LCCOMB_X40_Y13_N16; Fanout = 2; COMB Node = 'lpm_divide:Mod0|lpm_divide_s7m:auto_generated|sign_div_unsign_3nh:divider|alt_u_div_85f:divider|add_sub_8_result_int[3]~3'
        Info: 17: + IC(0.000 ns) + CELL(0.080 ns) = 17.872 ns; Loc. = LCCOMB_X40_Y13_N18; Fanout = 2; COMB Node = 'lpm_divide:Mod0|lpm_divide_s7m:auto_generated|sign_div_unsign_3nh:divider|alt_u_div_85f:divider|add_sub_8_result_int[4]~5'
        Info: 18: + IC(0.000 ns) + CELL(0.080 ns) = 17.952 ns; Loc. = LCCOMB_X40_Y13_N20; Fanout = 2; COMB Node = 'lpm_divide:Mod0|lpm_divide_s7m:auto_generated|sign_div_unsign_3nh:divider|alt_u_div_85f:divider|add_sub_8_result_int[5]~7'
        Info: 19: + IC(0.000 ns) + CELL(0.080 ns) = 18.032 ns; Loc. = LCCOMB_X40_Y13_N22; Fanout = 2; COMB Node = 'lpm_divide:Mod0|lpm_divide_s7m:auto_generated|sign_div_unsign_3nh:divider|alt_u_div_85f:divider|add_sub_8_result_int[6]~9'
        Info: 20: + IC(0.000 ns) + CELL(0.080 ns) = 18.112 ns; Loc. = LCCOMB_X40_Y13_N24; Fanout = 2; COMB Node = 'lpm_divide:Mod0|lpm_divide_s7m:auto_generated|sign_div_unsign_3nh:divider|alt_u_div_85f:divider|add_sub_8_result_int[7]~11'
        Info: 21: + IC(0.000 ns) + CELL(0.080 ns) = 18.192 ns; Loc. = LCCOMB_X40_Y13_N26; Fanout = 1; COMB Node = 'lpm_divide:Mod0|lpm_divide_s7m:auto_generated|sign_div_unsign_3nh:divider|alt_u_div_85f:divider|add_sub_8_result_int[8]~13'
        Info: 22: + IC(0.000 ns) + CELL(0.458 ns) = 18.650 ns; Loc. = LCCOMB_X40_Y13_N28; Fanout = 25; COMB Node = 'lpm_divide:Mod0|lpm_divide_s7m:auto_generated|sign_div_unsign_3nh:divider|alt_u_div_85f:divider|add_sub_8_result_int[9]~14'
        Info: 23: + IC(1.498 ns) + CELL(0.461 ns) = 20.609 ns; Loc. = LCCOMB_X44_Y12_N18; Fanout = 2; COMB Node = 'lpm_divide:Mod0|lpm_divide_s7m:auto_generated|sign_div_unsign_3nh:divider|alt_u_div_85f:divider|StageOut[89]~64'
        Info: 24: + IC(1.226 ns) + CELL(0.517 ns) = 22.352 ns; Loc. = LCCOMB_X42_Y13_N0; Fanout = 2; COMB Node = 'lpm_divide:Mod0|lpm_divide_s7m:auto_generated|sign_div_unsign_3nh:divider|alt_u_div_85f:divider|add_sub_9_result_int[2]~1'
        Info: 25: + IC(0.000 ns) + CELL(0.080 ns) = 22.432 ns; Loc. = LCCOMB_X42_Y13_N2; Fanout = 2; COMB Node = 'lpm_divide:Mod0|lpm_divide_s7m:auto_generated|sign_div_unsign_3nh:divider|alt_u_div_85f:divider|add_sub_9_result_int[3]~3'
        Info: 26: + IC(0.000 ns) + CELL(0.080 ns) = 22.512 ns; Loc. = LCCOMB_X42_Y13_N4; Fanout = 2; COMB Node = 'lpm_divide:Mod0|lpm_divide_s7m:auto_generated|sign_div_unsign_3nh:divider|alt_u_div_85f:divider|add_sub_9_result_int[4]~5'
        Info: 27: + IC(0.000 ns) + CELL(0.080 ns) = 22.592 ns; Loc. = LCCOMB_X42_Y13_N6; Fanout = 2; COMB Node = 'lpm_divide:Mod0|lpm_divide_s7m:auto_generated|sign_div_unsign_3nh:divider|alt_u_div_85f:divider|add_sub_9_result_int[5]~7'
        Info: 28: + IC(0.000 ns) + CELL(0.080 ns) = 22.672 ns; Loc. = LCCOMB_X42_Y13_N8; Fanout = 2; COMB Node = 'lpm_divide:Mod0|lpm_divide_s7m:auto_generated|sign_div_unsign_3nh:divider|alt_u_div_85f:divider|add_sub_9_result_int[6]~9'
        Info: 29: + IC(0.000 ns) + CELL(0.080 ns) = 22.752 ns; Loc. = LCCOMB_X42_Y13_N10; Fanout = 2; COMB Node = 'lpm_divide:Mod0|lpm_divide_s7m:auto_generated|sign_div_unsign_3nh:divider|alt_u_div_85f:divider|add_sub_9_result_int[7]~11'
        Info: 30: + IC(0.000 ns) + CELL(0.080 ns) = 22.832 ns; Loc. = LCCOMB_X42_Y13_N12; Fanout = 2; COMB Node = 'lpm_divide:Mod0|lpm_divide_s7m:auto_generated|sign_div_unsign_3nh:divider|alt_u_div_85f:divider|add_sub_9_result_int[8]~13'
        Info: 31: + IC(0.000 ns) + CELL(0.174 ns) = 23.006 ns; Loc. = LCCOMB_X42_Y13_N14; Fanout = 1; COMB Node = 'lpm_divide:Mod0|lpm_divide_s7m:auto_generated|sign_div_unsign_3nh:divider|alt_u_div_85f:divider|add_sub_9_result_int[9]~15'
        Info: 32: + IC(0.000 ns) + CELL(0.458 ns) = 23.464 ns; Loc. = LCCOMB_X42_Y13_N16; Fanout = 20; COMB Node = 'lpm_divide:Mod0|lpm_divide_s7m:auto_generated|sign_div_unsign_3nh:divider|alt_u_div_85f:divider|add_sub_9_result_int[10]~16'
        Info: 33: + IC(0.900 ns) + CELL(0.457 ns) = 24.821 ns; Loc. = LCCOMB_X44_Y13_N12; Fanout = 3; COMB Node = 'lpm_divide:Mod0|lpm_divide_s7m:auto_generated|sign_div_unsign_3nh:divider|alt_u_div_85f:divider|StageOut[103]~39'
        Info: 34: + IC(0.785 ns) + CELL(0.495 ns) = 26.101 ns; Loc. = LCCOMB_X45_Y13_N8; Fanout = 2; COMB Node = 'lpm_divide:Mod0|lpm_divide_s7m:auto_generated|sign_div_unsign_3nh:divider|alt_u_div_85f:divider|add_sub_10_result_int[5]~7'
        Info: 35: + IC(0.000 ns) + CELL(0.080 ns) = 26.181 ns; Loc. = LCCOMB_X45_Y13_N10; Fanout = 2; COMB Node = 'lpm_divide:Mod0|lpm_divide_s7m:auto_generated|sign_div_unsign_3nh:divider|alt_u_div_85f:divider|add_sub_10_result_int[6]~9'
        Info: 36: + IC(0.000 ns) + CELL(0.080 ns) = 26.261 ns; Loc. = LCCOMB_X45_Y13_N12; Fanout = 2; COMB Node = 'lpm_divide:Mod0|lpm_divide_s7m:auto_generated|sign_div_unsign_3nh:divider|alt_u_div_85f:divider|add_sub_10_result_int[7]~11'
        Info: 37: + IC(0.000 ns) + CELL(0.174 ns) = 26.435 ns; Loc. = LCCOMB_X45_Y13_N14; Fanout = 2; COMB Node = 'lpm_divide:Mod0|lpm_divide_s7m:auto_generated|sign_div_unsign_3nh:divider|alt_u_div_85f:divider|add_sub_10_result_int[8]~13'
        Info: 38: + IC(0.000 ns) + CELL(0.080 ns) = 26.515 ns; Loc. = LCCOMB_X45_Y13_N16; Fanout = 2; COMB Node = 'lpm_divide:Mod0|lpm_divide_s7m:auto_generated|sign_div_unsign_3nh:divider|alt_u_div_85f:divider|add_sub_10_result_int[9]~15'
        Info: 39: + IC(0.000 ns) + CELL(0.080 ns) = 26.595 ns; Loc. = LCCOMB_X45_Y13_N18; Fanout = 1; COMB Node = 'lpm_divide:Mod0|lpm_divide_s7m:auto_generated|sign_div_unsign_3nh:divider|alt_u_div_85f:divider|add_sub_10_result_int[10]~17'
        Info: 40: + IC(0.000 ns) + CELL(0.458 ns) = 27.053 ns; Loc. = LCCOMB_X45_Y13_N20; Fanout = 3; COMB Node = 'lpm_divide:Mod0|lpm_divide_s7m:auto_generated|sign_div_unsign_3nh:divider|alt_u_div_85f:divider|add_sub_10_result_int[11]~18'
        Info: 41: + IC(0.823 ns) + CELL(0.178 ns) = 28.054 ns; Loc. = LCCOMB_X44_Y13_N26; Fanout = 1; COMB Node = 'WideNor1~8'
        Info: 42: + IC(0.533 ns) + CELL(0.512 ns) = 29.099 ns; Loc. = LCCOMB_X44_Y13_N20; Fanout = 1; COMB Node = 'WideNor1~9'
        Info: 43: + IC(0.294 ns) + CELL(0.322 ns) = 29.715 ns; Loc. = LCCOMB_X44_Y13_N22; Fanout = 1; COMB Node = 'WideNor1~10'
        Info: 44: + IC(1.163 ns) + CELL(0.544 ns) = 31.422 ns; Loc. = LCCOMB_X48_Y12_N6; Fanout = 1; COMB Node = 'B[0]~11'
        Info: 45: + IC(2.134 ns) + CELL(0.545 ns) = 34.101 ns; Loc. = LCCOMB_X37_Y20_N16; Fanout = 9; COMB Node = 'B[0]~12'
        Info: 46: + IC(1.242 ns) + CELL(0.758 ns) = 36.101 ns; Loc. = LCFF_X37_Y22_N25; Fanout = 5; REG Node = 'B[0]~reg0'
        Info: Total cell delay = 12.546 ns ( 34.75 % )
        Info: Total interconnect delay = 23.555 ns ( 65.25 % )
    Info: + Micro setup delay of destination is -0.038 ns
    Info: - Shortest clock path from clock "clk" to destination register is 2.855 ns
        Info: 1: + IC(0.000 ns) + CELL(1.026 ns) = 1.026 ns; Loc. = PIN_M1; Fanout = 1; CLK Node = 'clk'
        Info: 2: + IC(0.238 ns) + CELL(0.000 ns) = 1.264 ns; Loc. = CLKCTRL_G3; Fanout = 9; COMB Node = 'clk~clkctrl'
        Info: 3: + IC(0.989 ns) + CELL(0.602 ns) = 2.855 ns; Loc. = LCFF_X37_Y22_N25; Fanout = 5; REG Node = 'B[0]~reg0'
        Info: Total cell delay = 1.628 ns ( 57.02 % )
        Info: Total interconnect delay = 1.227 ns ( 42.98 % )
Info: tco from clock "clk" to destination pin "G[2]" through register "G[2]~reg0" is 9.363 ns
    Info: + Longest clock path from clock "clk" to source register is 2.855 ns
        Info: 1: + IC(0.000 ns) + CELL(1.026 ns) = 1.026 ns; Loc. = PIN_M1; Fanout = 1; CLK Node = 'clk'
        Info: 2: + IC(0.238 ns) + CELL(0.000 ns) = 1.264 ns; Loc. = CLKCTRL_G3; Fanout = 9; COMB Node = 'clk~clkctrl'
        Info: 3: + IC(0.989 ns) + CELL(0.602 ns) = 2.855 ns; Loc. = LCFF_X38_Y22_N27; Fanout = 3; REG Node = 'G[2]~reg0'
        Info: Total cell delay = 1.628 ns ( 57.02 % )
        Info: Total interconnect delay = 1.227 ns ( 42.98 % )
    Info: + Micro clock to output delay of source is 0.277 ns
    Info: + Longest register to pin delay is 6.231 ns
        Info: 1: + IC(0.000 ns) + CELL(0.000 ns) = 0.000 ns; Loc. = LCFF_X38_Y22_N27; Fanout = 3; REG Node = 'G[2]~reg0'
        Info: 2: + IC(3.371 ns) + CELL(2.860 ns) = 6.231 ns; Loc. = PIN_D2; Fanout = 0; PIN Node = 'G[2]'
        Info: Total cell delay = 2.860 ns ( 45.90 % )
        Info: Total interconnect delay = 3.371 ns ( 54.10 % )
Info: th for register "G[3]~reg0" (data pin = "mode[2]", clock pin = "clk") is -4.291 ns
    Info: + Longest clock path from clock "clk" to destination register is 2.840 ns
        Info: 1: + IC(0.000 ns) + CELL(1.026 ns) = 1.026 ns; Loc. = PIN_M1; Fanout = 1; CLK Node = 'clk'
        Info: 2: + IC(0.238 ns) + CELL(0.000 ns) = 1.264 ns; Loc. = CLKCTRL_G3; Fanout = 9; COMB Node = 'clk~clkctrl'
        Info: 3: + IC(0.974 ns) + CELL(0.602 ns) = 2.840 ns; Loc. = LCFF_X37_Y20_N9; Fanout = 3; REG Node = 'G[3]~reg0'
        Info: Total cell delay = 1.628 ns ( 57.32 % )
        Info: Total interconnect delay = 1.212 ns ( 42.68 % )
    Info: + Micro hold delay of destination is 0.286 ns
    Info: - Shortest pin to register delay is 7.417 ns
        Info: 1: + IC(0.000 ns) + CELL(0.874 ns) = 0.874 ns; Loc. = PIN_E22; Fanout = 12; PIN Node = 'mode[2]'
        Info: 2: + IC(5.657 ns) + CELL(0.322 ns) = 6.853 ns; Loc. = LCCOMB_X37_Y20_N0; Fanout = 1; COMB Node = 'Mux4~0'
        Info: 3: + IC(0.290 ns) + CELL(0.178 ns) = 7.321 ns; Loc. = LCCOMB_X37_Y20_N8; Fanout = 1; COMB Node = 'Mux4~1'
        Info: 4: + IC(0.000 ns) + CELL(0.096 ns) = 7.417 ns; Loc. = LCFF_X37_Y20_N9; Fanout = 3; REG Node = 'G[3]~reg0'
        Info: Total cell delay = 1.470 ns ( 19.82 % )
        Info: Total interconnect delay = 5.947 ns ( 80.18 % )
Info: Quartus II Classic Timing Analyzer was successful. 0 errors, 1 warning
    Info: Peak virtual memory: 177 megabytes
    Info: Processing ended: Wed May 11 10:51:27 2016
    Info: Elapsed time: 00:00:00
    Info: Total CPU time (on all processors): 00:00:00


