Classic Timing Analyzer report for divider
Tue Apr 10 12:38:37 2018
Quartus II Version 9.0 Build 235 06/17/2009 Service Pack 2 SJ Web Edition


---------------------
; Table of Contents ;
---------------------
  1. Legal Notice
  2. Timing Analyzer Summary
  3. Timing Analyzer Settings
  4. Clock Settings Summary
  5. Parallel Compilation
  6. Clock Setup: 'clc'
  7. tco
  8. Timing Analyzer Messages



----------------
; Legal Notice ;
----------------
Copyright (C) 1991-2009 Altera Corporation
Your use of Altera Corporation's design tools, logic functions 
and other software and tools, and its AMPP partner logic 
functions, and any output files from any of the foregoing 
(including device programming or simulation files), and any 
associated documentation or information are expressly subject 
to the terms and conditions of the Altera Program License 
Subscription Agreement, Altera MegaCore Function License 
Agreement, or other applicable license agreement, including, 
without limitation, that your use is for the sole purpose of 
programming logic devices manufactured by Altera and sold by 
Altera or its authorized distributors.  Please refer to the 
applicable agreement for further details.



+-----------------------------------------------------------------------------------------------------------------------------------------------------------------------+
; Timing Analyzer Summary                                                                                                                                               ;
+------------------------------+-------+---------------+------------------------------------------------+--------------+---------+------------+----------+--------------+
; Type                         ; Slack ; Required Time ; Actual Time                                    ; From         ; To      ; From Clock ; To Clock ; Failed Paths ;
+------------------------------+-------+---------------+------------------------------------------------+--------------+---------+------------+----------+--------------+
; Worst-case tco               ; N/A   ; None          ; 6.548 ns                                       ; dvd_out~reg0 ; dvd_out ; clc        ; --       ; 0            ;
; Clock Setup: 'clc'           ; N/A   ; None          ; Restricted to 380.08 MHz ( period = 2.631 ns ) ; cnt[0]       ; cnt[2]  ; clc        ; clc      ; 0            ;
; Total number of failed paths ;       ;               ;                                                ;              ;         ;            ;          ; 0            ;
+------------------------------+-------+---------------+------------------------------------------------+--------------+---------+------------+----------+--------------+


+--------------------------------------------------------------------------------------------------------------------+
; Timing Analyzer Settings                                                                                           ;
+---------------------------------------------------------------------+--------------------+------+----+-------------+
; Option                                                              ; Setting            ; From ; To ; Entity Name ;
+---------------------------------------------------------------------+--------------------+------+----+-------------+
; Device Name                                                         ; EP2C20F484C7       ;      ;    ;             ;
; Timing Models                                                       ; Final              ;      ;    ;             ;
; Default hold multicycle                                             ; Same as Multicycle ;      ;    ;             ;
; Cut paths between unrelated clock domains                           ; On                 ;      ;    ;             ;
; Cut off read during write signal paths                              ; On                 ;      ;    ;             ;
; Cut off feedback from I/O pins                                      ; On                 ;      ;    ;             ;
; Report Combined Fast/Slow Timing                                    ; Off                ;      ;    ;             ;
; Ignore Clock Settings                                               ; Off                ;      ;    ;             ;
; Analyze latches as synchronous elements                             ; On                 ;      ;    ;             ;
; Enable Recovery/Removal analysis                                    ; Off                ;      ;    ;             ;
; Enable Clock Latency                                                ; Off                ;      ;    ;             ;
; Use TimeQuest Timing Analyzer                                       ; Off                ;      ;    ;             ;
; Minimum Core Junction Temperature                                   ; 0                  ;      ;    ;             ;
; Maximum Core Junction Temperature                                   ; 85                 ;      ;    ;             ;
; Number of source nodes to report per destination node               ; 10                 ;      ;    ;             ;
; Number of destination nodes to report                               ; 10                 ;      ;    ;             ;
; Number of paths to report                                           ; 200                ;      ;    ;             ;
; Report Minimum Timing Checks                                        ; Off                ;      ;    ;             ;
; Use Fast Timing Models                                              ; Off                ;      ;    ;             ;
; Report IO Paths Separately                                          ; Off                ;      ;    ;             ;
; Perform Multicorner Analysis                                        ; On                 ;      ;    ;             ;
; Reports the worst-case path for each clock domain and analysis      ; Off                ;      ;    ;             ;
; Removes common clock path pessimism (CCPP) during slack computation ; Off                ;      ;    ;             ;
; Output I/O Timing Endpoint                                          ; Near End           ;      ;    ;             ;
+---------------------------------------------------------------------+--------------------+------+----+-------------+


+------------------------------------------------------------------------------------------------------------------------------------------------------------------------------------+
; Clock Settings Summary                                                                                                                                                             ;
+-----------------+--------------------+----------+------------------+---------------+--------------+----------+-----------------------+---------------------+--------+--------------+
; Clock Node Name ; Clock Setting Name ; Type     ; Fmax Requirement ; Early Latency ; Late Latency ; Based on ; Multiply Base Fmax by ; Divide Base Fmax by ; Offset ; Phase offset ;
+-----------------+--------------------+----------+------------------+---------------+--------------+----------+-----------------------+---------------------+--------+--------------+
; clc             ;                    ; User Pin ; None             ; 0.000 ns      ; 0.000 ns     ; --       ; N/A                   ; N/A                 ; N/A    ;              ;
+-----------------+--------------------+----------+------------------+---------------+--------------+----------+-----------------------+---------------------+--------+--------------+


Parallel compilation was disabled, but you have multiple processors available. Enable parallel compilation to reduce compilation time.
+-------------------------------------+
; Parallel Compilation                ;
+----------------------------+--------+
; Processors                 ; Number ;
+----------------------------+--------+
; Number detected on machine ; 2      ;
; Maximum allowed            ; 1      ;
+----------------------------+--------+


+--------------------------------------------------------------------------------------------------------------------------------------------------------------------------------------------+
; Clock Setup: 'clc'                                                                                                                                                                         ;
+-------+------------------------------------------------+--------+--------------+------------+----------+-----------------------------+---------------------------+-------------------------+
; Slack ; Actual fmax (period)                           ; From   ; To           ; From Clock ; To Clock ; Required Setup Relationship ; Required Longest P2P Time ; Actual Longest P2P Time ;
+-------+------------------------------------------------+--------+--------------+------------+----------+-----------------------------+---------------------------+-------------------------+
; N/A   ; Restricted to 380.08 MHz ( period = 2.631 ns ) ; cnt[0] ; cnt[2]       ; clc        ; clc      ; None                        ; None                      ; 0.980 ns                ;
; N/A   ; Restricted to 380.08 MHz ( period = 2.631 ns ) ; cnt[0] ; cnt[1]       ; clc        ; clc      ; None                        ; None                      ; 0.632 ns                ;
; N/A   ; Restricted to 380.08 MHz ( period = 2.631 ns ) ; cnt[1] ; cnt[2]       ; clc        ; clc      ; None                        ; None                      ; 0.621 ns                ;
; N/A   ; Restricted to 380.08 MHz ( period = 2.631 ns ) ; cnt[2] ; dvd_out~reg0 ; clc        ; clc      ; None                        ; None                      ; 0.620 ns                ;
; N/A   ; Restricted to 380.08 MHz ( period = 2.631 ns ) ; cnt[2] ; cnt[2]       ; clc        ; clc      ; None                        ; None                      ; 0.454 ns                ;
; N/A   ; Restricted to 380.08 MHz ( period = 2.631 ns ) ; cnt[0] ; cnt[0]       ; clc        ; clc      ; None                        ; None                      ; 0.454 ns                ;
; N/A   ; Restricted to 380.08 MHz ( period = 2.631 ns ) ; cnt[1] ; cnt[1]       ; clc        ; clc      ; None                        ; None                      ; 0.454 ns                ;
+-------+------------------------------------------------+--------+--------------+------------+----------+-----------------------------+---------------------------+-------------------------+


+-------------------------------------------------------------------------+
; tco                                                                     ;
+-------+--------------+------------+--------------+---------+------------+
; Slack ; Required tco ; Actual tco ; From         ; To      ; From Clock ;
+-------+--------------+------------+--------------+---------+------------+
; N/A   ; None         ; 6.548 ns   ; dvd_out~reg0 ; dvd_out ; clc        ;
+-------+--------------+------------+--------------+---------+------------+


+--------------------------+
; Timing Analyzer Messages ;
+--------------------------+
Info: *******************************************************************
Info: Running Quartus II Classic Timing Analyzer
    Info: Version 9.0 Build 235 06/17/2009 Service Pack 2 SJ Web Edition
    Info: Processing started: Tue Apr 10 12:38:36 2018
Info: Command: quartus_tan --read_settings_files=off --write_settings_files=off divider -c divider --timing_analysis_only
Warning: Found pins functioning as undefined clocks and/or memory enables
    Info: Assuming node "clc" is an undefined clock
Info: Clock "clc" Internal fmax is restricted to 380.08 MHz between source register "cnt[0]" and destination register "cnt[2]"
    Info: fmax restricted to clock pin edge rate 2.631 ns. Expand message to see actual delay path.
        Info: + Longest register to register delay is 0.980 ns
            Info: 1: + IC(0.000 ns) + CELL(0.000 ns) = 0.000 ns; Loc. = LCFF_X49_Y7_N29; Fanout = 3; REG Node = 'cnt[0]'
            Info: 2: + IC(0.363 ns) + CELL(0.521 ns) = 0.884 ns; Loc. = LCCOMB_X49_Y7_N2; Fanout = 1; COMB Node = 'cnt[2]~3'
            Info: 3: + IC(0.000 ns) + CELL(0.096 ns) = 0.980 ns; Loc. = LCFF_X49_Y7_N3; Fanout = 2; REG Node = 'cnt[2]'
            Info: Total cell delay = 0.617 ns ( 62.96 % )
            Info: Total interconnect delay = 0.363 ns ( 37.04 % )
        Info: - Smallest clock skew is 0.000 ns
            Info: + Shortest clock path from clock "clc" to destination register is 2.839 ns
                Info: 1: + IC(0.000 ns) + CELL(1.026 ns) = 1.026 ns; Loc. = PIN_B12; Fanout = 1; CLK Node = 'clc'
                Info: 2: + IC(0.238 ns) + CELL(0.000 ns) = 1.264 ns; Loc. = CLKCTRL_G10; Fanout = 4; COMB Node = 'clc~clkctrl'
                Info: 3: + IC(0.973 ns) + CELL(0.602 ns) = 2.839 ns; Loc. = LCFF_X49_Y7_N3; Fanout = 2; REG Node = 'cnt[2]'
                Info: Total cell delay = 1.628 ns ( 57.34 % )
                Info: Total interconnect delay = 1.211 ns ( 42.66 % )
            Info: - Longest clock path from clock "clc" to source register is 2.839 ns
                Info: 1: + IC(0.000 ns) + CELL(1.026 ns) = 1.026 ns; Loc. = PIN_B12; Fanout = 1; CLK Node = 'clc'
                Info: 2: + IC(0.238 ns) + CELL(0.000 ns) = 1.264 ns; Loc. = CLKCTRL_G10; Fanout = 4; COMB Node = 'clc~clkctrl'
                Info: 3: + IC(0.973 ns) + CELL(0.602 ns) = 2.839 ns; Loc. = LCFF_X49_Y7_N29; Fanout = 3; REG Node = 'cnt[0]'
                Info: Total cell delay = 1.628 ns ( 57.34 % )
                Info: Total interconnect delay = 1.211 ns ( 42.66 % )
        Info: + Micro clock to output delay of source is 0.277 ns
        Info: + Micro setup delay of destination is -0.038 ns
Info: tco from clock "clc" to destination pin "dvd_out" through register "dvd_out~reg0" is 6.548 ns
    Info: + Longest clock path from clock "clc" to source register is 2.839 ns
        Info: 1: + IC(0.000 ns) + CELL(1.026 ns) = 1.026 ns; Loc. = PIN_B12; Fanout = 1; CLK Node = 'clc'
        Info: 2: + IC(0.238 ns) + CELL(0.000 ns) = 1.264 ns; Loc. = CLKCTRL_G10; Fanout = 4; COMB Node = 'clc~clkctrl'
        Info: 3: + IC(0.973 ns) + CELL(0.602 ns) = 2.839 ns; Loc. = LCFF_X49_Y7_N1; Fanout = 1; REG Node = 'dvd_out~reg0'
        Info: Total cell delay = 1.628 ns ( 57.34 % )
        Info: Total interconnect delay = 1.211 ns ( 42.66 % )
    Info: + Micro clock to output delay of source is 0.277 ns
    Info: + Longest register to pin delay is 3.432 ns
        Info: 1: + IC(0.000 ns) + CELL(0.000 ns) = 0.000 ns; Loc. = LCFF_X49_Y7_N1; Fanout = 1; REG Node = 'dvd_out~reg0'
        Info: 2: + IC(0.582 ns) + CELL(2.850 ns) = 3.432 ns; Loc. = PIN_U22; Fanout = 0; PIN Node = 'dvd_out'
        Info: Total cell delay = 2.850 ns ( 83.04 % )
        Info: Total interconnect delay = 0.582 ns ( 16.96 % )
Info: Quartus II Classic Timing Analyzer was successful. 0 errors, 1 warning
    Info: Peak virtual memory: 247 megabytes
    Info: Processing ended: Tue Apr 10 12:38:37 2018
    Info: Elapsed time: 00:00:01
    Info: Total CPU time (on all processors): 00:00:00


