Classic Timing Analyzer report for VGA_Timer
Tue Mar 06 10:05:37 2018
Quartus II Version 9.0 Build 235 06/17/2009 Service Pack 2 SJ Web Edition


---------------------
; Table of Contents ;
---------------------
  1. Legal Notice
  2. Timing Analyzer Summary
  3. Timing Analyzer Settings
  4. Clock Settings Summary
  5. Parallel Compilation
  6. Clock Setup: 'clk'
  7. tco
  8. Timing Analyzer Messages



----------------
; Legal Notice ;
----------------
Copyright (C) 1991-2009 Altera Corporation
Your use of Altera Corporation's design tools, logic functions 
and other software and tools, and its AMPP partner logic 
functions, and any output files from any of the foregoing 
(including device programming or simulation files), and any 
associated documentation or information are expressly subject 
to the terms and conditions of the Altera Program License 
Subscription Agreement, Altera MegaCore Function License 
Agreement, or other applicable license agreement, including, 
without limitation, that your use is for the sole purpose of 
programming logic devices manufactured by Altera and sold by 
Altera or its authorized distributors.  Please refer to the 
applicable agreement for further details.



+------------------------------------------------------------------------------------------------------------------------------------------------------------------+
; Timing Analyzer Summary                                                                                                                                          ;
+------------------------------+-------+---------------+----------------------------------+-----------------+---------------+------------+----------+--------------+
; Type                         ; Slack ; Required Time ; Actual Time                      ; From            ; To            ; From Clock ; To Clock ; Failed Paths ;
+------------------------------+-------+---------------+----------------------------------+-----------------+---------------+------------+----------+--------------+
; Worst-case tco               ; N/A   ; None          ; 9.120 ns                         ; column[10]~reg0 ; column[10]    ; clk        ; --       ; 0            ;
; Clock Setup: 'clk'           ; N/A   ; None          ; 120.44 MHz ( period = 8.303 ns ) ; counter_v[26]   ; video_on~reg0 ; clk        ; clk      ; 0            ;
; Total number of failed paths ;       ;               ;                                  ;                 ;               ;            ;          ; 0            ;
+------------------------------+-------+---------------+----------------------------------+-----------------+---------------+------------+----------+--------------+


+--------------------------------------------------------------------------------------------------------------------+
; Timing Analyzer Settings                                                                                           ;
+---------------------------------------------------------------------+--------------------+------+----+-------------+
; Option                                                              ; Setting            ; From ; To ; Entity Name ;
+---------------------------------------------------------------------+--------------------+------+----+-------------+
; Device Name                                                         ; EP2C20F484C7       ;      ;    ;             ;
; Timing Models                                                       ; Final              ;      ;    ;             ;
; Default hold multicycle                                             ; Same as Multicycle ;      ;    ;             ;
; Cut paths between unrelated clock domains                           ; On                 ;      ;    ;             ;
; Cut off read during write signal paths                              ; On                 ;      ;    ;             ;
; Cut off feedback from I/O pins                                      ; On                 ;      ;    ;             ;
; Report Combined Fast/Slow Timing                                    ; Off                ;      ;    ;             ;
; Ignore Clock Settings                                               ; Off                ;      ;    ;             ;
; Analyze latches as synchronous elements                             ; On                 ;      ;    ;             ;
; Enable Recovery/Removal analysis                                    ; Off                ;      ;    ;             ;
; Enable Clock Latency                                                ; Off                ;      ;    ;             ;
; Use TimeQuest Timing Analyzer                                       ; Off                ;      ;    ;             ;
; Minimum Core Junction Temperature                                   ; 0                  ;      ;    ;             ;
; Maximum Core Junction Temperature                                   ; 85                 ;      ;    ;             ;
; Number of source nodes to report per destination node               ; 10                 ;      ;    ;             ;
; Number of destination nodes to report                               ; 10                 ;      ;    ;             ;
; Number of paths to report                                           ; 200                ;      ;    ;             ;
; Report Minimum Timing Checks                                        ; Off                ;      ;    ;             ;
; Use Fast Timing Models                                              ; Off                ;      ;    ;             ;
; Report IO Paths Separately                                          ; Off                ;      ;    ;             ;
; Perform Multicorner Analysis                                        ; On                 ;      ;    ;             ;
; Reports the worst-case path for each clock domain and analysis      ; Off                ;      ;    ;             ;
; Removes common clock path pessimism (CCPP) during slack computation ; Off                ;      ;    ;             ;
; Output I/O Timing Endpoint                                          ; Near End           ;      ;    ;             ;
+---------------------------------------------------------------------+--------------------+------+----+-------------+


+------------------------------------------------------------------------------------------------------------------------------------------------------------------------------------+
; Clock Settings Summary                                                                                                                                                             ;
+-----------------+--------------------+----------+------------------+---------------+--------------+----------+-----------------------+---------------------+--------+--------------+
; Clock Node Name ; Clock Setting Name ; Type     ; Fmax Requirement ; Early Latency ; Late Latency ; Based on ; Multiply Base Fmax by ; Divide Base Fmax by ; Offset ; Phase offset ;
+-----------------+--------------------+----------+------------------+---------------+--------------+----------+-----------------------+---------------------+--------+--------------+
; clk             ;                    ; User Pin ; None             ; 0.000 ns      ; 0.000 ns     ; --       ; N/A                   ; N/A                 ; N/A    ;              ;
+-----------------+--------------------+----------+------------------+---------------+--------------+----------+-----------------------+---------------------+--------+--------------+


Parallel compilation was disabled, but you have multiple processors available. Enable parallel compilation to reduce compilation time.
+-------------------------------------+
; Parallel Compilation                ;
+----------------------------+--------+
; Processors                 ; Number ;
+----------------------------+--------+
; Number detected on machine ; 2      ;
; Maximum allowed            ; 1      ;
+----------------------------+--------+


+-------------------------------------------------------------------------------------------------------------------------------------------------------------------------------------------------------------------------------------------+
; Clock Setup: 'clk'                                                                                                                                                                                                                        ;
+-----------------------------------------+-----------------------------------------------------+---------------+---------------+------------+----------+-----------------------------+---------------------------+-------------------------+
; Slack                                   ; Actual fmax (period)                                ; From          ; To            ; From Clock ; To Clock ; Required Setup Relationship ; Required Longest P2P Time ; Actual Longest P2P Time ;
+-----------------------------------------+-----------------------------------------------------+---------------+---------------+------------+----------+-----------------------------+---------------------------+-------------------------+
; N/A                                     ; 120.44 MHz ( period = 8.303 ns )                    ; counter_v[26] ; video_on~reg0 ; clk        ; clk      ; None                        ; None                      ; 8.064 ns                ;
; N/A                                     ; 121.21 MHz ( period = 8.250 ns )                    ; counter_v[25] ; video_on~reg0 ; clk        ; clk      ; None                        ; None                      ; 8.011 ns                ;
; N/A                                     ; 122.90 MHz ( period = 8.137 ns )                    ; counter_h[0]  ; vsync~reg0    ; clk        ; clk      ; None                        ; None                      ; 7.909 ns                ;
; N/A                                     ; 122.91 MHz ( period = 8.136 ns )                    ; counter_h[0]  ; video_on~reg0 ; clk        ; clk      ; None                        ; None                      ; 7.908 ns                ;
; N/A                                     ; 124.46 MHz ( period = 8.035 ns )                    ; counter_v[6]  ; video_on~reg0 ; clk        ; clk      ; None                        ; None                      ; 7.799 ns                ;
; N/A                                     ; 124.97 MHz ( period = 8.002 ns )                    ; counter_v[1]  ; vsync~reg0    ; clk        ; clk      ; None                        ; None                      ; 7.762 ns                ;
; N/A                                     ; 124.97 MHz ( period = 8.002 ns )                    ; counter_v[8]  ; video_on~reg0 ; clk        ; clk      ; None                        ; None                      ; 7.770 ns                ;
; N/A                                     ; 124.98 MHz ( period = 8.001 ns )                    ; counter_v[1]  ; video_on~reg0 ; clk        ; clk      ; None                        ; None                      ; 7.761 ns                ;
; N/A                                     ; 125.79 MHz ( period = 7.950 ns )                    ; counter_v[26] ; vsync~reg0    ; clk        ; clk      ; None                        ; None                      ; 7.711 ns                ;
; N/A                                     ; 126.14 MHz ( period = 7.928 ns )                    ; counter_v[4]  ; video_on~reg0 ; clk        ; clk      ; None                        ; None                      ; 7.692 ns                ;
; N/A                                     ; 126.28 MHz ( period = 7.919 ns )                    ; counter_v[9]  ; video_on~reg0 ; clk        ; clk      ; None                        ; None                      ; 7.687 ns                ;
; N/A                                     ; 126.63 MHz ( period = 7.897 ns )                    ; counter_v[25] ; vsync~reg0    ; clk        ; clk      ; None                        ; None                      ; 7.658 ns                ;
; N/A                                     ; 126.69 MHz ( period = 7.893 ns )                    ; counter_v[14] ; video_on~reg0 ; clk        ; clk      ; None                        ; None                      ; 7.658 ns                ;
; N/A                                     ; 126.79 MHz ( period = 7.887 ns )                    ; counter_v[7]  ; video_on~reg0 ; clk        ; clk      ; None                        ; None                      ; 7.649 ns                ;
; N/A                                     ; 126.95 MHz ( period = 7.877 ns )                    ; counter_v[10] ; video_on~reg0 ; clk        ; clk      ; None                        ; None                      ; 7.642 ns                ;
; N/A                                     ; 127.10 MHz ( period = 7.868 ns )                    ; counter_v[22] ; video_on~reg0 ; clk        ; clk      ; None                        ; None                      ; 7.629 ns                ;
; N/A                                     ; 127.50 MHz ( period = 7.843 ns )                    ; counter_h[4]  ; vsync~reg0    ; clk        ; clk      ; None                        ; None                      ; 7.615 ns                ;
; N/A                                     ; 127.52 MHz ( period = 7.842 ns )                    ; counter_h[4]  ; video_on~reg0 ; clk        ; clk      ; None                        ; None                      ; 7.614 ns                ;
; N/A                                     ; 127.73 MHz ( period = 7.829 ns )                    ; counter_v[3]  ; vsync~reg0    ; clk        ; clk      ; None                        ; None                      ; 7.589 ns                ;
; N/A                                     ; 127.75 MHz ( period = 7.828 ns )                    ; counter_v[13] ; video_on~reg0 ; clk        ; clk      ; None                        ; None                      ; 7.592 ns                ;
; N/A                                     ; 127.75 MHz ( period = 7.828 ns )                    ; counter_v[3]  ; video_on~reg0 ; clk        ; clk      ; None                        ; None                      ; 7.588 ns                ;
; N/A                                     ; 127.96 MHz ( period = 7.815 ns )                    ; counter_v[24] ; video_on~reg0 ; clk        ; clk      ; None                        ; None                      ; 7.576 ns                ;
; N/A                                     ; 127.99 MHz ( period = 7.813 ns )                    ; counter_v[0]  ; video_on~reg0 ; clk        ; clk      ; None                        ; None                      ; 7.578 ns                ;
; N/A                                     ; 128.11 MHz ( period = 7.806 ns )                    ; counter_v[17] ; video_on~reg0 ; clk        ; clk      ; None                        ; None                      ; 7.570 ns                ;
; N/A                                     ; 128.21 MHz ( period = 7.800 ns )                    ; counter_h[3]  ; vsync~reg0    ; clk        ; clk      ; None                        ; None                      ; 7.572 ns                ;
; N/A                                     ; 128.22 MHz ( period = 7.799 ns )                    ; counter_h[3]  ; video_on~reg0 ; clk        ; clk      ; None                        ; None                      ; 7.571 ns                ;
; N/A                                     ; 128.37 MHz ( period = 7.790 ns )                    ; counter_h[28] ; vsync~reg0    ; clk        ; clk      ; None                        ; None                      ; 7.559 ns                ;
; N/A                                     ; 128.39 MHz ( period = 7.789 ns )                    ; counter_h[28] ; video_on~reg0 ; clk        ; clk      ; None                        ; None                      ; 7.558 ns                ;
; N/A                                     ; 128.57 MHz ( period = 7.778 ns )                    ; counter_v[23] ; video_on~reg0 ; clk        ; clk      ; None                        ; None                      ; 7.539 ns                ;
; N/A                                     ; 128.73 MHz ( period = 7.768 ns )                    ; counter_v[15] ; video_on~reg0 ; clk        ; clk      ; None                        ; None                      ; 7.529 ns                ;
; N/A                                     ; 128.87 MHz ( period = 7.760 ns )                    ; counter_h[7]  ; vsync~reg0    ; clk        ; clk      ; None                        ; None                      ; 7.532 ns                ;
; N/A                                     ; 128.88 MHz ( period = 7.759 ns )                    ; counter_h[7]  ; video_on~reg0 ; clk        ; clk      ; None                        ; None                      ; 7.531 ns                ;
; N/A                                     ; 129.20 MHz ( period = 7.740 ns )                    ; counter_v[12] ; video_on~reg0 ; clk        ; clk      ; None                        ; None                      ; 7.504 ns                ;
; N/A                                     ; 129.52 MHz ( period = 7.721 ns )                    ; counter_v[5]  ; vsync~reg0    ; clk        ; clk      ; None                        ; None                      ; 7.481 ns                ;
; N/A                                     ; 129.53 MHz ( period = 7.720 ns )                    ; counter_v[5]  ; video_on~reg0 ; clk        ; clk      ; None                        ; None                      ; 7.480 ns                ;
; N/A                                     ; 129.62 MHz ( period = 7.715 ns )                    ; counter_h[8]  ; vsync~reg0    ; clk        ; clk      ; None                        ; None                      ; 7.487 ns                ;
; N/A                                     ; 129.63 MHz ( period = 7.714 ns )                    ; counter_h[8]  ; video_on~reg0 ; clk        ; clk      ; None                        ; None                      ; 7.486 ns                ;
; N/A                                     ; 129.72 MHz ( period = 7.709 ns )                    ; counter_h[1]  ; vsync~reg0    ; clk        ; clk      ; None                        ; None                      ; 7.481 ns                ;
; N/A                                     ; 129.74 MHz ( period = 7.708 ns )                    ; counter_h[1]  ; video_on~reg0 ; clk        ; clk      ; None                        ; None                      ; 7.480 ns                ;
; N/A                                     ; 130.17 MHz ( period = 7.682 ns )                    ; counter_v[6]  ; vsync~reg0    ; clk        ; clk      ; None                        ; None                      ; 7.446 ns                ;
; N/A                                     ; 130.36 MHz ( period = 7.671 ns )                    ; counter_v[27] ; video_on~reg0 ; clk        ; clk      ; None                        ; None                      ; 7.432 ns                ;
; N/A                                     ; 130.45 MHz ( period = 7.666 ns )                    ; counter_h[11] ; vsync~reg0    ; clk        ; clk      ; None                        ; None                      ; 7.438 ns                ;
; N/A                                     ; 130.46 MHz ( period = 7.665 ns )                    ; counter_h[11] ; video_on~reg0 ; clk        ; clk      ; None                        ; None                      ; 7.437 ns                ;
; N/A                                     ; 130.74 MHz ( period = 7.649 ns )                    ; counter_v[8]  ; vsync~reg0    ; clk        ; clk      ; None                        ; None                      ; 7.417 ns                ;
; N/A                                     ; 130.91 MHz ( period = 7.639 ns )                    ; counter_v[30] ; video_on~reg0 ; clk        ; clk      ; None                        ; None                      ; 7.400 ns                ;
; N/A                                     ; 131.06 MHz ( period = 7.630 ns )                    ; counter_h[0]  ; row[14]~reg0  ; clk        ; clk      ; None                        ; None                      ; 7.402 ns                ;
; N/A                                     ; 131.54 MHz ( period = 7.602 ns )                    ; counter_v[19] ; video_on~reg0 ; clk        ; clk      ; None                        ; None                      ; 7.364 ns                ;
; N/A                                     ; 131.82 MHz ( period = 7.586 ns )                    ; counter_h[6]  ; video_on~reg0 ; clk        ; clk      ; None                        ; None                      ; 7.354 ns                ;
; N/A                                     ; 132.01 MHz ( period = 7.575 ns )                    ; counter_v[4]  ; vsync~reg0    ; clk        ; clk      ; None                        ; None                      ; 7.339 ns                ;
; N/A                                     ; 132.17 MHz ( period = 7.566 ns )                    ; counter_v[9]  ; vsync~reg0    ; clk        ; clk      ; None                        ; None                      ; 7.334 ns                ;
; N/A                                     ; 132.63 MHz ( period = 7.540 ns )                    ; counter_v[14] ; vsync~reg0    ; clk        ; clk      ; None                        ; None                      ; 7.305 ns                ;
; N/A                                     ; 132.73 MHz ( period = 7.534 ns )                    ; counter_v[7]  ; vsync~reg0    ; clk        ; clk      ; None                        ; None                      ; 7.296 ns                ;
; N/A                                     ; 132.91 MHz ( period = 7.524 ns )                    ; counter_v[10] ; vsync~reg0    ; clk        ; clk      ; None                        ; None                      ; 7.289 ns                ;
; N/A                                     ; 133.07 MHz ( period = 7.515 ns )                    ; counter_v[22] ; vsync~reg0    ; clk        ; clk      ; None                        ; None                      ; 7.276 ns                ;
; N/A                                     ; 133.39 MHz ( period = 7.497 ns )                    ; counter_h[9]  ; video_on~reg0 ; clk        ; clk      ; None                        ; None                      ; 7.265 ns                ;
; N/A                                     ; 133.56 MHz ( period = 7.487 ns )                    ; counter_h[5]  ; vsync~reg0    ; clk        ; clk      ; None                        ; None                      ; 7.259 ns                ;
; N/A                                     ; 133.58 MHz ( period = 7.486 ns )                    ; counter_h[5]  ; video_on~reg0 ; clk        ; clk      ; None                        ; None                      ; 7.258 ns                ;
; N/A                                     ; 133.78 MHz ( period = 7.475 ns )                    ; counter_v[13] ; vsync~reg0    ; clk        ; clk      ; None                        ; None                      ; 7.239 ns                ;
; N/A                                     ; 133.98 MHz ( period = 7.464 ns )                    ; counter_v[18] ; video_on~reg0 ; clk        ; clk      ; None                        ; None                      ; 7.225 ns                ;
; N/A                                     ; 134.01 MHz ( period = 7.462 ns )                    ; counter_v[24] ; vsync~reg0    ; clk        ; clk      ; None                        ; None                      ; 7.223 ns                ;
; N/A                                     ; 134.05 MHz ( period = 7.460 ns )                    ; counter_v[0]  ; vsync~reg0    ; clk        ; clk      ; None                        ; None                      ; 7.225 ns                ;
; N/A                                     ; 134.12 MHz ( period = 7.456 ns )                    ; counter_v[2]  ; video_on~reg0 ; clk        ; clk      ; None                        ; None                      ; 7.221 ns                ;
; N/A                                     ; 134.17 MHz ( period = 7.453 ns )                    ; counter_v[17] ; vsync~reg0    ; clk        ; clk      ; None                        ; None                      ; 7.217 ns                ;
; N/A                                     ; 134.68 MHz ( period = 7.425 ns )                    ; counter_v[23] ; vsync~reg0    ; clk        ; clk      ; None                        ; None                      ; 7.186 ns                ;
; N/A                                     ; 134.86 MHz ( period = 7.415 ns )                    ; counter_v[15] ; vsync~reg0    ; clk        ; clk      ; None                        ; None                      ; 7.176 ns                ;
; N/A                                     ; 135.37 MHz ( period = 7.387 ns )                    ; counter_v[12] ; vsync~reg0    ; clk        ; clk      ; None                        ; None                      ; 7.151 ns                ;
; N/A                                     ; 135.43 MHz ( period = 7.384 ns )                    ; counter_v[29] ; video_on~reg0 ; clk        ; clk      ; None                        ; None                      ; 7.145 ns                ;
; N/A                                     ; 135.57 MHz ( period = 7.376 ns )                    ; counter_h[24] ; vsync~reg0    ; clk        ; clk      ; None                        ; None                      ; 7.145 ns                ;
; N/A                                     ; 135.59 MHz ( period = 7.375 ns )                    ; counter_h[24] ; video_on~reg0 ; clk        ; clk      ; None                        ; None                      ; 7.144 ns                ;
; N/A                                     ; 136.31 MHz ( period = 7.336 ns )                    ; counter_h[4]  ; row[14]~reg0  ; clk        ; clk      ; None                        ; None                      ; 7.108 ns                ;
; N/A                                     ; 136.48 MHz ( period = 7.327 ns )                    ; counter_h[13] ; vsync~reg0    ; clk        ; clk      ; None                        ; None                      ; 7.099 ns                ;
; N/A                                     ; 136.50 MHz ( period = 7.326 ns )                    ; counter_h[13] ; video_on~reg0 ; clk        ; clk      ; None                        ; None                      ; 7.098 ns                ;
; N/A                                     ; 136.65 MHz ( period = 7.318 ns )                    ; counter_v[27] ; vsync~reg0    ; clk        ; clk      ; None                        ; None                      ; 7.079 ns                ;
; N/A                                     ; 136.95 MHz ( period = 7.302 ns )                    ; counter_h[2]  ; vsync~reg0    ; clk        ; clk      ; None                        ; None                      ; 7.074 ns                ;
; N/A                                     ; 136.97 MHz ( period = 7.301 ns )                    ; counter_h[2]  ; video_on~reg0 ; clk        ; clk      ; None                        ; None                      ; 7.073 ns                ;
; N/A                                     ; 137.08 MHz ( period = 7.295 ns )                    ; counter_v[11] ; video_on~reg0 ; clk        ; clk      ; None                        ; None                      ; 7.056 ns                ;
; N/A                                     ; 137.08 MHz ( period = 7.295 ns )                    ; counter_v[20] ; video_on~reg0 ; clk        ; clk      ; None                        ; None                      ; 7.056 ns                ;
; N/A                                     ; 137.12 MHz ( period = 7.293 ns )                    ; counter_h[3]  ; row[14]~reg0  ; clk        ; clk      ; None                        ; None                      ; 7.065 ns                ;
; N/A                                     ; 137.25 MHz ( period = 7.286 ns )                    ; counter_v[30] ; vsync~reg0    ; clk        ; clk      ; None                        ; None                      ; 7.047 ns                ;
; N/A                                     ; 137.27 MHz ( period = 7.285 ns )                    ; counter_h[12] ; vsync~reg0    ; clk        ; clk      ; None                        ; None                      ; 7.057 ns                ;
; N/A                                     ; 137.29 MHz ( period = 7.284 ns )                    ; counter_h[12] ; video_on~reg0 ; clk        ; clk      ; None                        ; None                      ; 7.056 ns                ;
; N/A                                     ; 137.31 MHz ( period = 7.283 ns )                    ; counter_h[28] ; row[14]~reg0  ; clk        ; clk      ; None                        ; None                      ; 7.052 ns                ;
; N/A                                     ; 137.68 MHz ( period = 7.263 ns )                    ; counter_h[15] ; vsync~reg0    ; clk        ; clk      ; None                        ; None                      ; 7.032 ns                ;
; N/A                                     ; 137.70 MHz ( period = 7.262 ns )                    ; counter_h[15] ; video_on~reg0 ; clk        ; clk      ; None                        ; None                      ; 7.031 ns                ;
; N/A                                     ; 137.87 MHz ( period = 7.253 ns )                    ; counter_h[7]  ; row[14]~reg0  ; clk        ; clk      ; None                        ; None                      ; 7.025 ns                ;
; N/A                                     ; 137.95 MHz ( period = 7.249 ns )                    ; counter_v[19] ; vsync~reg0    ; clk        ; clk      ; None                        ; None                      ; 7.011 ns                ;
; N/A                                     ; 138.03 MHz ( period = 7.245 ns )                    ; counter_h[29] ; vsync~reg0    ; clk        ; clk      ; None                        ; None                      ; 7.014 ns                ;
; N/A                                     ; 138.05 MHz ( period = 7.244 ns )                    ; counter_h[29] ; video_on~reg0 ; clk        ; clk      ; None                        ; None                      ; 7.013 ns                ;
; N/A                                     ; 138.16 MHz ( period = 7.238 ns )                    ; counter_h[25] ; vsync~reg0    ; clk        ; clk      ; None                        ; None                      ; 7.007 ns                ;
; N/A                                     ; 138.18 MHz ( period = 7.237 ns )                    ; counter_h[25] ; video_on~reg0 ; clk        ; clk      ; None                        ; None                      ; 7.006 ns                ;
; N/A                                     ; 138.22 MHz ( period = 7.235 ns )                    ; counter_h[26] ; vsync~reg0    ; clk        ; clk      ; None                        ; None                      ; 7.004 ns                ;
; N/A                                     ; 138.24 MHz ( period = 7.234 ns )                    ; counter_h[26] ; video_on~reg0 ; clk        ; clk      ; None                        ; None                      ; 7.003 ns                ;
; N/A                                     ; 138.50 MHz ( period = 7.220 ns )                    ; counter_h[23] ; vsync~reg0    ; clk        ; clk      ; None                        ; None                      ; 6.989 ns                ;
; N/A                                     ; 138.52 MHz ( period = 7.219 ns )                    ; counter_h[23] ; video_on~reg0 ; clk        ; clk      ; None                        ; None                      ; 6.988 ns                ;
; N/A                                     ; 138.60 MHz ( period = 7.215 ns )                    ; counter_v[1]  ; row[14]~reg0  ; clk        ; clk      ; None                        ; None                      ; 6.975 ns                ;
; N/A                                     ; 138.66 MHz ( period = 7.212 ns )                    ; counter_h[27] ; vsync~reg0    ; clk        ; clk      ; None                        ; None                      ; 6.981 ns                ;
; N/A                                     ; 138.68 MHz ( period = 7.211 ns )                    ; counter_h[27] ; video_on~reg0 ; clk        ; clk      ; None                        ; None                      ; 6.980 ns                ;
; N/A                                     ; 138.73 MHz ( period = 7.208 ns )                    ; counter_h[8]  ; row[14]~reg0  ; clk        ; clk      ; None                        ; None                      ; 6.980 ns                ;
; N/A                                     ; 138.85 MHz ( period = 7.202 ns )                    ; counter_h[1]  ; row[14]~reg0  ; clk        ; clk      ; None                        ; None                      ; 6.974 ns                ;
; N/A                                     ; 138.95 MHz ( period = 7.197 ns )                    ; counter_h[6]  ; hsync~reg0    ; clk        ; clk      ; None                        ; None                      ; 6.963 ns                ;
; N/A                                     ; 139.02 MHz ( period = 7.193 ns )                    ; counter_h[20] ; vsync~reg0    ; clk        ; clk      ; None                        ; None                      ; 6.962 ns                ;
; N/A                                     ; 139.04 MHz ( period = 7.192 ns )                    ; counter_h[14] ; vsync~reg0    ; clk        ; clk      ; None                        ; None                      ; 6.964 ns                ;
; N/A                                     ; 139.04 MHz ( period = 7.192 ns )                    ; counter_h[20] ; video_on~reg0 ; clk        ; clk      ; None                        ; None                      ; 6.961 ns                ;
; N/A                                     ; 139.06 MHz ( period = 7.191 ns )                    ; counter_h[14] ; video_on~reg0 ; clk        ; clk      ; None                        ; None                      ; 6.963 ns                ;
; N/A                                     ; 139.57 MHz ( period = 7.165 ns )                    ; counter_h[9]  ; vsync~reg0    ; clk        ; clk      ; None                        ; None                      ; 6.933 ns                ;
; N/A                                     ; 139.68 MHz ( period = 7.159 ns )                    ; counter_h[11] ; row[14]~reg0  ; clk        ; clk      ; None                        ; None                      ; 6.931 ns                ;
; N/A                                     ; 139.86 MHz ( period = 7.150 ns )                    ; counter_h[22] ; vsync~reg0    ; clk        ; clk      ; None                        ; None                      ; 6.919 ns                ;
; N/A                                     ; 139.88 MHz ( period = 7.149 ns )                    ; counter_h[22] ; video_on~reg0 ; clk        ; clk      ; None                        ; None                      ; 6.918 ns                ;
; N/A                                     ; 140.15 MHz ( period = 7.135 ns )                    ; counter_h[18] ; vsync~reg0    ; clk        ; clk      ; None                        ; None                      ; 6.904 ns                ;
; N/A                                     ; 140.17 MHz ( period = 7.134 ns )                    ; counter_h[18] ; video_on~reg0 ; clk        ; clk      ; None                        ; None                      ; 6.903 ns                ;
; N/A                                     ; 140.19 MHz ( period = 7.133 ns )                    ; counter_v[1]  ; counter_v[30] ; clk        ; clk      ; None                        ; None                      ; 6.893 ns                ;
; N/A                                     ; 140.63 MHz ( period = 7.111 ns )                    ; counter_v[18] ; vsync~reg0    ; clk        ; clk      ; None                        ; None                      ; 6.872 ns                ;
; N/A                                     ; 140.69 MHz ( period = 7.108 ns )                    ; counter_h[9]  ; hsync~reg0    ; clk        ; clk      ; None                        ; None                      ; 6.874 ns                ;
; N/A                                     ; 140.71 MHz ( period = 7.107 ns )                    ; counter_v[2]  ; vsync~reg0    ; clk        ; clk      ; None                        ; None                      ; 6.872 ns                ;
; N/A                                     ; 141.00 MHz ( period = 7.092 ns )                    ; counter_v[1]  ; row[25]~reg0  ; clk        ; clk      ; None                        ; None                      ; 6.830 ns                ;
; N/A                                     ; 141.30 MHz ( period = 7.077 ns )                    ; counter_h[21] ; vsync~reg0    ; clk        ; clk      ; None                        ; None                      ; 6.846 ns                ;
; N/A                                     ; 141.32 MHz ( period = 7.076 ns )                    ; counter_h[21] ; video_on~reg0 ; clk        ; clk      ; None                        ; None                      ; 6.845 ns                ;
; N/A                                     ; 141.50 MHz ( period = 7.067 ns )                    ; counter_h[0]  ; hsync~reg0    ; clk        ; clk      ; None                        ; None                      ; 6.837 ns                ;
; N/A                                     ; 141.60 MHz ( period = 7.062 ns )                    ; counter_h[10] ; video_on~reg0 ; clk        ; clk      ; None                        ; None                      ; 6.830 ns                ;
; N/A                                     ; 142.01 MHz ( period = 7.042 ns )                    ; counter_v[3]  ; row[14]~reg0  ; clk        ; clk      ; None                        ; None                      ; 6.802 ns                ;
; N/A                                     ; 142.23 MHz ( period = 7.031 ns )                    ; counter_v[29] ; vsync~reg0    ; clk        ; clk      ; None                        ; None                      ; 6.792 ns                ;
; N/A                                     ; 142.65 MHz ( period = 7.010 ns )                    ; counter_v[26] ; row[9]~reg0   ; clk        ; clk      ; None                        ; None                      ; 6.772 ns                ;
; N/A                                     ; 142.92 MHz ( period = 6.997 ns )                    ; counter_h[0]  ; row[20]~reg0  ; clk        ; clk      ; None                        ; None                      ; 6.748 ns                ;
; N/A                                     ; 143.00 MHz ( period = 6.993 ns )                    ; counter_h[1]  ; hsync~reg0    ; clk        ; clk      ; None                        ; None                      ; 6.763 ns                ;
; N/A                                     ; 143.16 MHz ( period = 6.985 ns )                    ; counter_h[0]  ; counter_v[16] ; clk        ; clk      ; None                        ; None                      ; 6.758 ns                ;
; N/A                                     ; 143.27 MHz ( period = 6.980 ns )                    ; counter_h[5]  ; row[14]~reg0  ; clk        ; clk      ; None                        ; None                      ; 6.752 ns                ;
; N/A                                     ; 143.55 MHz ( period = 6.966 ns )                    ; counter_v[28] ; video_on~reg0 ; clk        ; clk      ; None                        ; None                      ; 6.727 ns                ;
; N/A                                     ; 143.68 MHz ( period = 6.960 ns )                    ; counter_v[3]  ; counter_v[30] ; clk        ; clk      ; None                        ; None                      ; 6.720 ns                ;
; N/A                                     ; 143.74 MHz ( period = 6.957 ns )                    ; counter_h[0]  ; counter_v[2]  ; clk        ; clk      ; None                        ; None                      ; 6.725 ns                ;
; N/A                                     ; 143.74 MHz ( period = 6.957 ns )                    ; counter_v[25] ; row[9]~reg0   ; clk        ; clk      ; None                        ; None                      ; 6.719 ns                ;
; N/A                                     ; 144.05 MHz ( period = 6.942 ns )                    ; counter_v[11] ; vsync~reg0    ; clk        ; clk      ; None                        ; None                      ; 6.703 ns                ;
; N/A                                     ; 144.05 MHz ( period = 6.942 ns )                    ; counter_v[20] ; vsync~reg0    ; clk        ; clk      ; None                        ; None                      ; 6.703 ns                ;
; N/A                                     ; 144.18 MHz ( period = 6.936 ns )                    ; counter_h[19] ; vsync~reg0    ; clk        ; clk      ; None                        ; None                      ; 6.705 ns                ;
; N/A                                     ; 144.20 MHz ( period = 6.935 ns )                    ; counter_h[19] ; video_on~reg0 ; clk        ; clk      ; None                        ; None                      ; 6.704 ns                ;
; N/A                                     ; 144.22 MHz ( period = 6.934 ns )                    ; counter_v[5]  ; row[14]~reg0  ; clk        ; clk      ; None                        ; None                      ; 6.694 ns                ;
; N/A                                     ; 144.26 MHz ( period = 6.932 ns )                    ; counter_h[0]  ; counter_v[10] ; clk        ; clk      ; None                        ; None                      ; 6.700 ns                ;
; N/A                                     ; 144.53 MHz ( period = 6.919 ns )                    ; counter_v[3]  ; row[25]~reg0  ; clk        ; clk      ; None                        ; None                      ; 6.657 ns                ;
; N/A                                     ; 144.57 MHz ( period = 6.917 ns )                    ; counter_h[17] ; vsync~reg0    ; clk        ; clk      ; None                        ; None                      ; 6.686 ns                ;
; N/A                                     ; 144.57 MHz ( period = 6.917 ns )                    ; counter_v[1]  ; row[20]~reg0  ; clk        ; clk      ; None                        ; None                      ; 6.656 ns                ;
; N/A                                     ; 144.59 MHz ( period = 6.916 ns )                    ; counter_h[17] ; video_on~reg0 ; clk        ; clk      ; None                        ; None                      ; 6.685 ns                ;
; N/A                                     ; 144.80 MHz ( period = 6.906 ns )                    ; counter_v[1]  ; row[29]~reg0  ; clk        ; clk      ; None                        ; None                      ; 6.662 ns                ;
; N/A                                     ; 144.93 MHz ( period = 6.900 ns )                    ; counter_h[2]  ; hsync~reg0    ; clk        ; clk      ; None                        ; None                      ; 6.670 ns                ;
; N/A                                     ; 145.58 MHz ( period = 6.869 ns )                    ; counter_h[24] ; row[14]~reg0  ; clk        ; clk      ; None                        ; None                      ; 6.638 ns                ;
; N/A                                     ; 145.94 MHz ( period = 6.852 ns )                    ; counter_v[5]  ; counter_v[30] ; clk        ; clk      ; None                        ; None                      ; 6.612 ns                ;
; N/A                                     ; 146.46 MHz ( period = 6.828 ns )                    ; counter_h[3]  ; hsync~reg0    ; clk        ; clk      ; None                        ; None                      ; 6.598 ns                ;
; N/A                                     ; 146.63 MHz ( period = 6.820 ns )                    ; counter_h[13] ; row[14]~reg0  ; clk        ; clk      ; None                        ; None                      ; 6.592 ns                ;
; N/A                                     ; 146.82 MHz ( period = 6.811 ns )                    ; counter_v[5]  ; row[25]~reg0  ; clk        ; clk      ; None                        ; None                      ; 6.549 ns                ;
; N/A                                     ; 147.17 MHz ( period = 6.795 ns )                    ; counter_h[2]  ; row[14]~reg0  ; clk        ; clk      ; None                        ; None                      ; 6.567 ns                ;
; N/A                                     ; 147.23 MHz ( period = 6.792 ns )                    ; counter_h[4]  ; hsync~reg0    ; clk        ; clk      ; None                        ; None                      ; 6.562 ns                ;
; N/A                                     ; 147.54 MHz ( period = 6.778 ns )                    ; counter_h[12] ; row[14]~reg0  ; clk        ; clk      ; None                        ; None                      ; 6.550 ns                ;
; N/A                                     ; 147.58 MHz ( period = 6.776 ns )                    ; counter_v[16] ; video_on~reg0 ; clk        ; clk      ; None                        ; None                      ; 6.536 ns                ;
; N/A                                     ; 148.02 MHz ( period = 6.756 ns )                    ; counter_h[15] ; row[14]~reg0  ; clk        ; clk      ; None                        ; None                      ; 6.525 ns                ;
; N/A                                     ; 148.28 MHz ( period = 6.744 ns )                    ; counter_v[3]  ; row[20]~reg0  ; clk        ; clk      ; None                        ; None                      ; 6.483 ns                ;
; N/A                                     ; 148.32 MHz ( period = 6.742 ns )                    ; counter_v[6]  ; row[9]~reg0   ; clk        ; clk      ; None                        ; None                      ; 6.507 ns                ;
; N/A                                     ; 148.41 MHz ( period = 6.738 ns )                    ; counter_h[29] ; row[14]~reg0  ; clk        ; clk      ; None                        ; None                      ; 6.507 ns                ;
; N/A                                     ; 148.52 MHz ( period = 6.733 ns )                    ; counter_v[3]  ; row[29]~reg0  ; clk        ; clk      ; None                        ; None                      ; 6.489 ns                ;
; N/A                                     ; 148.57 MHz ( period = 6.731 ns )                    ; counter_h[25] ; row[14]~reg0  ; clk        ; clk      ; None                        ; None                      ; 6.500 ns                ;
; N/A                                     ; 148.63 MHz ( period = 6.728 ns )                    ; counter_h[26] ; row[14]~reg0  ; clk        ; clk      ; None                        ; None                      ; 6.497 ns                ;
; N/A                                     ; 148.96 MHz ( period = 6.713 ns )                    ; counter_h[23] ; row[14]~reg0  ; clk        ; clk      ; None                        ; None                      ; 6.482 ns                ;
; N/A                                     ; 148.99 MHz ( period = 6.712 ns )                    ; counter_h[5]  ; hsync~reg0    ; clk        ; clk      ; None                        ; None                      ; 6.482 ns                ;
; N/A                                     ; 149.05 MHz ( period = 6.709 ns )                    ; counter_v[8]  ; row[9]~reg0   ; clk        ; clk      ; None                        ; None                      ; 6.478 ns                ;
; N/A                                     ; 149.14 MHz ( period = 6.705 ns )                    ; counter_h[27] ; row[14]~reg0  ; clk        ; clk      ; None                        ; None                      ; 6.474 ns                ;
; N/A                                     ; 149.19 MHz ( period = 6.703 ns )                    ; counter_h[4]  ; row[20]~reg0  ; clk        ; clk      ; None                        ; None                      ; 6.454 ns                ;
; N/A                                     ; 149.30 MHz ( period = 6.698 ns )                    ; counter_v[1]  ; counter_v[23] ; clk        ; clk      ; None                        ; None                      ; 6.458 ns                ;
; N/A                                     ; 149.45 MHz ( period = 6.691 ns )                    ; counter_h[4]  ; counter_v[16] ; clk        ; clk      ; None                        ; None                      ; 6.464 ns                ;
; N/A                                     ; 149.57 MHz ( period = 6.686 ns )                    ; counter_h[20] ; row[14]~reg0  ; clk        ; clk      ; None                        ; None                      ; 6.455 ns                ;
; N/A                                     ; 149.59 MHz ( period = 6.685 ns )                    ; counter_h[14] ; row[14]~reg0  ; clk        ; clk      ; None                        ; None                      ; 6.457 ns                ;
; N/A                                     ; 149.86 MHz ( period = 6.673 ns )                    ; counter_h[10] ; hsync~reg0    ; clk        ; clk      ; None                        ; None                      ; 6.439 ns                ;
; N/A                                     ; 150.08 MHz ( period = 6.663 ns )                    ; counter_h[4]  ; counter_v[2]  ; clk        ; clk      ; None                        ; None                      ; 6.431 ns                ;
; N/A                                     ; 150.15 MHz ( period = 6.660 ns )                    ; counter_h[0]  ; counter_v[14] ; clk        ; clk      ; None                        ; None                      ; 6.428 ns                ;
; N/A                                     ; 150.15 MHz ( period = 6.660 ns )                    ; counter_h[3]  ; row[20]~reg0  ; clk        ; clk      ; None                        ; None                      ; 6.411 ns                ;
; N/A                                     ; 150.20 MHz ( period = 6.658 ns )                    ; counter_h[9]  ; row[14]~reg0  ; clk        ; clk      ; None                        ; None                      ; 6.426 ns                ;
; N/A                                     ; 150.24 MHz ( period = 6.656 ns )                    ; counter_v[1]  ; counter_v[24] ; clk        ; clk      ; None                        ; None                      ; 6.416 ns                ;
; N/A                                     ; 150.38 MHz ( period = 6.650 ns )                    ; counter_h[28] ; row[20]~reg0  ; clk        ; clk      ; None                        ; None                      ; 6.398 ns                ;
; N/A                                     ; 150.40 MHz ( period = 6.649 ns )                    ; counter_v[7]  ; row[14]~reg0  ; clk        ; clk      ; None                        ; None                      ; 6.411 ns                ;
; N/A                                     ; 150.42 MHz ( period = 6.648 ns )                    ; counter_h[3]  ; counter_v[16] ; clk        ; clk      ; None                        ; None                      ; 6.421 ns                ;
; N/A                                     ; 150.53 MHz ( period = 6.643 ns )                    ; counter_h[22] ; row[14]~reg0  ; clk        ; clk      ; None                        ; None                      ; 6.412 ns                ;
; N/A                                     ; 150.63 MHz ( period = 6.639 ns )                    ; counter_h[6]  ; vsync~reg0    ; clk        ; clk      ; None                        ; None                      ; 6.407 ns                ;
; N/A                                     ; 150.65 MHz ( period = 6.638 ns )                    ; counter_h[4]  ; counter_v[10] ; clk        ; clk      ; None                        ; None                      ; 6.406 ns                ;
; N/A                                     ; 150.65 MHz ( period = 6.638 ns )                    ; counter_h[28] ; counter_v[16] ; clk        ; clk      ; None                        ; None                      ; 6.408 ns                ;
; N/A                                     ; 150.69 MHz ( period = 6.636 ns )                    ; counter_v[5]  ; row[20]~reg0  ; clk        ; clk      ; None                        ; None                      ; 6.375 ns                ;
; N/A                                     ; 150.72 MHz ( period = 6.635 ns )                    ; counter_v[4]  ; row[9]~reg0   ; clk        ; clk      ; None                        ; None                      ; 6.400 ns                ;
; N/A                                     ; 150.74 MHz ( period = 6.634 ns )                    ; counter_h[16] ; vsync~reg0    ; clk        ; clk      ; None                        ; None                      ; 6.403 ns                ;
; N/A                                     ; 150.76 MHz ( period = 6.633 ns )                    ; counter_h[16] ; video_on~reg0 ; clk        ; clk      ; None                        ; None                      ; 6.402 ns                ;
; N/A                                     ; 150.85 MHz ( period = 6.629 ns )                    ; counter_h[0]  ; counter_v[30] ; clk        ; clk      ; None                        ; None                      ; 6.401 ns                ;
; N/A                                     ; 150.88 MHz ( period = 6.628 ns )                    ; counter_h[18] ; row[14]~reg0  ; clk        ; clk      ; None                        ; None                      ; 6.397 ns                ;
; N/A                                     ; 150.92 MHz ( period = 6.626 ns )                    ; counter_v[9]  ; row[9]~reg0   ; clk        ; clk      ; None                        ; None                      ; 6.395 ns                ;
; N/A                                     ; 150.94 MHz ( period = 6.625 ns )                    ; counter_v[5]  ; row[29]~reg0  ; clk        ; clk      ; None                        ; None                      ; 6.381 ns                ;
; N/A                                     ; 151.06 MHz ( period = 6.620 ns )                    ; counter_h[3]  ; counter_v[2]  ; clk        ; clk      ; None                        ; None                      ; 6.388 ns                ;
; N/A                                     ; 151.06 MHz ( period = 6.620 ns )                    ; counter_h[7]  ; row[20]~reg0  ; clk        ; clk      ; None                        ; None                      ; 6.371 ns                ;
; N/A                                     ; 151.22 MHz ( period = 6.613 ns )                    ; counter_v[28] ; vsync~reg0    ; clk        ; clk      ; None                        ; None                      ; 6.374 ns                ;
; N/A                                     ; 151.29 MHz ( period = 6.610 ns )                    ; counter_h[28] ; counter_v[2]  ; clk        ; clk      ; None                        ; None                      ; 6.375 ns                ;
; N/A                                     ; 151.29 MHz ( period = 6.610 ns )                    ; counter_v[8]  ; row[14]~reg0  ; clk        ; clk      ; None                        ; None                      ; 6.378 ns                ;
; N/A                                     ; 151.31 MHz ( period = 6.609 ns )                    ; counter_h[0]  ; row[10]~reg0  ; clk        ; clk      ; None                        ; None                      ; 6.381 ns                ;
; N/A                                     ; 151.31 MHz ( period = 6.609 ns )                    ; counter_v[21] ; video_on~reg0 ; clk        ; clk      ; None                        ; None                      ; 6.369 ns                ;
; N/A                                     ; 151.33 MHz ( period = 6.608 ns )                    ; counter_h[7]  ; counter_v[16] ; clk        ; clk      ; None                        ; None                      ; 6.381 ns                ;
; N/A                                     ; 151.52 MHz ( period = 6.600 ns )                    ; counter_h[10] ; vsync~reg0    ; clk        ; clk      ; None                        ; None                      ; 6.368 ns                ;
; N/A                                     ; 151.52 MHz ( period = 6.600 ns )                    ; counter_v[14] ; row[9]~reg0   ; clk        ; clk      ; None                        ; None                      ; 6.366 ns                ;
; N/A                                     ; 151.63 MHz ( period = 6.595 ns )                    ; counter_h[3]  ; counter_v[10] ; clk        ; clk      ; None                        ; None                      ; 6.363 ns                ;
; N/A                                     ; 151.65 MHz ( period = 6.594 ns )                    ; counter_v[7]  ; row[9]~reg0   ; clk        ; clk      ; None                        ; None                      ; 6.357 ns                ;
; Timing analysis restricted to 200 rows. ; To change the limit use Settings (Assignments menu) ;               ;               ;            ;          ;                             ;                           ;                         ;
+-----------------------------------------+-----------------------------------------------------+---------------+---------------+------------+----------+-----------------------------+---------------------------+-------------------------+


+-------------------------------------------------------------------------------+
; tco                                                                           ;
+-------+--------------+------------+-----------------+------------+------------+
; Slack ; Required tco ; Actual tco ; From            ; To         ; From Clock ;
+-------+--------------+------------+-----------------+------------+------------+
; N/A   ; None         ; 9.120 ns   ; column[10]~reg0 ; column[10] ; clk        ;
; N/A   ; None         ; 8.989 ns   ; column[6]~reg0  ; column[6]  ; clk        ;
; N/A   ; None         ; 8.776 ns   ; column[19]~reg0 ; column[19] ; clk        ;
; N/A   ; None         ; 8.642 ns   ; row[12]~reg0    ; row[12]    ; clk        ;
; N/A   ; None         ; 8.594 ns   ; row[11]~reg0    ; row[11]    ; clk        ;
; N/A   ; None         ; 8.563 ns   ; vsync~reg0      ; vsync      ; clk        ;
; N/A   ; None         ; 8.517 ns   ; video_on~reg0   ; video_on   ; clk        ;
; N/A   ; None         ; 8.514 ns   ; row[30]~reg0    ; row[30]    ; clk        ;
; N/A   ; None         ; 8.505 ns   ; row[4]~reg0     ; row[4]     ; clk        ;
; N/A   ; None         ; 8.484 ns   ; row[15]~reg0    ; row[15]    ; clk        ;
; N/A   ; None         ; 8.432 ns   ; column[18]~reg0 ; column[18] ; clk        ;
; N/A   ; None         ; 8.410 ns   ; column[23]~reg0 ; column[23] ; clk        ;
; N/A   ; None         ; 8.356 ns   ; row[22]~reg0    ; row[22]    ; clk        ;
; N/A   ; None         ; 8.325 ns   ; column[30]~reg0 ; column[30] ; clk        ;
; N/A   ; None         ; 8.324 ns   ; row[17]~reg0    ; row[17]    ; clk        ;
; N/A   ; None         ; 8.303 ns   ; row[7]~reg0     ; row[7]     ; clk        ;
; N/A   ; None         ; 8.280 ns   ; column[15]~reg0 ; column[15] ; clk        ;
; N/A   ; None         ; 8.270 ns   ; row[5]~reg0     ; row[5]     ; clk        ;
; N/A   ; None         ; 8.246 ns   ; row[19]~reg0    ; row[19]    ; clk        ;
; N/A   ; None         ; 8.236 ns   ; column[17]~reg0 ; column[17] ; clk        ;
; N/A   ; None         ; 8.184 ns   ; row[9]~reg0     ; row[9]     ; clk        ;
; N/A   ; None         ; 8.047 ns   ; row[0]~reg0     ; row[0]     ; clk        ;
; N/A   ; None         ; 8.042 ns   ; row[23]~reg0    ; row[23]    ; clk        ;
; N/A   ; None         ; 8.023 ns   ; column[25]~reg0 ; column[25] ; clk        ;
; N/A   ; None         ; 8.020 ns   ; column[11]~reg0 ; column[11] ; clk        ;
; N/A   ; None         ; 8.019 ns   ; column[27]~reg0 ; column[27] ; clk        ;
; N/A   ; None         ; 8.019 ns   ; row[28]~reg0    ; row[28]    ; clk        ;
; N/A   ; None         ; 7.993 ns   ; row[27]~reg0    ; row[27]    ; clk        ;
; N/A   ; None         ; 7.973 ns   ; row[16]~reg0    ; row[16]    ; clk        ;
; N/A   ; None         ; 7.971 ns   ; row[2]~reg0     ; row[2]     ; clk        ;
; N/A   ; None         ; 7.967 ns   ; row[26]~reg0    ; row[26]    ; clk        ;
; N/A   ; None         ; 7.945 ns   ; column[3]~reg0  ; column[3]  ; clk        ;
; N/A   ; None         ; 7.938 ns   ; row[29]~reg0    ; row[29]    ; clk        ;
; N/A   ; None         ; 7.919 ns   ; row[14]~reg0    ; row[14]    ; clk        ;
; N/A   ; None         ; 7.917 ns   ; column[4]~reg0  ; column[4]  ; clk        ;
; N/A   ; None         ; 7.863 ns   ; row[24]~reg0    ; row[24]    ; clk        ;
; N/A   ; None         ; 7.817 ns   ; column[24]~reg0 ; column[24] ; clk        ;
; N/A   ; None         ; 7.756 ns   ; column[26]~reg0 ; column[26] ; clk        ;
; N/A   ; None         ; 7.732 ns   ; column[16]~reg0 ; column[16] ; clk        ;
; N/A   ; None         ; 7.710 ns   ; row[10]~reg0    ; row[10]    ; clk        ;
; N/A   ; None         ; 7.666 ns   ; hsync~reg0      ; hsync      ; clk        ;
; N/A   ; None         ; 7.665 ns   ; column[8]~reg0  ; column[8]  ; clk        ;
; N/A   ; None         ; 7.640 ns   ; row[21]~reg0    ; row[21]    ; clk        ;
; N/A   ; None         ; 7.639 ns   ; column[22]~reg0 ; column[22] ; clk        ;
; N/A   ; None         ; 7.638 ns   ; column[29]~reg0 ; column[29] ; clk        ;
; N/A   ; None         ; 7.631 ns   ; row[6]~reg0     ; row[6]     ; clk        ;
; N/A   ; None         ; 7.623 ns   ; row[13]~reg0    ; row[13]    ; clk        ;
; N/A   ; None         ; 7.603 ns   ; column[2]~reg0  ; column[2]  ; clk        ;
; N/A   ; None         ; 7.602 ns   ; column[21]~reg0 ; column[21] ; clk        ;
; N/A   ; None         ; 7.599 ns   ; row[3]~reg0     ; row[3]     ; clk        ;
; N/A   ; None         ; 7.594 ns   ; column[5]~reg0  ; column[5]  ; clk        ;
; N/A   ; None         ; 7.585 ns   ; row[18]~reg0    ; row[18]    ; clk        ;
; N/A   ; None         ; 7.565 ns   ; column[28]~reg0 ; column[28] ; clk        ;
; N/A   ; None         ; 7.477 ns   ; column[20]~reg0 ; column[20] ; clk        ;
; N/A   ; None         ; 7.358 ns   ; column[13]~reg0 ; column[13] ; clk        ;
; N/A   ; None         ; 7.351 ns   ; row[1]~reg0     ; row[1]     ; clk        ;
; N/A   ; None         ; 7.334 ns   ; column[0]~reg0  ; column[0]  ; clk        ;
; N/A   ; None         ; 7.312 ns   ; column[9]~reg0  ; column[9]  ; clk        ;
; N/A   ; None         ; 7.311 ns   ; column[7]~reg0  ; column[7]  ; clk        ;
; N/A   ; None         ; 7.270 ns   ; row[20]~reg0    ; row[20]    ; clk        ;
; N/A   ; None         ; 7.252 ns   ; row[8]~reg0     ; row[8]     ; clk        ;
; N/A   ; None         ; 7.250 ns   ; column[12]~reg0 ; column[12] ; clk        ;
; N/A   ; None         ; 7.245 ns   ; row[25]~reg0    ; row[25]    ; clk        ;
; N/A   ; None         ; 7.077 ns   ; column[1]~reg0  ; column[1]  ; clk        ;
; N/A   ; None         ; 7.067 ns   ; column[14]~reg0 ; column[14] ; clk        ;
+-------+--------------+------------+-----------------+------------+------------+


+--------------------------+
; Timing Analyzer Messages ;
+--------------------------+
Info: *******************************************************************
Info: Running Quartus II Classic Timing Analyzer
    Info: Version 9.0 Build 235 06/17/2009 Service Pack 2 SJ Web Edition
    Info: Processing started: Tue Mar 06 10:05:37 2018
Info: Command: quartus_tan --read_settings_files=off --write_settings_files=off VGA_Timer -c VGA_Timer --timing_analysis_only
Warning: Found pins functioning as undefined clocks and/or memory enables
    Info: Assuming node "clk" is an undefined clock
Info: Clock "clk" has Internal fmax of 120.44 MHz between source register "counter_v[26]" and destination register "video_on~reg0" (period= 8.303 ns)
    Info: + Longest register to register delay is 8.064 ns
        Info: 1: + IC(0.000 ns) + CELL(0.000 ns) = 0.000 ns; Loc. = LCFF_X20_Y16_N23; Fanout = 5; REG Node = 'counter_v[26]'
        Info: 2: + IC(1.164 ns) + CELL(0.177 ns) = 1.341 ns; Loc. = LCCOMB_X21_Y16_N4; Fanout = 1; COMB Node = 'Equal1~1'
        Info: 3: + IC(0.823 ns) + CELL(0.512 ns) = 2.676 ns; Loc. = LCCOMB_X23_Y16_N0; Fanout = 1; COMB Node = 'Equal1~4'
        Info: 4: + IC(0.297 ns) + CELL(0.178 ns) = 3.151 ns; Loc. = LCCOMB_X23_Y16_N26; Fanout = 4; COMB Node = 'Equal1~9'
        Info: 5: + IC(1.166 ns) + CELL(0.545 ns) = 4.862 ns; Loc. = LCCOMB_X16_Y16_N14; Fanout = 3; COMB Node = 'counter_v~69'
        Info: 6: + IC(0.310 ns) + CELL(0.319 ns) = 5.491 ns; Loc. = LCCOMB_X16_Y16_N24; Fanout = 3; COMB Node = 'LessThan5~0'
        Info: 7: + IC(1.163 ns) + CELL(0.322 ns) = 6.976 ns; Loc. = LCCOMB_X23_Y16_N6; Fanout = 1; COMB Node = 'LessThan5~2'
        Info: 8: + IC(0.543 ns) + CELL(0.449 ns) = 7.968 ns; Loc. = LCCOMB_X22_Y16_N8; Fanout = 1; COMB Node = 'process_0~41'
        Info: 9: + IC(0.000 ns) + CELL(0.096 ns) = 8.064 ns; Loc. = LCFF_X22_Y16_N9; Fanout = 1; REG Node = 'video_on~reg0'
        Info: Total cell delay = 2.598 ns ( 32.22 % )
        Info: Total interconnect delay = 5.466 ns ( 67.78 % )
    Info: - Smallest clock skew is 0.000 ns
        Info: + Shortest clock path from clock "clk" to destination register is 2.857 ns
            Info: 1: + IC(0.000 ns) + CELL(1.026 ns) = 1.026 ns; Loc. = PIN_M1; Fanout = 1; CLK Node = 'clk'
            Info: 2: + IC(0.238 ns) + CELL(0.000 ns) = 1.264 ns; Loc. = CLKCTRL_G3; Fanout = 127; COMB Node = 'clk~clkctrl'
            Info: 3: + IC(0.991 ns) + CELL(0.602 ns) = 2.857 ns; Loc. = LCFF_X22_Y16_N9; Fanout = 1; REG Node = 'video_on~reg0'
            Info: Total cell delay = 1.628 ns ( 56.98 % )
            Info: Total interconnect delay = 1.229 ns ( 43.02 % )
        Info: - Longest clock path from clock "clk" to source register is 2.857 ns
            Info: 1: + IC(0.000 ns) + CELL(1.026 ns) = 1.026 ns; Loc. = PIN_M1; Fanout = 1; CLK Node = 'clk'
            Info: 2: + IC(0.238 ns) + CELL(0.000 ns) = 1.264 ns; Loc. = CLKCTRL_G3; Fanout = 127; COMB Node = 'clk~clkctrl'
            Info: 3: + IC(0.991 ns) + CELL(0.602 ns) = 2.857 ns; Loc. = LCFF_X20_Y16_N23; Fanout = 5; REG Node = 'counter_v[26]'
            Info: Total cell delay = 1.628 ns ( 56.98 % )
            Info: Total interconnect delay = 1.229 ns ( 43.02 % )
    Info: + Micro clock to output delay of source is 0.277 ns
    Info: + Micro setup delay of destination is -0.038 ns
Info: tco from clock "clk" to destination pin "column[10]" through register "column[10]~reg0" is 9.120 ns
    Info: + Longest clock path from clock "clk" to source register is 2.850 ns
        Info: 1: + IC(0.000 ns) + CELL(1.026 ns) = 1.026 ns; Loc. = PIN_M1; Fanout = 1; CLK Node = 'clk'
        Info: 2: + IC(0.238 ns) + CELL(0.000 ns) = 1.264 ns; Loc. = CLKCTRL_G3; Fanout = 127; COMB Node = 'clk~clkctrl'
        Info: 3: + IC(0.984 ns) + CELL(0.602 ns) = 2.850 ns; Loc. = LCFF_X16_Y16_N3; Fanout = 1; REG Node = 'column[10]~reg0'
        Info: Total cell delay = 1.628 ns ( 57.12 % )
        Info: Total interconnect delay = 1.222 ns ( 42.88 % )
    Info: + Micro clock to output delay of source is 0.277 ns
    Info: + Longest register to pin delay is 5.993 ns
        Info: 1: + IC(0.000 ns) + CELL(0.000 ns) = 0.000 ns; Loc. = LCFF_X16_Y16_N3; Fanout = 1; REG Node = 'column[10]~reg0'
        Info: 2: + IC(3.163 ns) + CELL(2.830 ns) = 5.993 ns; Loc. = PIN_J20; Fanout = 0; PIN Node = 'column[10]'
        Info: Total cell delay = 2.830 ns ( 47.22 % )
        Info: Total interconnect delay = 3.163 ns ( 52.78 % )
Info: Quartus II Classic Timing Analyzer was successful. 0 errors, 1 warning
    Info: Peak virtual memory: 249 megabytes
    Info: Processing ended: Tue Mar 06 10:05:38 2018
    Info: Elapsed time: 00:00:01
    Info: Total CPU time (on all processors): 00:00:00


